# GEOMETRY:   SPHERICAL
1000
1	6.000775e-03	6.197074e-02
2	6.197074e-02	1.179407e-01
3	1.179407e-01	1.739107e-01
4	1.739107e-01	2.298807e-01
5	2.298807e-01	2.858506e-01
6	2.858506e-01	3.418206e-01
7	3.418206e-01	3.977906e-01
8	3.977906e-01	4.537605e-01
9	4.537605e-01	5.097305e-01
10	5.097305e-01	5.657005e-01
11	5.657005e-01	6.216704e-01
12	6.216704e-01	6.776404e-01
13	6.776404e-01	7.336104e-01
14	7.336104e-01	7.895803e-01
15	7.895803e-01	8.455503e-01
16	8.455503e-01	9.015203e-01
17	9.015203e-01	9.574903e-01
18	9.574903e-01	1.013460e+00
19	1.013460e+00	1.069430e+00
20	1.069430e+00	1.125400e+00
21	1.125400e+00	1.181370e+00
22	1.181370e+00	1.237340e+00
23	1.237340e+00	1.293310e+00
24	1.293310e+00	1.349280e+00
25	1.349280e+00	1.405250e+00
26	1.405250e+00	1.461220e+00
27	1.461220e+00	1.517190e+00
28	1.517190e+00	1.573160e+00
29	1.573160e+00	1.629130e+00
30	1.629130e+00	1.685100e+00
31	1.685100e+00	1.741070e+00
32	1.741070e+00	1.797040e+00
33	1.797040e+00	1.853010e+00
34	1.853010e+00	1.908980e+00
35	1.908980e+00	1.964950e+00
36	1.964950e+00	2.020920e+00
37	2.020920e+00	2.076890e+00
38	2.076890e+00	2.132860e+00
39	2.132860e+00	2.188830e+00
40	2.188830e+00	2.244800e+00
41	2.244800e+00	2.300770e+00
42	2.300770e+00	2.356739e+00
43	2.356739e+00	2.412709e+00
44	2.412709e+00	2.468679e+00
45	2.468679e+00	2.524649e+00
46	2.524649e+00	2.580619e+00
47	2.580619e+00	2.636589e+00
48	2.636589e+00	2.692559e+00
49	2.692559e+00	2.748529e+00
50	2.748529e+00	2.804499e+00
51	2.804499e+00	2.860469e+00
52	2.860469e+00	2.916439e+00
53	2.916439e+00	2.972409e+00
54	2.972409e+00	3.028379e+00
55	3.028379e+00	3.084349e+00
56	3.084349e+00	3.140319e+00
57	3.140319e+00	3.196289e+00
58	3.196289e+00	3.252259e+00
59	3.252259e+00	3.308229e+00
60	3.308229e+00	3.364199e+00
61	3.364199e+00	3.420169e+00
62	3.420169e+00	3.476139e+00
63	3.476139e+00	3.532109e+00
64	3.532109e+00	3.588079e+00
65	3.588079e+00	3.644049e+00
66	3.644049e+00	3.700019e+00
67	3.700019e+00	3.755989e+00
68	3.755989e+00	3.811959e+00
69	3.811959e+00	3.867929e+00
70	3.867929e+00	3.923899e+00
71	3.923899e+00	3.979869e+00
72	3.979869e+00	4.035839e+00
73	4.035839e+00	4.091809e+00
74	4.091809e+00	4.147778e+00
75	4.147778e+00	4.203748e+00
76	4.203748e+00	4.259718e+00
77	4.259718e+00	4.315688e+00
78	4.315688e+00	4.371658e+00
79	4.371658e+00	4.427628e+00
80	4.427628e+00	4.483598e+00
81	4.483598e+00	4.539568e+00
82	4.539568e+00	4.595538e+00
83	4.595538e+00	4.651508e+00
84	4.651508e+00	4.707478e+00
85	4.707478e+00	4.763448e+00
86	4.763448e+00	4.819418e+00
87	4.819418e+00	4.875388e+00
88	4.875388e+00	4.931358e+00
89	4.931358e+00	4.987328e+00
90	4.987328e+00	5.043298e+00
91	5.043298e+00	5.099268e+00
92	5.099268e+00	5.155238e+00
93	5.155238e+00	5.211208e+00
94	5.211208e+00	5.267178e+00
95	5.267178e+00	5.323148e+00
96	5.323148e+00	5.379118e+00
97	5.379118e+00	5.435088e+00
98	5.435088e+00	5.491058e+00
99	5.491058e+00	5.547028e+00
100	5.547028e+00	5.602998e+00
101	5.602998e+00	5.658968e+00
102	5.658968e+00	5.714938e+00
103	5.714938e+00	5.770908e+00
104	5.770908e+00	5.826878e+00
105	5.826878e+00	5.882848e+00
106	5.882848e+00	5.938818e+00
107	5.938818e+00	5.994787e+00
108	5.994787e+00	6.050757e+00
109	6.050757e+00	6.106727e+00
110	6.106727e+00	6.162697e+00
111	6.162697e+00	6.218667e+00
112	6.218667e+00	6.274637e+00
113	6.274637e+00	6.330607e+00
114	6.330607e+00	6.386577e+00
115	6.386577e+00	6.442547e+00
116	6.442547e+00	6.498517e+00
117	6.498517e+00	6.554487e+00
118	6.554487e+00	6.610457e+00
119	6.610457e+00	6.666427e+00
120	6.666427e+00	6.722397e+00
121	6.722397e+00	6.778367e+00
122	6.778367e+00	6.834337e+00
123	6.834337e+00	6.890307e+00
124	6.890307e+00	6.946277e+00
125	6.946277e+00	7.002247e+00
126	7.002247e+00	7.058217e+00
127	7.058217e+00	7.114187e+00
128	7.114187e+00	7.170157e+00
129	7.170157e+00	7.226127e+00
130	7.226127e+00	7.282097e+00
131	7.282097e+00	7.338067e+00
132	7.338067e+00	7.394037e+00
133	7.394037e+00	7.450007e+00
134	7.450007e+00	7.505977e+00
135	7.505977e+00	7.561947e+00
136	7.561947e+00	7.617917e+00
137	7.617917e+00	7.673887e+00
138	7.673887e+00	7.729857e+00
139	7.729857e+00	7.785826e+00
140	7.785826e+00	7.841796e+00
141	7.841796e+00	7.897766e+00
142	7.897766e+00	7.953736e+00
143	7.953736e+00	8.009706e+00
144	8.009706e+00	8.065676e+00
145	8.065676e+00	8.121646e+00
146	8.121646e+00	8.177616e+00
147	8.177616e+00	8.233586e+00
148	8.233586e+00	8.289556e+00
149	8.289556e+00	8.345526e+00
150	8.345526e+00	8.401496e+00
151	8.401496e+00	8.457466e+00
152	8.457466e+00	8.513436e+00
153	8.513436e+00	8.569406e+00
154	8.569406e+00	8.625376e+00
155	8.625376e+00	8.681346e+00
156	8.681346e+00	8.737316e+00
157	8.737316e+00	8.793286e+00
158	8.793286e+00	8.849256e+00
159	8.849256e+00	8.905226e+00
160	8.905226e+00	8.961196e+00
161	8.961196e+00	9.017166e+00
162	9.017166e+00	9.073136e+00
163	9.073136e+00	9.129106e+00
164	9.129106e+00	9.185076e+00
165	9.185076e+00	9.241046e+00
166	9.241046e+00	9.297016e+00
167	9.297016e+00	9.352986e+00
168	9.352986e+00	9.408956e+00
169	9.408956e+00	9.464926e+00
170	9.464926e+00	9.520896e+00
171	9.520896e+00	9.576866e+00
172	9.576866e+00	9.632835e+00
173	9.632835e+00	9.688805e+00
174	9.688805e+00	9.744775e+00
175	9.744775e+00	9.800745e+00
176	9.800745e+00	9.856715e+00
177	9.856715e+00	9.912685e+00
178	9.912685e+00	9.968655e+00
179	9.968655e+00	1.002463e+01
180	1.002463e+01	1.008060e+01
181	1.008060e+01	1.013657e+01
182	1.013657e+01	1.019254e+01
183	1.019254e+01	1.024851e+01
184	1.024851e+01	1.030448e+01
185	1.030448e+01	1.036045e+01
186	1.036045e+01	1.041642e+01
187	1.041642e+01	1.047239e+01
188	1.047239e+01	1.052835e+01
189	1.052835e+01	1.058432e+01
190	1.058432e+01	1.064029e+01
191	1.064029e+01	1.069626e+01
192	1.069626e+01	1.075223e+01
193	1.075223e+01	1.080820e+01
194	1.080820e+01	1.086417e+01
195	1.086417e+01	1.092014e+01
196	1.092014e+01	1.097611e+01
197	1.097611e+01	1.103208e+01
198	1.103208e+01	1.108805e+01
199	1.108805e+01	1.114402e+01
200	1.114402e+01	1.119999e+01
201	1.119999e+01	1.125596e+01
202	1.125596e+01	1.131193e+01
203	1.131193e+01	1.136790e+01
204	1.136790e+01	1.142387e+01
205	1.142387e+01	1.147984e+01
206	1.147984e+01	1.153581e+01
207	1.153581e+01	1.159178e+01
208	1.159178e+01	1.164775e+01
209	1.164775e+01	1.170372e+01
210	1.170372e+01	1.175969e+01
211	1.175969e+01	1.181566e+01
212	1.181566e+01	1.187163e+01
213	1.187163e+01	1.192760e+01
214	1.192760e+01	1.198357e+01
215	1.198357e+01	1.203954e+01
216	1.203954e+01	1.209551e+01
217	1.209551e+01	1.215148e+01
218	1.215148e+01	1.220745e+01
219	1.220745e+01	1.226342e+01
220	1.226342e+01	1.231939e+01
221	1.231939e+01	1.237536e+01
222	1.237536e+01	1.243133e+01
223	1.243133e+01	1.248730e+01
224	1.248730e+01	1.254327e+01
225	1.254327e+01	1.259924e+01
226	1.259924e+01	1.265521e+01
227	1.265521e+01	1.271118e+01
228	1.271118e+01	1.276715e+01
229	1.276715e+01	1.282312e+01
230	1.282312e+01	1.287909e+01
231	1.287909e+01	1.293506e+01
232	1.293506e+01	1.299103e+01
233	1.299103e+01	1.304700e+01
234	1.304700e+01	1.310297e+01
235	1.310297e+01	1.315894e+01
236	1.315894e+01	1.321491e+01
237	1.321491e+01	1.327088e+01
238	1.327088e+01	1.332685e+01
239	1.332685e+01	1.338282e+01
240	1.338282e+01	1.343879e+01
241	1.343879e+01	1.349476e+01
242	1.349476e+01	1.355073e+01
243	1.355073e+01	1.360670e+01
244	1.360670e+01	1.366267e+01
245	1.366267e+01	1.371864e+01
246	1.371864e+01	1.377461e+01
247	1.377461e+01	1.383058e+01
248	1.383058e+01	1.388655e+01
249	1.388655e+01	1.394252e+01
250	1.394252e+01	1.399849e+01
251	1.399849e+01	1.405446e+01
252	1.405446e+01	1.411043e+01
253	1.411043e+01	1.416640e+01
254	1.416640e+01	1.422237e+01
255	1.422237e+01	1.427834e+01
256	1.427834e+01	1.433431e+01
257	1.433431e+01	1.439028e+01
258	1.439028e+01	1.444625e+01
259	1.444625e+01	1.450222e+01
260	1.450222e+01	1.455819e+01
261	1.455819e+01	1.461416e+01
262	1.461416e+01	1.467013e+01
263	1.467013e+01	1.472610e+01
264	1.472610e+01	1.478207e+01
265	1.478207e+01	1.483804e+01
266	1.483804e+01	1.489401e+01
267	1.489401e+01	1.494998e+01
268	1.494998e+01	1.500595e+01
269	1.500595e+01	1.506192e+01
270	1.506192e+01	1.511789e+01
271	1.511789e+01	1.517386e+01
272	1.517386e+01	1.522983e+01
273	1.522983e+01	1.528580e+01
274	1.528580e+01	1.534177e+01
275	1.534177e+01	1.539774e+01
276	1.539774e+01	1.545371e+01
277	1.545371e+01	1.550968e+01
278	1.550968e+01	1.556565e+01
279	1.556565e+01	1.562162e+01
280	1.562162e+01	1.567759e+01
281	1.567759e+01	1.573356e+01
282	1.573356e+01	1.578953e+01
283	1.578953e+01	1.584550e+01
284	1.584550e+01	1.590147e+01
285	1.590147e+01	1.595744e+01
286	1.595744e+01	1.601341e+01
287	1.601341e+01	1.606938e+01
288	1.606938e+01	1.612535e+01
289	1.612535e+01	1.618132e+01
290	1.618132e+01	1.623729e+01
291	1.623729e+01	1.629326e+01
292	1.629326e+01	1.634923e+01
293	1.634923e+01	1.640520e+01
294	1.640520e+01	1.646117e+01
295	1.646117e+01	1.651714e+01
296	1.651714e+01	1.657311e+01
297	1.657311e+01	1.662908e+01
298	1.662908e+01	1.668505e+01
299	1.668505e+01	1.674102e+01
300	1.674102e+01	1.679699e+01
301	1.679699e+01	1.685296e+01
302	1.685296e+01	1.690893e+01
303	1.690893e+01	1.696490e+01
304	1.696490e+01	1.702087e+01
305	1.702087e+01	1.707684e+01
306	1.707684e+01	1.713281e+01
307	1.713281e+01	1.718878e+01
308	1.718878e+01	1.724475e+01
309	1.724475e+01	1.730072e+01
310	1.730072e+01	1.735669e+01
311	1.735669e+01	1.741266e+01
312	1.741266e+01	1.746863e+01
313	1.746863e+01	1.752460e+01
314	1.752460e+01	1.758057e+01
315	1.758057e+01	1.763654e+01
316	1.763654e+01	1.769251e+01
317	1.769251e+01	1.774848e+01
318	1.774848e+01	1.780445e+01
319	1.780445e+01	1.786042e+01
320	1.786042e+01	1.791639e+01
321	1.791639e+01	1.797236e+01
322	1.797236e+01	1.802833e+01
323	1.802833e+01	1.808430e+01
324	1.808430e+01	1.814027e+01
325	1.814027e+01	1.819624e+01
326	1.819624e+01	1.825221e+01
327	1.825221e+01	1.830818e+01
328	1.830818e+01	1.836415e+01
329	1.836415e+01	1.842012e+01
330	1.842012e+01	1.847609e+01
331	1.847609e+01	1.853206e+01
332	1.853206e+01	1.858803e+01
333	1.858803e+01	1.864400e+01
334	1.864400e+01	1.869997e+01
335	1.869997e+01	1.875594e+01
336	1.875594e+01	1.881191e+01
337	1.881191e+01	1.886788e+01
338	1.886788e+01	1.892385e+01
339	1.892385e+01	1.897982e+01
340	1.897982e+01	1.903579e+01
341	1.903579e+01	1.909176e+01
342	1.909176e+01	1.914773e+01
343	1.914773e+01	1.920370e+01
344	1.920370e+01	1.925967e+01
345	1.925967e+01	1.931564e+01
346	1.931564e+01	1.937161e+01
347	1.937161e+01	1.942758e+01
348	1.942758e+01	1.948355e+01
349	1.948355e+01	1.953952e+01
350	1.953952e+01	1.959549e+01
351	1.959549e+01	1.965146e+01
352	1.965146e+01	1.970743e+01
353	1.970743e+01	1.976340e+01
354	1.976340e+01	1.981937e+01
355	1.981937e+01	1.987534e+01
356	1.987534e+01	1.993131e+01
357	1.993131e+01	1.998728e+01
358	1.998728e+01	2.004325e+01
359	2.004325e+01	2.009922e+01
360	2.009922e+01	2.015519e+01
361	2.015519e+01	2.021116e+01
362	2.021116e+01	2.026713e+01
363	2.026713e+01	2.032310e+01
364	2.032310e+01	2.037907e+01
365	2.037907e+01	2.043504e+01
366	2.043504e+01	2.049101e+01
367	2.049101e+01	2.054698e+01
368	2.054698e+01	2.060295e+01
369	2.060295e+01	2.065892e+01
370	2.065892e+01	2.071489e+01
371	2.071489e+01	2.077086e+01
372	2.077086e+01	2.082683e+01
373	2.082683e+01	2.088280e+01
374	2.088280e+01	2.093877e+01
375	2.093877e+01	2.099474e+01
376	2.099474e+01	2.105071e+01
377	2.105071e+01	2.110668e+01
378	2.110668e+01	2.116265e+01
379	2.116265e+01	2.121862e+01
380	2.121862e+01	2.127459e+01
381	2.127459e+01	2.133056e+01
382	2.133056e+01	2.138653e+01
383	2.138653e+01	2.144250e+01
384	2.144250e+01	2.149847e+01
385	2.149847e+01	2.155444e+01
386	2.155444e+01	2.161041e+01
387	2.161041e+01	2.166638e+01
388	2.166638e+01	2.172235e+01
389	2.172235e+01	2.177832e+01
390	2.177832e+01	2.183429e+01
391	2.183429e+01	2.189026e+01
392	2.189026e+01	2.194623e+01
393	2.194623e+01	2.200220e+01
394	2.200220e+01	2.205817e+01
395	2.205817e+01	2.211414e+01
396	2.211414e+01	2.217011e+01
397	2.217011e+01	2.222608e+01
398	2.222608e+01	2.228205e+01
399	2.228205e+01	2.233802e+01
400	2.233802e+01	2.239399e+01
401	2.239399e+01	2.244996e+01
402	2.244996e+01	2.250593e+01
403	2.250593e+01	2.256190e+01
404	2.256190e+01	2.261787e+01
405	2.261787e+01	2.267384e+01
406	2.267384e+01	2.272981e+01
407	2.272981e+01	2.278578e+01
408	2.278578e+01	2.284175e+01
409	2.284175e+01	2.289772e+01
410	2.289772e+01	2.295369e+01
411	2.295369e+01	2.300966e+01
412	2.300966e+01	2.306563e+01
413	2.306563e+01	2.312160e+01
414	2.312160e+01	2.317757e+01
415	2.317757e+01	2.323354e+01
416	2.323354e+01	2.328951e+01
417	2.328951e+01	2.334548e+01
418	2.334548e+01	2.340145e+01
419	2.340145e+01	2.345742e+01
420	2.345742e+01	2.351339e+01
421	2.351339e+01	2.356936e+01
422	2.356936e+01	2.362533e+01
423	2.362533e+01	2.368130e+01
424	2.368130e+01	2.373727e+01
425	2.373727e+01	2.379324e+01
426	2.379324e+01	2.384921e+01
427	2.384921e+01	2.390518e+01
428	2.390518e+01	2.396115e+01
429	2.396115e+01	2.401712e+01
430	2.401712e+01	2.407309e+01
431	2.407309e+01	2.412906e+01
432	2.412906e+01	2.418503e+01
433	2.418503e+01	2.424100e+01
434	2.424100e+01	2.429697e+01
435	2.429697e+01	2.435294e+01
436	2.435294e+01	2.440891e+01
437	2.440891e+01	2.446488e+01
438	2.446488e+01	2.452085e+01
439	2.452085e+01	2.457682e+01
440	2.457682e+01	2.463279e+01
441	2.463279e+01	2.468876e+01
442	2.468876e+01	2.474473e+01
443	2.474473e+01	2.480070e+01
444	2.480070e+01	2.485667e+01
445	2.485667e+01	2.491264e+01
446	2.491264e+01	2.496861e+01
447	2.496861e+01	2.502458e+01
448	2.502458e+01	2.508055e+01
449	2.508055e+01	2.513652e+01
450	2.513652e+01	2.519249e+01
451	2.519249e+01	2.524846e+01
452	2.524846e+01	2.530443e+01
453	2.530443e+01	2.536040e+01
454	2.536040e+01	2.541637e+01
455	2.541637e+01	2.547234e+01
456	2.547234e+01	2.552831e+01
457	2.552831e+01	2.558428e+01
458	2.558428e+01	2.564025e+01
459	2.564025e+01	2.569622e+01
460	2.569622e+01	2.575219e+01
461	2.575219e+01	2.580816e+01
462	2.580816e+01	2.586413e+01
463	2.586413e+01	2.592010e+01
464	2.592010e+01	2.597607e+01
465	2.597607e+01	2.603204e+01
466	2.603204e+01	2.608801e+01
467	2.608801e+01	2.614398e+01
468	2.614398e+01	2.619995e+01
469	2.619995e+01	2.625592e+01
470	2.625592e+01	2.631189e+01
471	2.631189e+01	2.636786e+01
472	2.636786e+01	2.642383e+01
473	2.642383e+01	2.647980e+01
474	2.647980e+01	2.653577e+01
475	2.653577e+01	2.659174e+01
476	2.659174e+01	2.664771e+01
477	2.664771e+01	2.670368e+01
478	2.670368e+01	2.675965e+01
479	2.675965e+01	2.681562e+01
480	2.681562e+01	2.687159e+01
481	2.687159e+01	2.692756e+01
482	2.692756e+01	2.698353e+01
483	2.698353e+01	2.703950e+01
484	2.703950e+01	2.709547e+01
485	2.709547e+01	2.715144e+01
486	2.715144e+01	2.720741e+01
487	2.720741e+01	2.726338e+01
488	2.726338e+01	2.731935e+01
489	2.731935e+01	2.737532e+01
490	2.737532e+01	2.743129e+01
491	2.743129e+01	2.748726e+01
492	2.748726e+01	2.754323e+01
493	2.754323e+01	2.759920e+01
494	2.759920e+01	2.765517e+01
495	2.765517e+01	2.771114e+01
496	2.771114e+01	2.776711e+01
497	2.776711e+01	2.782308e+01
498	2.782308e+01	2.787905e+01
499	2.787905e+01	2.793502e+01
500	2.793502e+01	2.799099e+01
501	2.799099e+01	2.804696e+01
502	2.804696e+01	2.810293e+01
503	2.810293e+01	2.815890e+01
504	2.815890e+01	2.821487e+01
505	2.821487e+01	2.827084e+01
506	2.827084e+01	2.832681e+01
507	2.832681e+01	2.838278e+01
508	2.838278e+01	2.843875e+01
509	2.843875e+01	2.849472e+01
510	2.849472e+01	2.855069e+01
511	2.855069e+01	2.860666e+01
512	2.860666e+01	2.866263e+01
513	2.866263e+01	2.871859e+01
514	2.871859e+01	2.877456e+01
515	2.877456e+01	2.883053e+01
516	2.883053e+01	2.888650e+01
517	2.888650e+01	2.894247e+01
518	2.894247e+01	2.899844e+01
519	2.899844e+01	2.905441e+01
520	2.905441e+01	2.911038e+01
521	2.911038e+01	2.916635e+01
522	2.916635e+01	2.922232e+01
523	2.922232e+01	2.927829e+01
524	2.927829e+01	2.933426e+01
525	2.933426e+01	2.939023e+01
526	2.939023e+01	2.944620e+01
527	2.944620e+01	2.950217e+01
528	2.950217e+01	2.955814e+01
529	2.955814e+01	2.961411e+01
530	2.961411e+01	2.967008e+01
531	2.967008e+01	2.972605e+01
532	2.972605e+01	2.978202e+01
533	2.978202e+01	2.983799e+01
534	2.983799e+01	2.989396e+01
535	2.989396e+01	2.994993e+01
536	2.994993e+01	3.000590e+01
537	3.000590e+01	3.006187e+01
538	3.006187e+01	3.011784e+01
539	3.011784e+01	3.017381e+01
540	3.017381e+01	3.022978e+01
541	3.022978e+01	3.028575e+01
542	3.028575e+01	3.034172e+01
543	3.034172e+01	3.039769e+01
544	3.039769e+01	3.045366e+01
545	3.045366e+01	3.050963e+01
546	3.050963e+01	3.056560e+01
547	3.056560e+01	3.062157e+01
548	3.062157e+01	3.067754e+01
549	3.067754e+01	3.073351e+01
550	3.073351e+01	3.078948e+01
551	3.078948e+01	3.084545e+01
552	3.084545e+01	3.090142e+01
553	3.090142e+01	3.095739e+01
554	3.095739e+01	3.101336e+01
555	3.101336e+01	3.106933e+01
556	3.106933e+01	3.112530e+01
557	3.112530e+01	3.118127e+01
558	3.118127e+01	3.123724e+01
559	3.123724e+01	3.129321e+01
560	3.129321e+01	3.134918e+01
561	3.134918e+01	3.140515e+01
562	3.140515e+01	3.146112e+01
563	3.146112e+01	3.151709e+01
564	3.151709e+01	3.157306e+01
565	3.157306e+01	3.162903e+01
566	3.162903e+01	3.168500e+01
567	3.168500e+01	3.174097e+01
568	3.174097e+01	3.179694e+01
569	3.179694e+01	3.185291e+01
570	3.185291e+01	3.190888e+01
571	3.190888e+01	3.196485e+01
572	3.196485e+01	3.202082e+01
573	3.202082e+01	3.207679e+01
574	3.207679e+01	3.213276e+01
575	3.213276e+01	3.218873e+01
576	3.218873e+01	3.224470e+01
577	3.224470e+01	3.230067e+01
578	3.230067e+01	3.235664e+01
579	3.235664e+01	3.241261e+01
580	3.241261e+01	3.246858e+01
581	3.246858e+01	3.252455e+01
582	3.252455e+01	3.258052e+01
583	3.258052e+01	3.263649e+01
584	3.263649e+01	3.269246e+01
585	3.269246e+01	3.274843e+01
586	3.274843e+01	3.280440e+01
587	3.280440e+01	3.286037e+01
588	3.286037e+01	3.291634e+01
589	3.291634e+01	3.297231e+01
590	3.297231e+01	3.302828e+01
591	3.302828e+01	3.308425e+01
592	3.308425e+01	3.314022e+01
593	3.314022e+01	3.319619e+01
594	3.319619e+01	3.325216e+01
595	3.325216e+01	3.330813e+01
596	3.330813e+01	3.336410e+01
597	3.336410e+01	3.342007e+01
598	3.342007e+01	3.347604e+01
599	3.347604e+01	3.353201e+01
600	3.353201e+01	3.358798e+01
601	3.358798e+01	3.364395e+01
602	3.364395e+01	3.369992e+01
603	3.369992e+01	3.375589e+01
604	3.375589e+01	3.381186e+01
605	3.381186e+01	3.386783e+01
606	3.386783e+01	3.392380e+01
607	3.392380e+01	3.397977e+01
608	3.397977e+01	3.403574e+01
609	3.403574e+01	3.409171e+01
610	3.409171e+01	3.414768e+01
611	3.414768e+01	3.420365e+01
612	3.420365e+01	3.425962e+01
613	3.425962e+01	3.431559e+01
614	3.431559e+01	3.437156e+01
615	3.437156e+01	3.442753e+01
616	3.442753e+01	3.448350e+01
617	3.448350e+01	3.453947e+01
618	3.453947e+01	3.459544e+01
619	3.459544e+01	3.465141e+01
620	3.465141e+01	3.470738e+01
621	3.470738e+01	3.476335e+01
622	3.476335e+01	3.481932e+01
623	3.481932e+01	3.487529e+01
624	3.487529e+01	3.493126e+01
625	3.493126e+01	3.498723e+01
626	3.498723e+01	3.504320e+01
627	3.504320e+01	3.509917e+01
628	3.509917e+01	3.515514e+01
629	3.515514e+01	3.521111e+01
630	3.521111e+01	3.526708e+01
631	3.526708e+01	3.532305e+01
632	3.532305e+01	3.537902e+01
633	3.537902e+01	3.543499e+01
634	3.543499e+01	3.549096e+01
635	3.549096e+01	3.554693e+01
636	3.554693e+01	3.560290e+01
637	3.560290e+01	3.565887e+01
638	3.565887e+01	3.571484e+01
639	3.571484e+01	3.577081e+01
640	3.577081e+01	3.582678e+01
641	3.582678e+01	3.588275e+01
642	3.588275e+01	3.593872e+01
643	3.593872e+01	3.599469e+01
644	3.599469e+01	3.605066e+01
645	3.605066e+01	3.610663e+01
646	3.610663e+01	3.616260e+01
647	3.616260e+01	3.621857e+01
648	3.621857e+01	3.627454e+01
649	3.627454e+01	3.633051e+01
650	3.633051e+01	3.638648e+01
651	3.638648e+01	3.644245e+01
652	3.644245e+01	3.649842e+01
653	3.649842e+01	3.655439e+01
654	3.655439e+01	3.661036e+01
655	3.661036e+01	3.666633e+01
656	3.666633e+01	3.672230e+01
657	3.672230e+01	3.677827e+01
658	3.677827e+01	3.683424e+01
659	3.683424e+01	3.689021e+01
660	3.689021e+01	3.694618e+01
661	3.694618e+01	3.700215e+01
662	3.700215e+01	3.705812e+01
663	3.705812e+01	3.711409e+01
664	3.711409e+01	3.717006e+01
665	3.717006e+01	3.722603e+01
666	3.722603e+01	3.728200e+01
667	3.728200e+01	3.733797e+01
668	3.733797e+01	3.739394e+01
669	3.739394e+01	3.744991e+01
670	3.744991e+01	3.750588e+01
671	3.750588e+01	3.756185e+01
672	3.756185e+01	3.761782e+01
673	3.761782e+01	3.767379e+01
674	3.767379e+01	3.772976e+01
675	3.772976e+01	3.778573e+01
676	3.778573e+01	3.784170e+01
677	3.784170e+01	3.789767e+01
678	3.789767e+01	3.795364e+01
679	3.795364e+01	3.800961e+01
680	3.800961e+01	3.806558e+01
681	3.806558e+01	3.812155e+01
682	3.812155e+01	3.817752e+01
683	3.817752e+01	3.823349e+01
684	3.823349e+01	3.828946e+01
685	3.828946e+01	3.834543e+01
686	3.834543e+01	3.840140e+01
687	3.840140e+01	3.845737e+01
688	3.845737e+01	3.851334e+01
689	3.851334e+01	3.856931e+01
690	3.856931e+01	3.862528e+01
691	3.862528e+01	3.868125e+01
692	3.868125e+01	3.873722e+01
693	3.873722e+01	3.879319e+01
694	3.879319e+01	3.884916e+01
695	3.884916e+01	3.890513e+01
696	3.890513e+01	3.896110e+01
697	3.896110e+01	3.901707e+01
698	3.901707e+01	3.907304e+01
699	3.907304e+01	3.912901e+01
700	3.912901e+01	3.918498e+01
701	3.918498e+01	3.924095e+01
702	3.924095e+01	3.929692e+01
703	3.929692e+01	3.935289e+01
704	3.935289e+01	3.940886e+01
705	3.940886e+01	3.946483e+01
706	3.946483e+01	3.952080e+01
707	3.952080e+01	3.957677e+01
708	3.957677e+01	3.963274e+01
709	3.963274e+01	3.968871e+01
710	3.968871e+01	3.974468e+01
711	3.974468e+01	3.980065e+01
712	3.980065e+01	3.985662e+01
713	3.985662e+01	3.991259e+01
714	3.991259e+01	3.996856e+01
715	3.996856e+01	4.002453e+01
716	4.002453e+01	4.008050e+01
717	4.008050e+01	4.013647e+01
718	4.013647e+01	4.019244e+01
719	4.019244e+01	4.024841e+01
720	4.024841e+01	4.030438e+01
721	4.030438e+01	4.036035e+01
722	4.036035e+01	4.041632e+01
723	4.041632e+01	4.047229e+01
724	4.047229e+01	4.052826e+01
725	4.052826e+01	4.058423e+01
726	4.058423e+01	4.064020e+01
727	4.064020e+01	4.069617e+01
728	4.069617e+01	4.075214e+01
729	4.075214e+01	4.080811e+01
730	4.080811e+01	4.086408e+01
731	4.086408e+01	4.092005e+01
732	4.092005e+01	4.097602e+01
733	4.097602e+01	4.103199e+01
734	4.103199e+01	4.108796e+01
735	4.108796e+01	4.114393e+01
736	4.114393e+01	4.119990e+01
737	4.119990e+01	4.125587e+01
738	4.125587e+01	4.131184e+01
739	4.131184e+01	4.136781e+01
740	4.136781e+01	4.142378e+01
741	4.142378e+01	4.147975e+01
742	4.147975e+01	4.153572e+01
743	4.153572e+01	4.159169e+01
744	4.159169e+01	4.164766e+01
745	4.164766e+01	4.170363e+01
746	4.170363e+01	4.175960e+01
747	4.175960e+01	4.181557e+01
748	4.181557e+01	4.187154e+01
749	4.187154e+01	4.192751e+01
750	4.192751e+01	4.198348e+01
751	4.198348e+01	4.203945e+01
752	4.203945e+01	4.209542e+01
753	4.209542e+01	4.215139e+01
754	4.215139e+01	4.220736e+01
755	4.220736e+01	4.226333e+01
756	4.226333e+01	4.231930e+01
757	4.231930e+01	4.237527e+01
758	4.237527e+01	4.243124e+01
759	4.243124e+01	4.248721e+01
760	4.248721e+01	4.254318e+01
761	4.254318e+01	4.259915e+01
762	4.259915e+01	4.265512e+01
763	4.265512e+01	4.271109e+01
764	4.271109e+01	4.276706e+01
765	4.276706e+01	4.282303e+01
766	4.282303e+01	4.287900e+01
767	4.287900e+01	4.293497e+01
768	4.293497e+01	4.299094e+01
769	4.299094e+01	4.304691e+01
770	4.304691e+01	4.310288e+01
771	4.310288e+01	4.315885e+01
772	4.315885e+01	4.321482e+01
773	4.321482e+01	4.327079e+01
774	4.327079e+01	4.332676e+01
775	4.332676e+01	4.338273e+01
776	4.338273e+01	4.343870e+01
777	4.343870e+01	4.349467e+01
778	4.349467e+01	4.355064e+01
779	4.355064e+01	4.360661e+01
780	4.360661e+01	4.366258e+01
781	4.366258e+01	4.371855e+01
782	4.371855e+01	4.377452e+01
783	4.377452e+01	4.383049e+01
784	4.383049e+01	4.388646e+01
785	4.388646e+01	4.394243e+01
786	4.394243e+01	4.399840e+01
787	4.399840e+01	4.405437e+01
788	4.405437e+01	4.411034e+01
789	4.411034e+01	4.416631e+01
790	4.416631e+01	4.422228e+01
791	4.422228e+01	4.427825e+01
792	4.427825e+01	4.433422e+01
793	4.433422e+01	4.439019e+01
794	4.439019e+01	4.444616e+01
795	4.444616e+01	4.450213e+01
796	4.450213e+01	4.455810e+01
797	4.455810e+01	4.461407e+01
798	4.461407e+01	4.467004e+01
799	4.467004e+01	4.472601e+01
800	4.472601e+01	4.478198e+01
801	4.478198e+01	4.483795e+01
802	4.483795e+01	4.489392e+01
803	4.489392e+01	4.494989e+01
804	4.494989e+01	4.500586e+01
805	4.500586e+01	4.506183e+01
806	4.506183e+01	4.511780e+01
807	4.511780e+01	4.517377e+01
808	4.517377e+01	4.522974e+01
809	4.522974e+01	4.528571e+01
810	4.528571e+01	4.534168e+01
811	4.534168e+01	4.539765e+01
812	4.539765e+01	4.545362e+01
813	4.545362e+01	4.550959e+01
814	4.550959e+01	4.556556e+01
815	4.556556e+01	4.562153e+01
816	4.562153e+01	4.567750e+01
817	4.567750e+01	4.573347e+01
818	4.573347e+01	4.578944e+01
819	4.578944e+01	4.584541e+01
820	4.584541e+01	4.590138e+01
821	4.590138e+01	4.595735e+01
822	4.595735e+01	4.601332e+01
823	4.601332e+01	4.606929e+01
824	4.606929e+01	4.612526e+01
825	4.612526e+01	4.618123e+01
826	4.618123e+01	4.623720e+01
827	4.623720e+01	4.629317e+01
828	4.629317e+01	4.634914e+01
829	4.634914e+01	4.640511e+01
830	4.640511e+01	4.646108e+01
831	4.646108e+01	4.651705e+01
832	4.651705e+01	4.657302e+01
833	4.657302e+01	4.662899e+01
834	4.662899e+01	4.668496e+01
835	4.668496e+01	4.674093e+01
836	4.674093e+01	4.679690e+01
837	4.679690e+01	4.685286e+01
838	4.685286e+01	4.690883e+01
839	4.690883e+01	4.696480e+01
840	4.696480e+01	4.702077e+01
841	4.702077e+01	4.707674e+01
842	4.707674e+01	4.713271e+01
843	4.713271e+01	4.718868e+01
844	4.718868e+01	4.724465e+01
845	4.724465e+01	4.730062e+01
846	4.730062e+01	4.735659e+01
847	4.735659e+01	4.741256e+01
848	4.741256e+01	4.746853e+01
849	4.746853e+01	4.752450e+01
850	4.752450e+01	4.758047e+01
851	4.758047e+01	4.763644e+01
852	4.763644e+01	4.769241e+01
853	4.769241e+01	4.774838e+01
854	4.774838e+01	4.780435e+01
855	4.780435e+01	4.786032e+01
856	4.786032e+01	4.791629e+01
857	4.791629e+01	4.797226e+01
858	4.797226e+01	4.802823e+01
859	4.802823e+01	4.808420e+01
860	4.808420e+01	4.814017e+01
861	4.814017e+01	4.819614e+01
862	4.819614e+01	4.825211e+01
863	4.825211e+01	4.830808e+01
864	4.830808e+01	4.836405e+01
865	4.836405e+01	4.842002e+01
866	4.842002e+01	4.847599e+01
867	4.847599e+01	4.853196e+01
868	4.853196e+01	4.858793e+01
869	4.858793e+01	4.864390e+01
870	4.864390e+01	4.869987e+01
871	4.869987e+01	4.875584e+01
872	4.875584e+01	4.881181e+01
873	4.881181e+01	4.886778e+01
874	4.886778e+01	4.892375e+01
875	4.892375e+01	4.897972e+01
876	4.897972e+01	4.903569e+01
877	4.903569e+01	4.909166e+01
878	4.909166e+01	4.914763e+01
879	4.914763e+01	4.920360e+01
880	4.920360e+01	4.925957e+01
881	4.925957e+01	4.931554e+01
882	4.931554e+01	4.937151e+01
883	4.937151e+01	4.942748e+01
884	4.942748e+01	4.948345e+01
885	4.948345e+01	4.953942e+01
886	4.953942e+01	4.959539e+01
887	4.959539e+01	4.965136e+01
888	4.965136e+01	4.970733e+01
889	4.970733e+01	4.976330e+01
890	4.976330e+01	4.981927e+01
891	4.981927e+01	4.987524e+01
892	4.987524e+01	4.993121e+01
893	4.993121e+01	4.998718e+01
894	4.998718e+01	5.004315e+01
895	5.004315e+01	5.009912e+01
896	5.009912e+01	5.015509e+01
897	5.015509e+01	5.021106e+01
898	5.021106e+01	5.026703e+01
899	5.026703e+01	5.032300e+01
900	5.032300e+01	5.037897e+01
901	5.037897e+01	5.043494e+01
902	5.043494e+01	5.049091e+01
903	5.049091e+01	5.054688e+01
904	5.054688e+01	5.060285e+01
905	5.060285e+01	5.065882e+01
906	5.065882e+01	5.071479e+01
907	5.071479e+01	5.077076e+01
908	5.077076e+01	5.082673e+01
909	5.082673e+01	5.088270e+01
910	5.088270e+01	5.093867e+01
911	5.093867e+01	5.099464e+01
912	5.099464e+01	5.105061e+01
913	5.105061e+01	5.110658e+01
914	5.110658e+01	5.116255e+01
915	5.116255e+01	5.121852e+01
916	5.121852e+01	5.127449e+01
917	5.127449e+01	5.133046e+01
918	5.133046e+01	5.138643e+01
919	5.138643e+01	5.144240e+01
920	5.144240e+01	5.149837e+01
921	5.149837e+01	5.155434e+01
922	5.155434e+01	5.161031e+01
923	5.161031e+01	5.166628e+01
924	5.166628e+01	5.172225e+01
925	5.172225e+01	5.177822e+01
926	5.177822e+01	5.183419e+01
927	5.183419e+01	5.189016e+01
928	5.189016e+01	5.194613e+01
929	5.194613e+01	5.200210e+01
930	5.200210e+01	5.205807e+01
931	5.205807e+01	5.211404e+01
932	5.211404e+01	5.217001e+01
933	5.217001e+01	5.222598e+01
934	5.222598e+01	5.228195e+01
935	5.228195e+01	5.233792e+01
936	5.233792e+01	5.239389e+01
937	5.239389e+01	5.244986e+01
938	5.244986e+01	5.250583e+01
939	5.250583e+01	5.256180e+01
940	5.256180e+01	5.261777e+01
941	5.261777e+01	5.267374e+01
942	5.267374e+01	5.272971e+01
943	5.272971e+01	5.278568e+01
944	5.278568e+01	5.284165e+01
945	5.284165e+01	5.289762e+01
946	5.289762e+01	5.295359e+01
947	5.295359e+01	5.300956e+01
948	5.300956e+01	5.306553e+01
949	5.306553e+01	5.312150e+01
950	5.312150e+01	5.317747e+01
951	5.317747e+01	5.323344e+01
952	5.323344e+01	5.328941e+01
953	5.328941e+01	5.334538e+01
954	5.334538e+01	5.340135e+01
955	5.340135e+01	5.345732e+01
956	5.345732e+01	5.351329e+01
957	5.351329e+01	5.356926e+01
958	5.356926e+01	5.362523e+01
959	5.362523e+01	5.368120e+01
960	5.368120e+01	5.373717e+01
961	5.373717e+01	5.379314e+01
962	5.379314e+01	5.384911e+01
963	5.384911e+01	5.390508e+01
964	5.390508e+01	5.396105e+01
965	5.396105e+01	5.401702e+01
966	5.401702e+01	5.407299e+01
967	5.407299e+01	5.412896e+01
968	5.412896e+01	5.418493e+01
969	5.418493e+01	5.424090e+01
970	5.424090e+01	5.429687e+01
971	5.429687e+01	5.435284e+01
972	5.435284e+01	5.440881e+01
973	5.440881e+01	5.446478e+01
974	5.446478e+01	5.452075e+01
975	5.452075e+01	5.457672e+01
976	5.457672e+01	5.463269e+01
977	5.463269e+01	5.468866e+01
978	5.468866e+01	5.474463e+01
979	5.474463e+01	5.480060e+01
980	5.480060e+01	5.485657e+01
981	5.485657e+01	5.491254e+01
982	5.491254e+01	5.496851e+01
983	5.496851e+01	5.502448e+01
984	5.502448e+01	5.508045e+01
985	5.508045e+01	5.513642e+01
986	5.513642e+01	5.519239e+01
987	5.519239e+01	5.524836e+01
988	5.524836e+01	5.530433e+01
989	5.530433e+01	5.536030e+01
990	5.536030e+01	5.541627e+01
991	5.541627e+01	5.547224e+01
992	5.547224e+01	5.552821e+01
993	5.552821e+01	5.558418e+01
994	5.558418e+01	5.564015e+01
995	5.564015e+01	5.569612e+01
996	5.569612e+01	5.575209e+01
997	5.575209e+01	5.580806e+01
998	5.580806e+01	5.586403e+01
999	5.586403e+01	5.592000e+01
1000	5.592000e+01	5.597597e+01
1000
1	0.000000e+00	1.572369e-03
2	1.572369e-03	3.144737e-03
3	3.144737e-03	4.717106e-03
4	4.717106e-03	6.289475e-03
5	6.289475e-03	7.861843e-03
6	7.861843e-03	9.434212e-03
7	9.434212e-03	1.100658e-02
8	1.100658e-02	1.257895e-02
9	1.257895e-02	1.415132e-02
10	1.415132e-02	1.572369e-02
11	1.572369e-02	1.729606e-02
12	1.729606e-02	1.886842e-02
13	1.886842e-02	2.044079e-02
14	2.044079e-02	2.201316e-02
15	2.201316e-02	2.358553e-02
16	2.358553e-02	2.515790e-02
17	2.515790e-02	2.673027e-02
18	2.673027e-02	2.830264e-02
19	2.830264e-02	2.987501e-02
20	2.987501e-02	3.144737e-02
21	3.144737e-02	3.301974e-02
22	3.301974e-02	3.459211e-02
23	3.459211e-02	3.616448e-02
24	3.616448e-02	3.773685e-02
25	3.773685e-02	3.930922e-02
26	3.930922e-02	4.088159e-02
27	4.088159e-02	4.245395e-02
28	4.245395e-02	4.402632e-02
29	4.402632e-02	4.559869e-02
30	4.559869e-02	4.717106e-02
31	4.717106e-02	4.874343e-02
32	4.874343e-02	5.031580e-02
33	5.031580e-02	5.188817e-02
34	5.188817e-02	5.346054e-02
35	5.346054e-02	5.503290e-02
36	5.503290e-02	5.660527e-02
37	5.660527e-02	5.817764e-02
38	5.817764e-02	5.975001e-02
39	5.975001e-02	6.132238e-02
40	6.132238e-02	6.289475e-02
41	6.289475e-02	6.446712e-02
42	6.446712e-02	6.603949e-02
43	6.603949e-02	6.761185e-02
44	6.761185e-02	6.918422e-02
45	6.918422e-02	7.075659e-02
46	7.075659e-02	7.232896e-02
47	7.232896e-02	7.390133e-02
48	7.390133e-02	7.547370e-02
49	7.547370e-02	7.704607e-02
50	7.704607e-02	7.861843e-02
51	7.861843e-02	8.019080e-02
52	8.019080e-02	8.176317e-02
53	8.176317e-02	8.333554e-02
54	8.333554e-02	8.490791e-02
55	8.490791e-02	8.648028e-02
56	8.648028e-02	8.805265e-02
57	8.805265e-02	8.962502e-02
58	8.962502e-02	9.119738e-02
59	9.119738e-02	9.276975e-02
60	9.276975e-02	9.434212e-02
61	9.434212e-02	9.591449e-02
62	9.591449e-02	9.748686e-02
63	9.748686e-02	9.905923e-02
64	9.905923e-02	1.006316e-01
65	1.006316e-01	1.022040e-01
66	1.022040e-01	1.037763e-01
67	1.037763e-01	1.053487e-01
68	1.053487e-01	1.069211e-01
69	1.069211e-01	1.084934e-01
70	1.084934e-01	1.100658e-01
71	1.100658e-01	1.116382e-01
72	1.116382e-01	1.132105e-01
73	1.132105e-01	1.147829e-01
74	1.147829e-01	1.163553e-01
75	1.163553e-01	1.179277e-01
76	1.179277e-01	1.195000e-01
77	1.195000e-01	1.210724e-01
78	1.210724e-01	1.226448e-01
79	1.226448e-01	1.242171e-01
80	1.242171e-01	1.257895e-01
81	1.257895e-01	1.273619e-01
82	1.273619e-01	1.289342e-01
83	1.289342e-01	1.305066e-01
84	1.305066e-01	1.320790e-01
85	1.320790e-01	1.336513e-01
86	1.336513e-01	1.352237e-01
87	1.352237e-01	1.367961e-01
88	1.367961e-01	1.383684e-01
89	1.383684e-01	1.399408e-01
90	1.399408e-01	1.415132e-01
91	1.415132e-01	1.430856e-01
92	1.430856e-01	1.446579e-01
93	1.446579e-01	1.462303e-01
94	1.462303e-01	1.478027e-01
95	1.478027e-01	1.493750e-01
96	1.493750e-01	1.509474e-01
97	1.509474e-01	1.525198e-01
98	1.525198e-01	1.540921e-01
99	1.540921e-01	1.556645e-01
100	1.556645e-01	1.572369e-01
101	1.572369e-01	1.588092e-01
102	1.588092e-01	1.603816e-01
103	1.603816e-01	1.619540e-01
104	1.619540e-01	1.635263e-01
105	1.635263e-01	1.650987e-01
106	1.650987e-01	1.666711e-01
107	1.666711e-01	1.682435e-01
108	1.682435e-01	1.698158e-01
109	1.698158e-01	1.713882e-01
110	1.713882e-01	1.729606e-01
111	1.729606e-01	1.745329e-01
112	1.745329e-01	1.761053e-01
113	1.761053e-01	1.776777e-01
114	1.776777e-01	1.792500e-01
115	1.792500e-01	1.808224e-01
116	1.808224e-01	1.823948e-01
117	1.823948e-01	1.839671e-01
118	1.839671e-01	1.855395e-01
119	1.855395e-01	1.871119e-01
120	1.871119e-01	1.886842e-01
121	1.886842e-01	1.902566e-01
122	1.902566e-01	1.918290e-01
123	1.918290e-01	1.934013e-01
124	1.934013e-01	1.949737e-01
125	1.949737e-01	1.965461e-01
126	1.965461e-01	1.981185e-01
127	1.981185e-01	1.996908e-01
128	1.996908e-01	2.012632e-01
129	2.012632e-01	2.028356e-01
130	2.028356e-01	2.044079e-01
131	2.044079e-01	2.059803e-01
132	2.059803e-01	2.075527e-01
133	2.075527e-01	2.091250e-01
134	2.091250e-01	2.106974e-01
135	2.106974e-01	2.122698e-01
136	2.122698e-01	2.138421e-01
137	2.138421e-01	2.154145e-01
138	2.154145e-01	2.169869e-01
139	2.169869e-01	2.185592e-01
140	2.185592e-01	2.201316e-01
141	2.201316e-01	2.217040e-01
142	2.217040e-01	2.232764e-01
143	2.232764e-01	2.248487e-01
144	2.248487e-01	2.264211e-01
145	2.264211e-01	2.279935e-01
146	2.279935e-01	2.295658e-01
147	2.295658e-01	2.311382e-01
148	2.311382e-01	2.327106e-01
149	2.327106e-01	2.342829e-01
150	2.342829e-01	2.358553e-01
151	2.358553e-01	2.374277e-01
152	2.374277e-01	2.390000e-01
153	2.390000e-01	2.405724e-01
154	2.405724e-01	2.421448e-01
155	2.421448e-01	2.437171e-01
156	2.437171e-01	2.452895e-01
157	2.452895e-01	2.468619e-01
158	2.468619e-01	2.484343e-01
159	2.484343e-01	2.500066e-01
160	2.500066e-01	2.515790e-01
161	2.515790e-01	2.531514e-01
162	2.531514e-01	2.547237e-01
163	2.547237e-01	2.562961e-01
164	2.562961e-01	2.578685e-01
165	2.578685e-01	2.594408e-01
166	2.594408e-01	2.610132e-01
167	2.610132e-01	2.625856e-01
168	2.625856e-01	2.641579e-01
169	2.641579e-01	2.657303e-01
170	2.657303e-01	2.673027e-01
171	2.673027e-01	2.688750e-01
172	2.688750e-01	2.704474e-01
173	2.704474e-01	2.720198e-01
174	2.720198e-01	2.735922e-01
175	2.735922e-01	2.751645e-01
176	2.751645e-01	2.767369e-01
177	2.767369e-01	2.783093e-01
178	2.783093e-01	2.798816e-01
179	2.798816e-01	2.814540e-01
180	2.814540e-01	2.830264e-01
181	2.830264e-01	2.845987e-01
182	2.845987e-01	2.861711e-01
183	2.861711e-01	2.877435e-01
184	2.877435e-01	2.893158e-01
185	2.893158e-01	2.908882e-01
186	2.908882e-01	2.924606e-01
187	2.924606e-01	2.940329e-01
188	2.940329e-01	2.956053e-01
189	2.956053e-01	2.971777e-01
190	2.971777e-01	2.987501e-01
191	2.987501e-01	3.003224e-01
192	3.003224e-01	3.018948e-01
193	3.018948e-01	3.034672e-01
194	3.034672e-01	3.050395e-01
195	3.050395e-01	3.066119e-01
196	3.066119e-01	3.081843e-01
197	3.081843e-01	3.097566e-01
198	3.097566e-01	3.113290e-01
199	3.113290e-01	3.129014e-01
200	3.129014e-01	3.144737e-01
201	3.144737e-01	3.160461e-01
202	3.160461e-01	3.176185e-01
203	3.176185e-01	3.191908e-01
204	3.191908e-01	3.207632e-01
205	3.207632e-01	3.223356e-01
206	3.223356e-01	3.239080e-01
207	3.239080e-01	3.254803e-01
208	3.254803e-01	3.270527e-01
209	3.270527e-01	3.286251e-01
210	3.286251e-01	3.301974e-01
211	3.301974e-01	3.317698e-01
212	3.317698e-01	3.333422e-01
213	3.333422e-01	3.349145e-01
214	3.349145e-01	3.364869e-01
215	3.364869e-01	3.380593e-01
216	3.380593e-01	3.396316e-01
217	3.396316e-01	3.412040e-01
218	3.412040e-01	3.427764e-01
219	3.427764e-01	3.443487e-01
220	3.443487e-01	3.459211e-01
221	3.459211e-01	3.474935e-01
222	3.474935e-01	3.490659e-01
223	3.490659e-01	3.506382e-01
224	3.506382e-01	3.522106e-01
225	3.522106e-01	3.537830e-01
226	3.537830e-01	3.553553e-01
227	3.553553e-01	3.569277e-01
228	3.569277e-01	3.585001e-01
229	3.585001e-01	3.600724e-01
230	3.600724e-01	3.616448e-01
231	3.616448e-01	3.632172e-01
232	3.632172e-01	3.647895e-01
233	3.647895e-01	3.663619e-01
234	3.663619e-01	3.679343e-01
235	3.679343e-01	3.695066e-01
236	3.695066e-01	3.710790e-01
237	3.710790e-01	3.726514e-01
238	3.726514e-01	3.742237e-01
239	3.742237e-01	3.757961e-01
240	3.757961e-01	3.773685e-01
241	3.773685e-01	3.789409e-01
242	3.789409e-01	3.805132e-01
243	3.805132e-01	3.820856e-01
244	3.820856e-01	3.836580e-01
245	3.836580e-01	3.852303e-01
246	3.852303e-01	3.868027e-01
247	3.868027e-01	3.883751e-01
248	3.883751e-01	3.899474e-01
249	3.899474e-01	3.915198e-01
250	3.915198e-01	3.930922e-01
251	3.930922e-01	3.946645e-01
252	3.946645e-01	3.962369e-01
253	3.962369e-01	3.978093e-01
254	3.978093e-01	3.993816e-01
255	3.993816e-01	4.009540e-01
256	4.009540e-01	4.025264e-01
257	4.025264e-01	4.040988e-01
258	4.040988e-01	4.056711e-01
259	4.056711e-01	4.072435e-01
260	4.072435e-01	4.088159e-01
261	4.088159e-01	4.103882e-01
262	4.103882e-01	4.119606e-01
263	4.119606e-01	4.135330e-01
264	4.135330e-01	4.151053e-01
265	4.151053e-01	4.166777e-01
266	4.166777e-01	4.182501e-01
267	4.182501e-01	4.198224e-01
268	4.198224e-01	4.213948e-01
269	4.213948e-01	4.229672e-01
270	4.229672e-01	4.245395e-01
271	4.245395e-01	4.261119e-01
272	4.261119e-01	4.276843e-01
273	4.276843e-01	4.292567e-01
274	4.292567e-01	4.308290e-01
275	4.308290e-01	4.324014e-01
276	4.324014e-01	4.339738e-01
277	4.339738e-01	4.355461e-01
278	4.355461e-01	4.371185e-01
279	4.371185e-01	4.386909e-01
280	4.386909e-01	4.402632e-01
281	4.402632e-01	4.418356e-01
282	4.418356e-01	4.434080e-01
283	4.434080e-01	4.449803e-01
284	4.449803e-01	4.465527e-01
285	4.465527e-01	4.481251e-01
286	4.481251e-01	4.496974e-01
287	4.496974e-01	4.512698e-01
288	4.512698e-01	4.528422e-01
289	4.528422e-01	4.544146e-01
290	4.544146e-01	4.559869e-01
291	4.559869e-01	4.575593e-01
292	4.575593e-01	4.591317e-01
293	4.591317e-01	4.607040e-01
294	4.607040e-01	4.622764e-01
295	4.622764e-01	4.638488e-01
296	4.638488e-01	4.654211e-01
297	4.654211e-01	4.669935e-01
298	4.669935e-01	4.685659e-01
299	4.685659e-01	4.701382e-01
300	4.701382e-01	4.717106e-01
301	4.717106e-01	4.732830e-01
302	4.732830e-01	4.748553e-01
303	4.748553e-01	4.764277e-01
304	4.764277e-01	4.780001e-01
305	4.780001e-01	4.795725e-01
306	4.795725e-01	4.811448e-01
307	4.811448e-01	4.827172e-01
308	4.827172e-01	4.842896e-01
309	4.842896e-01	4.858619e-01
310	4.858619e-01	4.874343e-01
311	4.874343e-01	4.890067e-01
312	4.890067e-01	4.905790e-01
313	4.905790e-01	4.921514e-01
314	4.921514e-01	4.937238e-01
315	4.937238e-01	4.952961e-01
316	4.952961e-01	4.968685e-01
317	4.968685e-01	4.984409e-01
318	4.984409e-01	5.000132e-01
319	5.000132e-01	5.015856e-01
320	5.015856e-01	5.031580e-01
321	5.031580e-01	5.047304e-01
322	5.047304e-01	5.063027e-01
323	5.063027e-01	5.078751e-01
324	5.078751e-01	5.094475e-01
325	5.094475e-01	5.110198e-01
326	5.110198e-01	5.125922e-01
327	5.125922e-01	5.141646e-01
328	5.141646e-01	5.157369e-01
329	5.157369e-01	5.173093e-01
330	5.173093e-01	5.188817e-01
331	5.188817e-01	5.204540e-01
332	5.204540e-01	5.220264e-01
333	5.220264e-01	5.235988e-01
334	5.235988e-01	5.251711e-01
335	5.251711e-01	5.267435e-01
336	5.267435e-01	5.283159e-01
337	5.283159e-01	5.298883e-01
338	5.298883e-01	5.314606e-01
339	5.314606e-01	5.330330e-01
340	5.330330e-01	5.346054e-01
341	5.346054e-01	5.361777e-01
342	5.361777e-01	5.377501e-01
343	5.377501e-01	5.393225e-01
344	5.393225e-01	5.408948e-01
345	5.408948e-01	5.424672e-01
346	5.424672e-01	5.440396e-01
347	5.440396e-01	5.456119e-01
348	5.456119e-01	5.471843e-01
349	5.471843e-01	5.487567e-01
350	5.487567e-01	5.503290e-01
351	5.503290e-01	5.519014e-01
352	5.519014e-01	5.534738e-01
353	5.534738e-01	5.550461e-01
354	5.550461e-01	5.566185e-01
355	5.566185e-01	5.581909e-01
356	5.581909e-01	5.597633e-01
357	5.597633e-01	5.613356e-01
358	5.613356e-01	5.629080e-01
359	5.629080e-01	5.644804e-01
360	5.644804e-01	5.660527e-01
361	5.660527e-01	5.676251e-01
362	5.676251e-01	5.691975e-01
363	5.691975e-01	5.707698e-01
364	5.707698e-01	5.723422e-01
365	5.723422e-01	5.739146e-01
366	5.739146e-01	5.754869e-01
367	5.754869e-01	5.770593e-01
368	5.770593e-01	5.786317e-01
369	5.786317e-01	5.802040e-01
370	5.802040e-01	5.817764e-01
371	5.817764e-01	5.833488e-01
372	5.833488e-01	5.849212e-01
373	5.849212e-01	5.864935e-01
374	5.864935e-01	5.880659e-01
375	5.880659e-01	5.896383e-01
376	5.896383e-01	5.912106e-01
377	5.912106e-01	5.927830e-01
378	5.927830e-01	5.943554e-01
379	5.943554e-01	5.959277e-01
380	5.959277e-01	5.975001e-01
381	5.975001e-01	5.990725e-01
382	5.990725e-01	6.006448e-01
383	6.006448e-01	6.022172e-01
384	6.022172e-01	6.037896e-01
385	6.037896e-01	6.053619e-01
386	6.053619e-01	6.069343e-01
387	6.069343e-01	6.085067e-01
388	6.085067e-01	6.100791e-01
389	6.100791e-01	6.116514e-01
390	6.116514e-01	6.132238e-01
391	6.132238e-01	6.147962e-01
392	6.147962e-01	6.163685e-01
393	6.163685e-01	6.179409e-01
394	6.179409e-01	6.195133e-01
395	6.195133e-01	6.210856e-01
396	6.210856e-01	6.226580e-01
397	6.226580e-01	6.242304e-01
398	6.242304e-01	6.258027e-01
399	6.258027e-01	6.273751e-01
400	6.273751e-01	6.289475e-01
401	6.289475e-01	6.305198e-01
402	6.305198e-01	6.320922e-01
403	6.320922e-01	6.336646e-01
404	6.336646e-01	6.352370e-01
405	6.352370e-01	6.368093e-01
406	6.368093e-01	6.383817e-01
407	6.383817e-01	6.399541e-01
408	6.399541e-01	6.415264e-01
409	6.415264e-01	6.430988e-01
410	6.430988e-01	6.446712e-01
411	6.446712e-01	6.462435e-01
412	6.462435e-01	6.478159e-01
413	6.478159e-01	6.493883e-01
414	6.493883e-01	6.509606e-01
415	6.509606e-01	6.525330e-01
416	6.525330e-01	6.541054e-01
417	6.541054e-01	6.556777e-01
418	6.556777e-01	6.572501e-01
419	6.572501e-01	6.588225e-01
420	6.588225e-01	6.603949e-01
421	6.603949e-01	6.619672e-01
422	6.619672e-01	6.635396e-01
423	6.635396e-01	6.651120e-01
424	6.651120e-01	6.666843e-01
425	6.666843e-01	6.682567e-01
426	6.682567e-01	6.698291e-01
427	6.698291e-01	6.714014e-01
428	6.714014e-01	6.729738e-01
429	6.729738e-01	6.745462e-01
430	6.745462e-01	6.761185e-01
431	6.761185e-01	6.776909e-01
432	6.776909e-01	6.792633e-01
433	6.792633e-01	6.808356e-01
434	6.808356e-01	6.824080e-01
435	6.824080e-01	6.839804e-01
436	6.839804e-01	6.855528e-01
437	6.855528e-01	6.871251e-01
438	6.871251e-01	6.886975e-01
439	6.886975e-01	6.902699e-01
440	6.902699e-01	6.918422e-01
441	6.918422e-01	6.934146e-01
442	6.934146e-01	6.949870e-01
443	6.949870e-01	6.965593e-01
444	6.965593e-01	6.981317e-01
445	6.981317e-01	6.997041e-01
446	6.997041e-01	7.012764e-01
447	7.012764e-01	7.028488e-01
448	7.028488e-01	7.044212e-01
449	7.044212e-01	7.059935e-01
450	7.059935e-01	7.075659e-01
451	7.075659e-01	7.091383e-01
452	7.091383e-01	7.107107e-01
453	7.107107e-01	7.122830e-01
454	7.122830e-01	7.138554e-01
455	7.138554e-01	7.154278e-01
456	7.154278e-01	7.170001e-01
457	7.170001e-01	7.185725e-01
458	7.185725e-01	7.201449e-01
459	7.201449e-01	7.217172e-01
460	7.217172e-01	7.232896e-01
461	7.232896e-01	7.248620e-01
462	7.248620e-01	7.264343e-01
463	7.264343e-01	7.280067e-01
464	7.280067e-01	7.295791e-01
465	7.295791e-01	7.311514e-01
466	7.311514e-01	7.327238e-01
467	7.327238e-01	7.342962e-01
468	7.342962e-01	7.358685e-01
469	7.358685e-01	7.374409e-01
470	7.374409e-01	7.390133e-01
471	7.390133e-01	7.405857e-01
472	7.405857e-01	7.421580e-01
473	7.421580e-01	7.437304e-01
474	7.437304e-01	7.453028e-01
475	7.453028e-01	7.468751e-01
476	7.468751e-01	7.484475e-01
477	7.484475e-01	7.500199e-01
478	7.500199e-01	7.515922e-01
479	7.515922e-01	7.531646e-01
480	7.531646e-01	7.547370e-01
481	7.547370e-01	7.563093e-01
482	7.563093e-01	7.578817e-01
483	7.578817e-01	7.594541e-01
484	7.594541e-01	7.610264e-01
485	7.610264e-01	7.625988e-01
486	7.625988e-01	7.641712e-01
487	7.641712e-01	7.657436e-01
488	7.657436e-01	7.673159e-01
489	7.673159e-01	7.688883e-01
490	7.688883e-01	7.704607e-01
491	7.704607e-01	7.720330e-01
492	7.720330e-01	7.736054e-01
493	7.736054e-01	7.751778e-01
494	7.751778e-01	7.767501e-01
495	7.767501e-01	7.783225e-01
496	7.783225e-01	7.798949e-01
497	7.798949e-01	7.814672e-01
498	7.814672e-01	7.830396e-01
499	7.830396e-01	7.846120e-01
500	7.846120e-01	7.861843e-01
501	7.861843e-01	7.877567e-01
502	7.877567e-01	7.893291e-01
503	7.893291e-01	7.909015e-01
504	7.909015e-01	7.924738e-01
505	7.924738e-01	7.940462e-01
506	7.940462e-01	7.956186e-01
507	7.956186e-01	7.971909e-01
508	7.971909e-01	7.987633e-01
509	7.987633e-01	8.003357e-01
510	8.003357e-01	8.019080e-01
511	8.019080e-01	8.034804e-01
512	8.034804e-01	8.050528e-01
513	8.050528e-01	8.066251e-01
514	8.066251e-01	8.081975e-01
515	8.081975e-01	8.097699e-01
516	8.097699e-01	8.113422e-01
517	8.113422e-01	8.129146e-01
518	8.129146e-01	8.144870e-01
519	8.144870e-01	8.160594e-01
520	8.160594e-01	8.176317e-01
521	8.176317e-01	8.192041e-01
522	8.192041e-01	8.207765e-01
523	8.207765e-01	8.223488e-01
524	8.223488e-01	8.239212e-01
525	8.239212e-01	8.254936e-01
526	8.254936e-01	8.270659e-01
527	8.270659e-01	8.286383e-01
528	8.286383e-01	8.302107e-01
529	8.302107e-01	8.317830e-01
530	8.317830e-01	8.333554e-01
531	8.333554e-01	8.349278e-01
532	8.349278e-01	8.365001e-01
533	8.365001e-01	8.380725e-01
534	8.380725e-01	8.396449e-01
535	8.396449e-01	8.412173e-01
536	8.412173e-01	8.427896e-01
537	8.427896e-01	8.443620e-01
538	8.443620e-01	8.459344e-01
539	8.459344e-01	8.475067e-01
540	8.475067e-01	8.490791e-01
541	8.490791e-01	8.506515e-01
542	8.506515e-01	8.522238e-01
543	8.522238e-01	8.537962e-01
544	8.537962e-01	8.553686e-01
545	8.553686e-01	8.569409e-01
546	8.569409e-01	8.585133e-01
547	8.585133e-01	8.600857e-01
548	8.600857e-01	8.616580e-01
549	8.616580e-01	8.632304e-01
550	8.632304e-01	8.648028e-01
551	8.648028e-01	8.663752e-01
552	8.663752e-01	8.679475e-01
553	8.679475e-01	8.695199e-01
554	8.695199e-01	8.710923e-01
555	8.710923e-01	8.726646e-01
556	8.726646e-01	8.742370e-01
557	8.742370e-01	8.758094e-01
558	8.758094e-01	8.773817e-01
559	8.773817e-01	8.789541e-01
560	8.789541e-01	8.805265e-01
561	8.805265e-01	8.820988e-01
562	8.820988e-01	8.836712e-01
563	8.836712e-01	8.852436e-01
564	8.852436e-01	8.868159e-01
565	8.868159e-01	8.883883e-01
566	8.883883e-01	8.899607e-01
567	8.899607e-01	8.915331e-01
568	8.915331e-01	8.931054e-01
569	8.931054e-01	8.946778e-01
570	8.946778e-01	8.962502e-01
571	8.962502e-01	8.978225e-01
572	8.978225e-01	8.993949e-01
573	8.993949e-01	9.009673e-01
574	9.009673e-01	9.025396e-01
575	9.025396e-01	9.041120e-01
576	9.041120e-01	9.056844e-01
577	9.056844e-01	9.072567e-01
578	9.072567e-01	9.088291e-01
579	9.088291e-01	9.104015e-01
580	9.104015e-01	9.119738e-01
581	9.119738e-01	9.135462e-01
582	9.135462e-01	9.151186e-01
583	9.151186e-01	9.166909e-01
584	9.166909e-01	9.182633e-01
585	9.182633e-01	9.198357e-01
586	9.198357e-01	9.214081e-01
587	9.214081e-01	9.229804e-01
588	9.229804e-01	9.245528e-01
589	9.245528e-01	9.261252e-01
590	9.261252e-01	9.276975e-01
591	9.276975e-01	9.292699e-01
592	9.292699e-01	9.308423e-01
593	9.308423e-01	9.324146e-01
594	9.324146e-01	9.339870e-01
595	9.339870e-01	9.355594e-01
596	9.355594e-01	9.371317e-01
597	9.371317e-01	9.387041e-01
598	9.387041e-01	9.402765e-01
599	9.402765e-01	9.418488e-01
600	9.418488e-01	9.434212e-01
601	9.434212e-01	9.449936e-01
602	9.449936e-01	9.465660e-01
603	9.465660e-01	9.481383e-01
604	9.481383e-01	9.497107e-01
605	9.497107e-01	9.512831e-01
606	9.512831e-01	9.528554e-01
607	9.528554e-01	9.544278e-01
608	9.544278e-01	9.560002e-01
609	9.560002e-01	9.575725e-01
610	9.575725e-01	9.591449e-01
611	9.591449e-01	9.607173e-01
612	9.607173e-01	9.622896e-01
613	9.622896e-01	9.638620e-01
614	9.638620e-01	9.654344e-01
615	9.654344e-01	9.670067e-01
616	9.670067e-01	9.685791e-01
617	9.685791e-01	9.701515e-01
618	9.701515e-01	9.717239e-01
619	9.717239e-01	9.732962e-01
620	9.732962e-01	9.748686e-01
621	9.748686e-01	9.764410e-01
622	9.764410e-01	9.780133e-01
623	9.780133e-01	9.795857e-01
624	9.795857e-01	9.811581e-01
625	9.811581e-01	9.827304e-01
626	9.827304e-01	9.843028e-01
627	9.843028e-01	9.858752e-01
628	9.858752e-01	9.874475e-01
629	9.874475e-01	9.890199e-01
630	9.890199e-01	9.905923e-01
631	9.905923e-01	9.921646e-01
632	9.921646e-01	9.937370e-01
633	9.937370e-01	9.953094e-01
634	9.953094e-01	9.968818e-01
635	9.968818e-01	9.984541e-01
636	9.984541e-01	1.000026e+00
637	1.000026e+00	1.001599e+00
638	1.001599e+00	1.003171e+00
639	1.003171e+00	1.004744e+00
640	1.004744e+00	1.006316e+00
641	1.006316e+00	1.007888e+00
642	1.007888e+00	1.009461e+00
643	1.009461e+00	1.011033e+00
644	1.011033e+00	1.012605e+00
645	1.012605e+00	1.014178e+00
646	1.014178e+00	1.015750e+00
647	1.015750e+00	1.017323e+00
648	1.017323e+00	1.018895e+00
649	1.018895e+00	1.020467e+00
650	1.020467e+00	1.022040e+00
651	1.022040e+00	1.023612e+00
652	1.023612e+00	1.025184e+00
653	1.025184e+00	1.026757e+00
654	1.026757e+00	1.028329e+00
655	1.028329e+00	1.029901e+00
656	1.029901e+00	1.031474e+00
657	1.031474e+00	1.033046e+00
658	1.033046e+00	1.034619e+00
659	1.034619e+00	1.036191e+00
660	1.036191e+00	1.037763e+00
661	1.037763e+00	1.039336e+00
662	1.039336e+00	1.040908e+00
663	1.040908e+00	1.042480e+00
664	1.042480e+00	1.044053e+00
665	1.044053e+00	1.045625e+00
666	1.045625e+00	1.047198e+00
667	1.047198e+00	1.048770e+00
668	1.048770e+00	1.050342e+00
669	1.050342e+00	1.051915e+00
670	1.051915e+00	1.053487e+00
671	1.053487e+00	1.055059e+00
672	1.055059e+00	1.056632e+00
673	1.056632e+00	1.058204e+00
674	1.058204e+00	1.059777e+00
675	1.059777e+00	1.061349e+00
676	1.061349e+00	1.062921e+00
677	1.062921e+00	1.064494e+00
678	1.064494e+00	1.066066e+00
679	1.066066e+00	1.067638e+00
680	1.067638e+00	1.069211e+00
681	1.069211e+00	1.070783e+00
682	1.070783e+00	1.072355e+00
683	1.072355e+00	1.073928e+00
684	1.073928e+00	1.075500e+00
685	1.075500e+00	1.077073e+00
686	1.077073e+00	1.078645e+00
687	1.078645e+00	1.080217e+00
688	1.080217e+00	1.081790e+00
689	1.081790e+00	1.083362e+00
690	1.083362e+00	1.084934e+00
691	1.084934e+00	1.086507e+00
692	1.086507e+00	1.088079e+00
693	1.088079e+00	1.089652e+00
694	1.089652e+00	1.091224e+00
695	1.091224e+00	1.092796e+00
696	1.092796e+00	1.094369e+00
697	1.094369e+00	1.095941e+00
698	1.095941e+00	1.097513e+00
699	1.097513e+00	1.099086e+00
700	1.099086e+00	1.100658e+00
701	1.100658e+00	1.102230e+00
702	1.102230e+00	1.103803e+00
703	1.103803e+00	1.105375e+00
704	1.105375e+00	1.106948e+00
705	1.106948e+00	1.108520e+00
706	1.108520e+00	1.110092e+00
707	1.110092e+00	1.111665e+00
708	1.111665e+00	1.113237e+00
709	1.113237e+00	1.114809e+00
710	1.114809e+00	1.116382e+00
711	1.116382e+00	1.117954e+00
712	1.117954e+00	1.119527e+00
713	1.119527e+00	1.121099e+00
714	1.121099e+00	1.122671e+00
715	1.122671e+00	1.124244e+00
716	1.124244e+00	1.125816e+00
717	1.125816e+00	1.127388e+00
718	1.127388e+00	1.128961e+00
719	1.128961e+00	1.130533e+00
720	1.130533e+00	1.132105e+00
721	1.132105e+00	1.133678e+00
722	1.133678e+00	1.135250e+00
723	1.135250e+00	1.136823e+00
724	1.136823e+00	1.138395e+00
725	1.138395e+00	1.139967e+00
726	1.139967e+00	1.141540e+00
727	1.141540e+00	1.143112e+00
728	1.143112e+00	1.144684e+00
729	1.144684e+00	1.146257e+00
730	1.146257e+00	1.147829e+00
731	1.147829e+00	1.149402e+00
732	1.149402e+00	1.150974e+00
733	1.150974e+00	1.152546e+00
734	1.152546e+00	1.154119e+00
735	1.154119e+00	1.155691e+00
736	1.155691e+00	1.157263e+00
737	1.157263e+00	1.158836e+00
738	1.158836e+00	1.160408e+00
739	1.160408e+00	1.161980e+00
740	1.161980e+00	1.163553e+00
741	1.163553e+00	1.165125e+00
742	1.165125e+00	1.166698e+00
743	1.166698e+00	1.168270e+00
744	1.168270e+00	1.169842e+00
745	1.169842e+00	1.171415e+00
746	1.171415e+00	1.172987e+00
747	1.172987e+00	1.174559e+00
748	1.174559e+00	1.176132e+00
749	1.176132e+00	1.177704e+00
750	1.177704e+00	1.179277e+00
751	1.179277e+00	1.180849e+00
752	1.180849e+00	1.182421e+00
753	1.182421e+00	1.183994e+00
754	1.183994e+00	1.185566e+00
755	1.185566e+00	1.187138e+00
756	1.187138e+00	1.188711e+00
757	1.188711e+00	1.190283e+00
758	1.190283e+00	1.191855e+00
759	1.191855e+00	1.193428e+00
760	1.193428e+00	1.195000e+00
761	1.195000e+00	1.196573e+00
762	1.196573e+00	1.198145e+00
763	1.198145e+00	1.199717e+00
764	1.199717e+00	1.201290e+00
765	1.201290e+00	1.202862e+00
766	1.202862e+00	1.204434e+00
767	1.204434e+00	1.206007e+00
768	1.206007e+00	1.207579e+00
769	1.207579e+00	1.209152e+00
770	1.209152e+00	1.210724e+00
771	1.210724e+00	1.212296e+00
772	1.212296e+00	1.213869e+00
773	1.213869e+00	1.215441e+00
774	1.215441e+00	1.217013e+00
775	1.217013e+00	1.218586e+00
776	1.218586e+00	1.220158e+00
777	1.220158e+00	1.221730e+00
778	1.221730e+00	1.223303e+00
779	1.223303e+00	1.224875e+00
780	1.224875e+00	1.226448e+00
781	1.226448e+00	1.228020e+00
782	1.228020e+00	1.229592e+00
783	1.229592e+00	1.231165e+00
784	1.231165e+00	1.232737e+00
785	1.232737e+00	1.234309e+00
786	1.234309e+00	1.235882e+00
787	1.235882e+00	1.237454e+00
788	1.237454e+00	1.239027e+00
789	1.239027e+00	1.240599e+00
790	1.240599e+00	1.242171e+00
791	1.242171e+00	1.243744e+00
792	1.243744e+00	1.245316e+00
793	1.245316e+00	1.246888e+00
794	1.246888e+00	1.248461e+00
795	1.248461e+00	1.250033e+00
796	1.250033e+00	1.251605e+00
797	1.251605e+00	1.253178e+00
798	1.253178e+00	1.254750e+00
799	1.254750e+00	1.256323e+00
800	1.256323e+00	1.257895e+00
801	1.257895e+00	1.259467e+00
802	1.259467e+00	1.261040e+00
803	1.261040e+00	1.262612e+00
804	1.262612e+00	1.264184e+00
805	1.264184e+00	1.265757e+00
806	1.265757e+00	1.267329e+00
807	1.267329e+00	1.268902e+00
808	1.268902e+00	1.270474e+00
809	1.270474e+00	1.272046e+00
810	1.272046e+00	1.273619e+00
811	1.273619e+00	1.275191e+00
812	1.275191e+00	1.276763e+00
813	1.276763e+00	1.278336e+00
814	1.278336e+00	1.279908e+00
815	1.279908e+00	1.281480e+00
816	1.281480e+00	1.283053e+00
817	1.283053e+00	1.284625e+00
818	1.284625e+00	1.286198e+00
819	1.286198e+00	1.287770e+00
820	1.287770e+00	1.289342e+00
821	1.289342e+00	1.290915e+00
822	1.290915e+00	1.292487e+00
823	1.292487e+00	1.294059e+00
824	1.294059e+00	1.295632e+00
825	1.295632e+00	1.297204e+00
826	1.297204e+00	1.298777e+00
827	1.298777e+00	1.300349e+00
828	1.300349e+00	1.301921e+00
829	1.301921e+00	1.303494e+00
830	1.303494e+00	1.305066e+00
831	1.305066e+00	1.306638e+00
832	1.306638e+00	1.308211e+00
833	1.308211e+00	1.309783e+00
834	1.309783e+00	1.311355e+00
835	1.311355e+00	1.312928e+00
836	1.312928e+00	1.314500e+00
837	1.314500e+00	1.316073e+00
838	1.316073e+00	1.317645e+00
839	1.317645e+00	1.319217e+00
840	1.319217e+00	1.320790e+00
841	1.320790e+00	1.322362e+00
842	1.322362e+00	1.323934e+00
843	1.323934e+00	1.325507e+00
844	1.325507e+00	1.327079e+00
845	1.327079e+00	1.328652e+00
846	1.328652e+00	1.330224e+00
847	1.330224e+00	1.331796e+00
848	1.331796e+00	1.333369e+00
849	1.333369e+00	1.334941e+00
850	1.334941e+00	1.336513e+00
851	1.336513e+00	1.338086e+00
852	1.338086e+00	1.339658e+00
853	1.339658e+00	1.341230e+00
854	1.341230e+00	1.342803e+00
855	1.342803e+00	1.344375e+00
856	1.344375e+00	1.345948e+00
857	1.345948e+00	1.347520e+00
858	1.347520e+00	1.349092e+00
859	1.349092e+00	1.350665e+00
860	1.350665e+00	1.352237e+00
861	1.352237e+00	1.353809e+00
862	1.353809e+00	1.355382e+00
863	1.355382e+00	1.356954e+00
864	1.356954e+00	1.358527e+00
865	1.358527e+00	1.360099e+00
866	1.360099e+00	1.361671e+00
867	1.361671e+00	1.363244e+00
868	1.363244e+00	1.364816e+00
869	1.364816e+00	1.366388e+00
870	1.366388e+00	1.367961e+00
871	1.367961e+00	1.369533e+00
872	1.369533e+00	1.371106e+00
873	1.371106e+00	1.372678e+00
874	1.372678e+00	1.374250e+00
875	1.374250e+00	1.375823e+00
876	1.375823e+00	1.377395e+00
877	1.377395e+00	1.378967e+00
878	1.378967e+00	1.380540e+00
879	1.380540e+00	1.382112e+00
880	1.382112e+00	1.383684e+00
881	1.383684e+00	1.385257e+00
882	1.385257e+00	1.386829e+00
883	1.386829e+00	1.388402e+00
884	1.388402e+00	1.389974e+00
885	1.389974e+00	1.391546e+00
886	1.391546e+00	1.393119e+00
887	1.393119e+00	1.394691e+00
888	1.394691e+00	1.396263e+00
889	1.396263e+00	1.397836e+00
890	1.397836e+00	1.399408e+00
891	1.399408e+00	1.400981e+00
892	1.400981e+00	1.402553e+00
893	1.402553e+00	1.404125e+00
894	1.404125e+00	1.405698e+00
895	1.405698e+00	1.407270e+00
896	1.407270e+00	1.408842e+00
897	1.408842e+00	1.410415e+00
898	1.410415e+00	1.411987e+00
899	1.411987e+00	1.413559e+00
900	1.413559e+00	1.415132e+00
901	1.415132e+00	1.416704e+00
902	1.416704e+00	1.418277e+00
903	1.418277e+00	1.419849e+00
904	1.419849e+00	1.421421e+00
905	1.421421e+00	1.422994e+00
906	1.422994e+00	1.424566e+00
907	1.424566e+00	1.426138e+00
908	1.426138e+00	1.427711e+00
909	1.427711e+00	1.429283e+00
910	1.429283e+00	1.430856e+00
911	1.430856e+00	1.432428e+00
912	1.432428e+00	1.434000e+00
913	1.434000e+00	1.435573e+00
914	1.435573e+00	1.437145e+00
915	1.437145e+00	1.438717e+00
916	1.438717e+00	1.440290e+00
917	1.440290e+00	1.441862e+00
918	1.441862e+00	1.443434e+00
919	1.443434e+00	1.445007e+00
920	1.445007e+00	1.446579e+00
921	1.446579e+00	1.448152e+00
922	1.448152e+00	1.449724e+00
923	1.449724e+00	1.451296e+00
924	1.451296e+00	1.452869e+00
925	1.452869e+00	1.454441e+00
926	1.454441e+00	1.456013e+00
927	1.456013e+00	1.457586e+00
928	1.457586e+00	1.459158e+00
929	1.459158e+00	1.460731e+00
930	1.460731e+00	1.462303e+00
931	1.462303e+00	1.463875e+00
932	1.463875e+00	1.465448e+00
933	1.465448e+00	1.467020e+00
934	1.467020e+00	1.468592e+00
935	1.468592e+00	1.470165e+00
936	1.470165e+00	1.471737e+00
937	1.471737e+00	1.473309e+00
938	1.473309e+00	1.474882e+00
939	1.474882e+00	1.476454e+00
940	1.476454e+00	1.478027e+00
941	1.478027e+00	1.479599e+00
942	1.479599e+00	1.481171e+00
943	1.481171e+00	1.482744e+00
944	1.482744e+00	1.484316e+00
945	1.484316e+00	1.485888e+00
946	1.485888e+00	1.487461e+00
947	1.487461e+00	1.489033e+00
948	1.489033e+00	1.490606e+00
949	1.490606e+00	1.492178e+00
950	1.492178e+00	1.493750e+00
951	1.493750e+00	1.495323e+00
952	1.495323e+00	1.496895e+00
953	1.496895e+00	1.498467e+00
954	1.498467e+00	1.500040e+00
955	1.500040e+00	1.501612e+00
956	1.501612e+00	1.503184e+00
957	1.503184e+00	1.504757e+00
958	1.504757e+00	1.506329e+00
959	1.506329e+00	1.507902e+00
960	1.507902e+00	1.509474e+00
961	1.509474e+00	1.511046e+00
962	1.511046e+00	1.512619e+00
963	1.512619e+00	1.514191e+00
964	1.514191e+00	1.515763e+00
965	1.515763e+00	1.517336e+00
966	1.517336e+00	1.518908e+00
967	1.518908e+00	1.520481e+00
968	1.520481e+00	1.522053e+00
969	1.522053e+00	1.523625e+00
970	1.523625e+00	1.525198e+00
971	1.525198e+00	1.526770e+00
972	1.526770e+00	1.528342e+00
973	1.528342e+00	1.529915e+00
974	1.529915e+00	1.531487e+00
975	1.531487e+00	1.533059e+00
976	1.533059e+00	1.534632e+00
977	1.534632e+00	1.536204e+00
978	1.536204e+00	1.537777e+00
979	1.537777e+00	1.539349e+00
980	1.539349e+00	1.540921e+00
981	1.540921e+00	1.542494e+00
982	1.542494e+00	1.544066e+00
983	1.544066e+00	1.545638e+00
984	1.545638e+00	1.547211e+00
985	1.547211e+00	1.548783e+00
986	1.548783e+00	1.550356e+00
987	1.550356e+00	1.551928e+00
988	1.551928e+00	1.553500e+00
989	1.553500e+00	1.555073e+00
990	1.555073e+00	1.556645e+00
991	1.556645e+00	1.558217e+00
992	1.558217e+00	1.559790e+00
993	1.559790e+00	1.561362e+00
994	1.561362e+00	1.562934e+00
995	1.562934e+00	1.564507e+00
996	1.564507e+00	1.566079e+00
997	1.566079e+00	1.567652e+00
998	1.567652e+00	1.569224e+00
999	1.569224e+00	1.570796e+00
1000	1.570796e+00	1.572369e+00
1
1  0.0  1.0
