# GEOMETRY:   SPHERICAL
1000
1	5.457512e-03	5.434094e-02
2	5.434094e-02	1.032244e-01
3	1.032244e-01	1.521078e-01
4	1.521078e-01	2.009912e-01
5	2.009912e-01	2.498746e-01
6	2.498746e-01	2.987581e-01
7	2.987581e-01	3.476415e-01
8	3.476415e-01	3.965249e-01
9	3.965249e-01	4.454083e-01
10	4.454083e-01	4.942918e-01
11	4.942918e-01	5.431752e-01
12	5.431752e-01	5.920586e-01
13	5.920586e-01	6.409420e-01
14	6.409420e-01	6.898255e-01
15	6.898255e-01	7.387089e-01
16	7.387089e-01	7.875923e-01
17	7.875923e-01	8.364758e-01
18	8.364758e-01	8.853592e-01
19	8.853592e-01	9.342426e-01
20	9.342426e-01	9.831260e-01
21	9.831260e-01	1.032009e+00
22	1.032009e+00	1.080893e+00
23	1.080893e+00	1.129776e+00
24	1.129776e+00	1.178660e+00
25	1.178660e+00	1.227543e+00
26	1.227543e+00	1.276427e+00
27	1.276427e+00	1.325310e+00
28	1.325310e+00	1.374193e+00
29	1.374193e+00	1.423077e+00
30	1.423077e+00	1.471960e+00
31	1.471960e+00	1.520844e+00
32	1.520844e+00	1.569727e+00
33	1.569727e+00	1.618611e+00
34	1.618611e+00	1.667494e+00
35	1.667494e+00	1.716377e+00
36	1.716377e+00	1.765261e+00
37	1.765261e+00	1.814144e+00
38	1.814144e+00	1.863028e+00
39	1.863028e+00	1.911911e+00
40	1.911911e+00	1.960795e+00
41	1.960795e+00	2.009678e+00
42	2.009678e+00	2.058561e+00
43	2.058561e+00	2.107445e+00
44	2.107445e+00	2.156328e+00
45	2.156328e+00	2.205212e+00
46	2.205212e+00	2.254095e+00
47	2.254095e+00	2.302979e+00
48	2.302979e+00	2.351862e+00
49	2.351862e+00	2.400745e+00
50	2.400745e+00	2.449629e+00
51	2.449629e+00	2.498512e+00
52	2.498512e+00	2.547396e+00
53	2.547396e+00	2.596279e+00
54	2.596279e+00	2.645163e+00
55	2.645163e+00	2.694046e+00
56	2.694046e+00	2.742929e+00
57	2.742929e+00	2.791813e+00
58	2.791813e+00	2.840696e+00
59	2.840696e+00	2.889580e+00
60	2.889580e+00	2.938463e+00
61	2.938463e+00	2.987346e+00
62	2.987346e+00	3.036230e+00
63	3.036230e+00	3.085113e+00
64	3.085113e+00	3.133997e+00
65	3.133997e+00	3.182880e+00
66	3.182880e+00	3.231764e+00
67	3.231764e+00	3.280647e+00
68	3.280647e+00	3.329530e+00
69	3.329530e+00	3.378414e+00
70	3.378414e+00	3.427297e+00
71	3.427297e+00	3.476181e+00
72	3.476181e+00	3.525064e+00
73	3.525064e+00	3.573948e+00
74	3.573948e+00	3.622831e+00
75	3.622831e+00	3.671714e+00
76	3.671714e+00	3.720598e+00
77	3.720598e+00	3.769481e+00
78	3.769481e+00	3.818365e+00
79	3.818365e+00	3.867248e+00
80	3.867248e+00	3.916132e+00
81	3.916132e+00	3.965015e+00
82	3.965015e+00	4.013898e+00
83	4.013898e+00	4.062782e+00
84	4.062782e+00	4.111665e+00
85	4.111665e+00	4.160549e+00
86	4.160549e+00	4.209432e+00
87	4.209432e+00	4.258316e+00
88	4.258316e+00	4.307199e+00
89	4.307199e+00	4.356082e+00
90	4.356082e+00	4.404966e+00
91	4.404966e+00	4.453849e+00
92	4.453849e+00	4.502733e+00
93	4.502733e+00	4.551616e+00
94	4.551616e+00	4.600500e+00
95	4.600500e+00	4.649383e+00
96	4.649383e+00	4.698266e+00
97	4.698266e+00	4.747150e+00
98	4.747150e+00	4.796033e+00
99	4.796033e+00	4.844917e+00
100	4.844917e+00	4.893800e+00
101	4.893800e+00	4.942684e+00
102	4.942684e+00	4.991567e+00
103	4.991567e+00	5.040450e+00
104	5.040450e+00	5.089334e+00
105	5.089334e+00	5.138217e+00
106	5.138217e+00	5.187101e+00
107	5.187101e+00	5.235984e+00
108	5.235984e+00	5.284868e+00
109	5.284868e+00	5.333751e+00
110	5.333751e+00	5.382634e+00
111	5.382634e+00	5.431518e+00
112	5.431518e+00	5.480401e+00
113	5.480401e+00	5.529285e+00
114	5.529285e+00	5.578168e+00
115	5.578168e+00	5.627051e+00
116	5.627051e+00	5.675935e+00
117	5.675935e+00	5.724818e+00
118	5.724818e+00	5.773702e+00
119	5.773702e+00	5.822585e+00
120	5.822585e+00	5.871469e+00
121	5.871469e+00	5.920352e+00
122	5.920352e+00	5.969235e+00
123	5.969235e+00	6.018119e+00
124	6.018119e+00	6.067002e+00
125	6.067002e+00	6.115886e+00
126	6.115886e+00	6.164769e+00
127	6.164769e+00	6.213653e+00
128	6.213653e+00	6.262536e+00
129	6.262536e+00	6.311419e+00
130	6.311419e+00	6.360303e+00
131	6.360303e+00	6.409186e+00
132	6.409186e+00	6.458070e+00
133	6.458070e+00	6.506953e+00
134	6.506953e+00	6.555837e+00
135	6.555837e+00	6.604720e+00
136	6.604720e+00	6.653603e+00
137	6.653603e+00	6.702487e+00
138	6.702487e+00	6.751370e+00
139	6.751370e+00	6.800254e+00
140	6.800254e+00	6.849137e+00
141	6.849137e+00	6.898021e+00
142	6.898021e+00	6.946904e+00
143	6.946904e+00	6.995787e+00
144	6.995787e+00	7.044671e+00
145	7.044671e+00	7.093554e+00
146	7.093554e+00	7.142438e+00
147	7.142438e+00	7.191321e+00
148	7.191321e+00	7.240205e+00
149	7.240205e+00	7.289088e+00
150	7.289088e+00	7.337971e+00
151	7.337971e+00	7.386855e+00
152	7.386855e+00	7.435738e+00
153	7.435738e+00	7.484622e+00
154	7.484622e+00	7.533505e+00
155	7.533505e+00	7.582389e+00
156	7.582389e+00	7.631272e+00
157	7.631272e+00	7.680155e+00
158	7.680155e+00	7.729039e+00
159	7.729039e+00	7.777922e+00
160	7.777922e+00	7.826806e+00
161	7.826806e+00	7.875689e+00
162	7.875689e+00	7.924573e+00
163	7.924573e+00	7.973456e+00
164	7.973456e+00	8.022339e+00
165	8.022339e+00	8.071223e+00
166	8.071223e+00	8.120106e+00
167	8.120106e+00	8.168990e+00
168	8.168990e+00	8.217873e+00
169	8.217873e+00	8.266756e+00
170	8.266756e+00	8.315640e+00
171	8.315640e+00	8.364523e+00
172	8.364523e+00	8.413407e+00
173	8.413407e+00	8.462290e+00
174	8.462290e+00	8.511174e+00
175	8.511174e+00	8.560057e+00
176	8.560057e+00	8.608940e+00
177	8.608940e+00	8.657824e+00
178	8.657824e+00	8.706707e+00
179	8.706707e+00	8.755591e+00
180	8.755591e+00	8.804474e+00
181	8.804474e+00	8.853358e+00
182	8.853358e+00	8.902241e+00
183	8.902241e+00	8.951124e+00
184	8.951124e+00	9.000008e+00
185	9.000008e+00	9.048891e+00
186	9.048891e+00	9.097775e+00
187	9.097775e+00	9.146658e+00
188	9.146658e+00	9.195542e+00
189	9.195542e+00	9.244425e+00
190	9.244425e+00	9.293308e+00
191	9.293308e+00	9.342192e+00
192	9.342192e+00	9.391075e+00
193	9.391075e+00	9.439959e+00
194	9.439959e+00	9.488842e+00
195	9.488842e+00	9.537726e+00
196	9.537726e+00	9.586609e+00
197	9.586609e+00	9.635492e+00
198	9.635492e+00	9.684376e+00
199	9.684376e+00	9.733259e+00
200	9.733259e+00	9.782143e+00
201	9.782143e+00	9.831026e+00
202	9.831026e+00	9.879910e+00
203	9.879910e+00	9.928793e+00
204	9.928793e+00	9.977676e+00
205	9.977676e+00	1.002656e+01
206	1.002656e+01	1.007544e+01
207	1.007544e+01	1.012433e+01
208	1.012433e+01	1.017321e+01
209	1.017321e+01	1.022209e+01
210	1.022209e+01	1.027098e+01
211	1.027098e+01	1.031986e+01
212	1.031986e+01	1.036874e+01
213	1.036874e+01	1.041763e+01
214	1.041763e+01	1.046651e+01
215	1.046651e+01	1.051539e+01
216	1.051539e+01	1.056428e+01
217	1.056428e+01	1.061316e+01
218	1.061316e+01	1.066204e+01
219	1.066204e+01	1.071093e+01
220	1.071093e+01	1.075981e+01
221	1.075981e+01	1.080869e+01
222	1.080869e+01	1.085758e+01
223	1.085758e+01	1.090646e+01
224	1.090646e+01	1.095534e+01
225	1.095534e+01	1.100423e+01
226	1.100423e+01	1.105311e+01
227	1.105311e+01	1.110200e+01
228	1.110200e+01	1.115088e+01
229	1.115088e+01	1.119976e+01
230	1.119976e+01	1.124865e+01
231	1.124865e+01	1.129753e+01
232	1.129753e+01	1.134641e+01
233	1.134641e+01	1.139530e+01
234	1.139530e+01	1.144418e+01
235	1.144418e+01	1.149306e+01
236	1.149306e+01	1.154195e+01
237	1.154195e+01	1.159083e+01
238	1.159083e+01	1.163971e+01
239	1.163971e+01	1.168860e+01
240	1.168860e+01	1.173748e+01
241	1.173748e+01	1.178636e+01
242	1.178636e+01	1.183525e+01
243	1.183525e+01	1.188413e+01
244	1.188413e+01	1.193301e+01
245	1.193301e+01	1.198190e+01
246	1.198190e+01	1.203078e+01
247	1.203078e+01	1.207966e+01
248	1.207966e+01	1.212855e+01
249	1.212855e+01	1.217743e+01
250	1.217743e+01	1.222631e+01
251	1.222631e+01	1.227520e+01
252	1.227520e+01	1.232408e+01
253	1.232408e+01	1.237296e+01
254	1.237296e+01	1.242185e+01
255	1.242185e+01	1.247073e+01
256	1.247073e+01	1.251961e+01
257	1.251961e+01	1.256850e+01
258	1.256850e+01	1.261738e+01
259	1.261738e+01	1.266626e+01
260	1.266626e+01	1.271515e+01
261	1.271515e+01	1.276403e+01
262	1.276403e+01	1.281292e+01
263	1.281292e+01	1.286180e+01
264	1.286180e+01	1.291068e+01
265	1.291068e+01	1.295957e+01
266	1.295957e+01	1.300845e+01
267	1.300845e+01	1.305733e+01
268	1.305733e+01	1.310622e+01
269	1.310622e+01	1.315510e+01
270	1.315510e+01	1.320398e+01
271	1.320398e+01	1.325287e+01
272	1.325287e+01	1.330175e+01
273	1.330175e+01	1.335063e+01
274	1.335063e+01	1.339952e+01
275	1.339952e+01	1.344840e+01
276	1.344840e+01	1.349728e+01
277	1.349728e+01	1.354617e+01
278	1.354617e+01	1.359505e+01
279	1.359505e+01	1.364393e+01
280	1.364393e+01	1.369282e+01
281	1.369282e+01	1.374170e+01
282	1.374170e+01	1.379058e+01
283	1.379058e+01	1.383947e+01
284	1.383947e+01	1.388835e+01
285	1.388835e+01	1.393723e+01
286	1.393723e+01	1.398612e+01
287	1.398612e+01	1.403500e+01
288	1.403500e+01	1.408388e+01
289	1.408388e+01	1.413277e+01
290	1.413277e+01	1.418165e+01
291	1.418165e+01	1.423053e+01
292	1.423053e+01	1.427942e+01
293	1.427942e+01	1.432830e+01
294	1.432830e+01	1.437718e+01
295	1.437718e+01	1.442607e+01
296	1.442607e+01	1.447495e+01
297	1.447495e+01	1.452384e+01
298	1.452384e+01	1.457272e+01
299	1.457272e+01	1.462160e+01
300	1.462160e+01	1.467049e+01
301	1.467049e+01	1.471937e+01
302	1.471937e+01	1.476825e+01
303	1.476825e+01	1.481714e+01
304	1.481714e+01	1.486602e+01
305	1.486602e+01	1.491490e+01
306	1.491490e+01	1.496379e+01
307	1.496379e+01	1.501267e+01
308	1.501267e+01	1.506155e+01
309	1.506155e+01	1.511044e+01
310	1.511044e+01	1.515932e+01
311	1.515932e+01	1.520820e+01
312	1.520820e+01	1.525709e+01
313	1.525709e+01	1.530597e+01
314	1.530597e+01	1.535485e+01
315	1.535485e+01	1.540374e+01
316	1.540374e+01	1.545262e+01
317	1.545262e+01	1.550150e+01
318	1.550150e+01	1.555039e+01
319	1.555039e+01	1.559927e+01
320	1.559927e+01	1.564815e+01
321	1.564815e+01	1.569704e+01
322	1.569704e+01	1.574592e+01
323	1.574592e+01	1.579480e+01
324	1.579480e+01	1.584369e+01
325	1.584369e+01	1.589257e+01
326	1.589257e+01	1.594145e+01
327	1.594145e+01	1.599034e+01
328	1.599034e+01	1.603922e+01
329	1.603922e+01	1.608810e+01
330	1.608810e+01	1.613699e+01
331	1.613699e+01	1.618587e+01
332	1.618587e+01	1.623475e+01
333	1.623475e+01	1.628364e+01
334	1.628364e+01	1.633252e+01
335	1.633252e+01	1.638141e+01
336	1.638141e+01	1.643029e+01
337	1.643029e+01	1.647917e+01
338	1.647917e+01	1.652806e+01
339	1.652806e+01	1.657694e+01
340	1.657694e+01	1.662582e+01
341	1.662582e+01	1.667471e+01
342	1.667471e+01	1.672359e+01
343	1.672359e+01	1.677247e+01
344	1.677247e+01	1.682136e+01
345	1.682136e+01	1.687024e+01
346	1.687024e+01	1.691912e+01
347	1.691912e+01	1.696801e+01
348	1.696801e+01	1.701689e+01
349	1.701689e+01	1.706577e+01
350	1.706577e+01	1.711466e+01
351	1.711466e+01	1.716354e+01
352	1.716354e+01	1.721242e+01
353	1.721242e+01	1.726131e+01
354	1.726131e+01	1.731019e+01
355	1.731019e+01	1.735907e+01
356	1.735907e+01	1.740796e+01
357	1.740796e+01	1.745684e+01
358	1.745684e+01	1.750572e+01
359	1.750572e+01	1.755461e+01
360	1.755461e+01	1.760349e+01
361	1.760349e+01	1.765237e+01
362	1.765237e+01	1.770126e+01
363	1.770126e+01	1.775014e+01
364	1.775014e+01	1.779902e+01
365	1.779902e+01	1.784791e+01
366	1.784791e+01	1.789679e+01
367	1.789679e+01	1.794567e+01
368	1.794567e+01	1.799456e+01
369	1.799456e+01	1.804344e+01
370	1.804344e+01	1.809233e+01
371	1.809233e+01	1.814121e+01
372	1.814121e+01	1.819009e+01
373	1.819009e+01	1.823898e+01
374	1.823898e+01	1.828786e+01
375	1.828786e+01	1.833674e+01
376	1.833674e+01	1.838563e+01
377	1.838563e+01	1.843451e+01
378	1.843451e+01	1.848339e+01
379	1.848339e+01	1.853228e+01
380	1.853228e+01	1.858116e+01
381	1.858116e+01	1.863004e+01
382	1.863004e+01	1.867893e+01
383	1.867893e+01	1.872781e+01
384	1.872781e+01	1.877669e+01
385	1.877669e+01	1.882558e+01
386	1.882558e+01	1.887446e+01
387	1.887446e+01	1.892334e+01
388	1.892334e+01	1.897223e+01
389	1.897223e+01	1.902111e+01
390	1.902111e+01	1.906999e+01
391	1.906999e+01	1.911888e+01
392	1.911888e+01	1.916776e+01
393	1.916776e+01	1.921664e+01
394	1.921664e+01	1.926553e+01
395	1.926553e+01	1.931441e+01
396	1.931441e+01	1.936329e+01
397	1.936329e+01	1.941218e+01
398	1.941218e+01	1.946106e+01
399	1.946106e+01	1.950994e+01
400	1.950994e+01	1.955883e+01
401	1.955883e+01	1.960771e+01
402	1.960771e+01	1.965659e+01
403	1.965659e+01	1.970548e+01
404	1.970548e+01	1.975436e+01
405	1.975436e+01	1.980325e+01
406	1.980325e+01	1.985213e+01
407	1.985213e+01	1.990101e+01
408	1.990101e+01	1.994990e+01
409	1.994990e+01	1.999878e+01
410	1.999878e+01	2.004766e+01
411	2.004766e+01	2.009655e+01
412	2.009655e+01	2.014543e+01
413	2.014543e+01	2.019431e+01
414	2.019431e+01	2.024320e+01
415	2.024320e+01	2.029208e+01
416	2.029208e+01	2.034096e+01
417	2.034096e+01	2.038985e+01
418	2.038985e+01	2.043873e+01
419	2.043873e+01	2.048761e+01
420	2.048761e+01	2.053650e+01
421	2.053650e+01	2.058538e+01
422	2.058538e+01	2.063426e+01
423	2.063426e+01	2.068315e+01
424	2.068315e+01	2.073203e+01
425	2.073203e+01	2.078091e+01
426	2.078091e+01	2.082980e+01
427	2.082980e+01	2.087868e+01
428	2.087868e+01	2.092756e+01
429	2.092756e+01	2.097645e+01
430	2.097645e+01	2.102533e+01
431	2.102533e+01	2.107421e+01
432	2.107421e+01	2.112310e+01
433	2.112310e+01	2.117198e+01
434	2.117198e+01	2.122086e+01
435	2.122086e+01	2.126975e+01
436	2.126975e+01	2.131863e+01
437	2.131863e+01	2.136751e+01
438	2.136751e+01	2.141640e+01
439	2.141640e+01	2.146528e+01
440	2.146528e+01	2.151416e+01
441	2.151416e+01	2.156305e+01
442	2.156305e+01	2.161193e+01
443	2.161193e+01	2.166082e+01
444	2.166082e+01	2.170970e+01
445	2.170970e+01	2.175858e+01
446	2.175858e+01	2.180747e+01
447	2.180747e+01	2.185635e+01
448	2.185635e+01	2.190523e+01
449	2.190523e+01	2.195412e+01
450	2.195412e+01	2.200300e+01
451	2.200300e+01	2.205188e+01
452	2.205188e+01	2.210077e+01
453	2.210077e+01	2.214965e+01
454	2.214965e+01	2.219853e+01
455	2.219853e+01	2.224742e+01
456	2.224742e+01	2.229630e+01
457	2.229630e+01	2.234518e+01
458	2.234518e+01	2.239407e+01
459	2.239407e+01	2.244295e+01
460	2.244295e+01	2.249183e+01
461	2.249183e+01	2.254072e+01
462	2.254072e+01	2.258960e+01
463	2.258960e+01	2.263848e+01
464	2.263848e+01	2.268737e+01
465	2.268737e+01	2.273625e+01
466	2.273625e+01	2.278513e+01
467	2.278513e+01	2.283402e+01
468	2.283402e+01	2.288290e+01
469	2.288290e+01	2.293178e+01
470	2.293178e+01	2.298067e+01
471	2.298067e+01	2.302955e+01
472	2.302955e+01	2.307843e+01
473	2.307843e+01	2.312732e+01
474	2.312732e+01	2.317620e+01
475	2.317620e+01	2.322508e+01
476	2.322508e+01	2.327397e+01
477	2.327397e+01	2.332285e+01
478	2.332285e+01	2.337174e+01
479	2.337174e+01	2.342062e+01
480	2.342062e+01	2.346950e+01
481	2.346950e+01	2.351839e+01
482	2.351839e+01	2.356727e+01
483	2.356727e+01	2.361615e+01
484	2.361615e+01	2.366504e+01
485	2.366504e+01	2.371392e+01
486	2.371392e+01	2.376280e+01
487	2.376280e+01	2.381169e+01
488	2.381169e+01	2.386057e+01
489	2.386057e+01	2.390945e+01
490	2.390945e+01	2.395834e+01
491	2.395834e+01	2.400722e+01
492	2.400722e+01	2.405610e+01
493	2.405610e+01	2.410499e+01
494	2.410499e+01	2.415387e+01
495	2.415387e+01	2.420275e+01
496	2.420275e+01	2.425164e+01
497	2.425164e+01	2.430052e+01
498	2.430052e+01	2.434940e+01
499	2.434940e+01	2.439829e+01
500	2.439829e+01	2.444717e+01
501	2.444717e+01	2.449605e+01
502	2.449605e+01	2.454494e+01
503	2.454494e+01	2.459382e+01
504	2.459382e+01	2.464270e+01
505	2.464270e+01	2.469159e+01
506	2.469159e+01	2.474047e+01
507	2.474047e+01	2.478935e+01
508	2.478935e+01	2.483824e+01
509	2.483824e+01	2.488712e+01
510	2.488712e+01	2.493600e+01
511	2.493600e+01	2.498489e+01
512	2.498489e+01	2.503377e+01
513	2.503377e+01	2.508266e+01
514	2.508266e+01	2.513154e+01
515	2.513154e+01	2.518042e+01
516	2.518042e+01	2.522931e+01
517	2.522931e+01	2.527819e+01
518	2.527819e+01	2.532707e+01
519	2.532707e+01	2.537596e+01
520	2.537596e+01	2.542484e+01
521	2.542484e+01	2.547372e+01
522	2.547372e+01	2.552261e+01
523	2.552261e+01	2.557149e+01
524	2.557149e+01	2.562037e+01
525	2.562037e+01	2.566926e+01
526	2.566926e+01	2.571814e+01
527	2.571814e+01	2.576702e+01
528	2.576702e+01	2.581591e+01
529	2.581591e+01	2.586479e+01
530	2.586479e+01	2.591367e+01
531	2.591367e+01	2.596256e+01
532	2.596256e+01	2.601144e+01
533	2.601144e+01	2.606032e+01
534	2.606032e+01	2.610921e+01
535	2.610921e+01	2.615809e+01
536	2.615809e+01	2.620697e+01
537	2.620697e+01	2.625586e+01
538	2.625586e+01	2.630474e+01
539	2.630474e+01	2.635362e+01
540	2.635362e+01	2.640251e+01
541	2.640251e+01	2.645139e+01
542	2.645139e+01	2.650027e+01
543	2.650027e+01	2.654916e+01
544	2.654916e+01	2.659804e+01
545	2.659804e+01	2.664692e+01
546	2.664692e+01	2.669581e+01
547	2.669581e+01	2.674469e+01
548	2.674469e+01	2.679357e+01
549	2.679357e+01	2.684246e+01
550	2.684246e+01	2.689134e+01
551	2.689134e+01	2.694023e+01
552	2.694023e+01	2.698911e+01
553	2.698911e+01	2.703799e+01
554	2.703799e+01	2.708688e+01
555	2.708688e+01	2.713576e+01
556	2.713576e+01	2.718464e+01
557	2.718464e+01	2.723353e+01
558	2.723353e+01	2.728241e+01
559	2.728241e+01	2.733129e+01
560	2.733129e+01	2.738018e+01
561	2.738018e+01	2.742906e+01
562	2.742906e+01	2.747794e+01
563	2.747794e+01	2.752683e+01
564	2.752683e+01	2.757571e+01
565	2.757571e+01	2.762459e+01
566	2.762459e+01	2.767348e+01
567	2.767348e+01	2.772236e+01
568	2.772236e+01	2.777124e+01
569	2.777124e+01	2.782013e+01
570	2.782013e+01	2.786901e+01
571	2.786901e+01	2.791789e+01
572	2.791789e+01	2.796678e+01
573	2.796678e+01	2.801566e+01
574	2.801566e+01	2.806454e+01
575	2.806454e+01	2.811343e+01
576	2.811343e+01	2.816231e+01
577	2.816231e+01	2.821119e+01
578	2.821119e+01	2.826008e+01
579	2.826008e+01	2.830896e+01
580	2.830896e+01	2.835784e+01
581	2.835784e+01	2.840673e+01
582	2.840673e+01	2.845561e+01
583	2.845561e+01	2.850449e+01
584	2.850449e+01	2.855338e+01
585	2.855338e+01	2.860226e+01
586	2.860226e+01	2.865115e+01
587	2.865115e+01	2.870003e+01
588	2.870003e+01	2.874891e+01
589	2.874891e+01	2.879780e+01
590	2.879780e+01	2.884668e+01
591	2.884668e+01	2.889556e+01
592	2.889556e+01	2.894445e+01
593	2.894445e+01	2.899333e+01
594	2.899333e+01	2.904221e+01
595	2.904221e+01	2.909110e+01
596	2.909110e+01	2.913998e+01
597	2.913998e+01	2.918886e+01
598	2.918886e+01	2.923775e+01
599	2.923775e+01	2.928663e+01
600	2.928663e+01	2.933551e+01
601	2.933551e+01	2.938440e+01
602	2.938440e+01	2.943328e+01
603	2.943328e+01	2.948216e+01
604	2.948216e+01	2.953105e+01
605	2.953105e+01	2.957993e+01
606	2.957993e+01	2.962881e+01
607	2.962881e+01	2.967770e+01
608	2.967770e+01	2.972658e+01
609	2.972658e+01	2.977546e+01
610	2.977546e+01	2.982435e+01
611	2.982435e+01	2.987323e+01
612	2.987323e+01	2.992211e+01
613	2.992211e+01	2.997100e+01
614	2.997100e+01	3.001988e+01
615	3.001988e+01	3.006876e+01
616	3.006876e+01	3.011765e+01
617	3.011765e+01	3.016653e+01
618	3.016653e+01	3.021541e+01
619	3.021541e+01	3.026430e+01
620	3.026430e+01	3.031318e+01
621	3.031318e+01	3.036207e+01
622	3.036207e+01	3.041095e+01
623	3.041095e+01	3.045983e+01
624	3.045983e+01	3.050872e+01
625	3.050872e+01	3.055760e+01
626	3.055760e+01	3.060648e+01
627	3.060648e+01	3.065537e+01
628	3.065537e+01	3.070425e+01
629	3.070425e+01	3.075313e+01
630	3.075313e+01	3.080202e+01
631	3.080202e+01	3.085090e+01
632	3.085090e+01	3.089978e+01
633	3.089978e+01	3.094867e+01
634	3.094867e+01	3.099755e+01
635	3.099755e+01	3.104643e+01
636	3.104643e+01	3.109532e+01
637	3.109532e+01	3.114420e+01
638	3.114420e+01	3.119308e+01
639	3.119308e+01	3.124197e+01
640	3.124197e+01	3.129085e+01
641	3.129085e+01	3.133973e+01
642	3.133973e+01	3.138862e+01
643	3.138862e+01	3.143750e+01
644	3.143750e+01	3.148638e+01
645	3.148638e+01	3.153527e+01
646	3.153527e+01	3.158415e+01
647	3.158415e+01	3.163303e+01
648	3.163303e+01	3.168192e+01
649	3.168192e+01	3.173080e+01
650	3.173080e+01	3.177968e+01
651	3.177968e+01	3.182857e+01
652	3.182857e+01	3.187745e+01
653	3.187745e+01	3.192633e+01
654	3.192633e+01	3.197522e+01
655	3.197522e+01	3.202410e+01
656	3.202410e+01	3.207298e+01
657	3.207298e+01	3.212187e+01
658	3.212187e+01	3.217075e+01
659	3.217075e+01	3.221964e+01
660	3.221964e+01	3.226852e+01
661	3.226852e+01	3.231740e+01
662	3.231740e+01	3.236629e+01
663	3.236629e+01	3.241517e+01
664	3.241517e+01	3.246405e+01
665	3.246405e+01	3.251294e+01
666	3.251294e+01	3.256182e+01
667	3.256182e+01	3.261070e+01
668	3.261070e+01	3.265959e+01
669	3.265959e+01	3.270847e+01
670	3.270847e+01	3.275735e+01
671	3.275735e+01	3.280624e+01
672	3.280624e+01	3.285512e+01
673	3.285512e+01	3.290400e+01
674	3.290400e+01	3.295289e+01
675	3.295289e+01	3.300177e+01
676	3.300177e+01	3.305065e+01
677	3.305065e+01	3.309954e+01
678	3.309954e+01	3.314842e+01
679	3.314842e+01	3.319730e+01
680	3.319730e+01	3.324619e+01
681	3.324619e+01	3.329507e+01
682	3.329507e+01	3.334395e+01
683	3.334395e+01	3.339284e+01
684	3.339284e+01	3.344172e+01
685	3.344172e+01	3.349060e+01
686	3.349060e+01	3.353949e+01
687	3.353949e+01	3.358837e+01
688	3.358837e+01	3.363725e+01
689	3.363725e+01	3.368614e+01
690	3.368614e+01	3.373502e+01
691	3.373502e+01	3.378390e+01
692	3.378390e+01	3.383279e+01
693	3.383279e+01	3.388167e+01
694	3.388167e+01	3.393056e+01
695	3.393056e+01	3.397944e+01
696	3.397944e+01	3.402832e+01
697	3.402832e+01	3.407721e+01
698	3.407721e+01	3.412609e+01
699	3.412609e+01	3.417497e+01
700	3.417497e+01	3.422386e+01
701	3.422386e+01	3.427274e+01
702	3.427274e+01	3.432162e+01
703	3.432162e+01	3.437051e+01
704	3.437051e+01	3.441939e+01
705	3.441939e+01	3.446827e+01
706	3.446827e+01	3.451716e+01
707	3.451716e+01	3.456604e+01
708	3.456604e+01	3.461492e+01
709	3.461492e+01	3.466381e+01
710	3.466381e+01	3.471269e+01
711	3.471269e+01	3.476157e+01
712	3.476157e+01	3.481046e+01
713	3.481046e+01	3.485934e+01
714	3.485934e+01	3.490822e+01
715	3.490822e+01	3.495711e+01
716	3.495711e+01	3.500599e+01
717	3.500599e+01	3.505487e+01
718	3.505487e+01	3.510376e+01
719	3.510376e+01	3.515264e+01
720	3.515264e+01	3.520152e+01
721	3.520152e+01	3.525041e+01
722	3.525041e+01	3.529929e+01
723	3.529929e+01	3.534817e+01
724	3.534817e+01	3.539706e+01
725	3.539706e+01	3.544594e+01
726	3.544594e+01	3.549482e+01
727	3.549482e+01	3.554371e+01
728	3.554371e+01	3.559259e+01
729	3.559259e+01	3.564148e+01
730	3.564148e+01	3.569036e+01
731	3.569036e+01	3.573924e+01
732	3.573924e+01	3.578813e+01
733	3.578813e+01	3.583701e+01
734	3.583701e+01	3.588589e+01
735	3.588589e+01	3.593478e+01
736	3.593478e+01	3.598366e+01
737	3.598366e+01	3.603254e+01
738	3.603254e+01	3.608143e+01
739	3.608143e+01	3.613031e+01
740	3.613031e+01	3.617919e+01
741	3.617919e+01	3.622808e+01
742	3.622808e+01	3.627696e+01
743	3.627696e+01	3.632584e+01
744	3.632584e+01	3.637473e+01
745	3.637473e+01	3.642361e+01
746	3.642361e+01	3.647249e+01
747	3.647249e+01	3.652138e+01
748	3.652138e+01	3.657026e+01
749	3.657026e+01	3.661914e+01
750	3.661914e+01	3.666803e+01
751	3.666803e+01	3.671691e+01
752	3.671691e+01	3.676579e+01
753	3.676579e+01	3.681468e+01
754	3.681468e+01	3.686356e+01
755	3.686356e+01	3.691244e+01
756	3.691244e+01	3.696133e+01
757	3.696133e+01	3.701021e+01
758	3.701021e+01	3.705909e+01
759	3.705909e+01	3.710798e+01
760	3.710798e+01	3.715686e+01
761	3.715686e+01	3.720574e+01
762	3.720574e+01	3.725463e+01
763	3.725463e+01	3.730351e+01
764	3.730351e+01	3.735239e+01
765	3.735239e+01	3.740128e+01
766	3.740128e+01	3.745016e+01
767	3.745016e+01	3.749905e+01
768	3.749905e+01	3.754793e+01
769	3.754793e+01	3.759681e+01
770	3.759681e+01	3.764570e+01
771	3.764570e+01	3.769458e+01
772	3.769458e+01	3.774346e+01
773	3.774346e+01	3.779235e+01
774	3.779235e+01	3.784123e+01
775	3.784123e+01	3.789011e+01
776	3.789011e+01	3.793900e+01
777	3.793900e+01	3.798788e+01
778	3.798788e+01	3.803676e+01
779	3.803676e+01	3.808565e+01
780	3.808565e+01	3.813453e+01
781	3.813453e+01	3.818341e+01
782	3.818341e+01	3.823230e+01
783	3.823230e+01	3.828118e+01
784	3.828118e+01	3.833006e+01
785	3.833006e+01	3.837895e+01
786	3.837895e+01	3.842783e+01
787	3.842783e+01	3.847671e+01
788	3.847671e+01	3.852560e+01
789	3.852560e+01	3.857448e+01
790	3.857448e+01	3.862336e+01
791	3.862336e+01	3.867225e+01
792	3.867225e+01	3.872113e+01
793	3.872113e+01	3.877001e+01
794	3.877001e+01	3.881890e+01
795	3.881890e+01	3.886778e+01
796	3.886778e+01	3.891666e+01
797	3.891666e+01	3.896555e+01
798	3.896555e+01	3.901443e+01
799	3.901443e+01	3.906331e+01
800	3.906331e+01	3.911220e+01
801	3.911220e+01	3.916108e+01
802	3.916108e+01	3.920997e+01
803	3.920997e+01	3.925885e+01
804	3.925885e+01	3.930773e+01
805	3.930773e+01	3.935662e+01
806	3.935662e+01	3.940550e+01
807	3.940550e+01	3.945438e+01
808	3.945438e+01	3.950327e+01
809	3.950327e+01	3.955215e+01
810	3.955215e+01	3.960103e+01
811	3.960103e+01	3.964992e+01
812	3.964992e+01	3.969880e+01
813	3.969880e+01	3.974768e+01
814	3.974768e+01	3.979657e+01
815	3.979657e+01	3.984545e+01
816	3.984545e+01	3.989433e+01
817	3.989433e+01	3.994322e+01
818	3.994322e+01	3.999210e+01
819	3.999210e+01	4.004098e+01
820	4.004098e+01	4.008987e+01
821	4.008987e+01	4.013875e+01
822	4.013875e+01	4.018763e+01
823	4.018763e+01	4.023652e+01
824	4.023652e+01	4.028540e+01
825	4.028540e+01	4.033428e+01
826	4.033428e+01	4.038317e+01
827	4.038317e+01	4.043205e+01
828	4.043205e+01	4.048093e+01
829	4.048093e+01	4.052982e+01
830	4.052982e+01	4.057870e+01
831	4.057870e+01	4.062758e+01
832	4.062758e+01	4.067647e+01
833	4.067647e+01	4.072535e+01
834	4.072535e+01	4.077423e+01
835	4.077423e+01	4.082312e+01
836	4.082312e+01	4.087200e+01
837	4.087200e+01	4.092089e+01
838	4.092089e+01	4.096977e+01
839	4.096977e+01	4.101865e+01
840	4.101865e+01	4.106754e+01
841	4.106754e+01	4.111642e+01
842	4.111642e+01	4.116530e+01
843	4.116530e+01	4.121419e+01
844	4.121419e+01	4.126307e+01
845	4.126307e+01	4.131195e+01
846	4.131195e+01	4.136084e+01
847	4.136084e+01	4.140972e+01
848	4.140972e+01	4.145860e+01
849	4.145860e+01	4.150749e+01
850	4.150749e+01	4.155637e+01
851	4.155637e+01	4.160525e+01
852	4.160525e+01	4.165414e+01
853	4.165414e+01	4.170302e+01
854	4.170302e+01	4.175190e+01
855	4.175190e+01	4.180079e+01
856	4.180079e+01	4.184967e+01
857	4.184967e+01	4.189855e+01
858	4.189855e+01	4.194744e+01
859	4.194744e+01	4.199632e+01
860	4.199632e+01	4.204520e+01
861	4.204520e+01	4.209409e+01
862	4.209409e+01	4.214297e+01
863	4.214297e+01	4.219185e+01
864	4.219185e+01	4.224074e+01
865	4.224074e+01	4.228962e+01
866	4.228962e+01	4.233850e+01
867	4.233850e+01	4.238739e+01
868	4.238739e+01	4.243627e+01
869	4.243627e+01	4.248515e+01
870	4.248515e+01	4.253404e+01
871	4.253404e+01	4.258292e+01
872	4.258292e+01	4.263180e+01
873	4.263180e+01	4.268069e+01
874	4.268069e+01	4.272957e+01
875	4.272957e+01	4.277846e+01
876	4.277846e+01	4.282734e+01
877	4.282734e+01	4.287622e+01
878	4.287622e+01	4.292511e+01
879	4.292511e+01	4.297399e+01
880	4.297399e+01	4.302287e+01
881	4.302287e+01	4.307176e+01
882	4.307176e+01	4.312064e+01
883	4.312064e+01	4.316952e+01
884	4.316952e+01	4.321841e+01
885	4.321841e+01	4.326729e+01
886	4.326729e+01	4.331617e+01
887	4.331617e+01	4.336506e+01
888	4.336506e+01	4.341394e+01
889	4.341394e+01	4.346282e+01
890	4.346282e+01	4.351171e+01
891	4.351171e+01	4.356059e+01
892	4.356059e+01	4.360947e+01
893	4.360947e+01	4.365836e+01
894	4.365836e+01	4.370724e+01
895	4.370724e+01	4.375612e+01
896	4.375612e+01	4.380501e+01
897	4.380501e+01	4.385389e+01
898	4.385389e+01	4.390277e+01
899	4.390277e+01	4.395166e+01
900	4.395166e+01	4.400054e+01
901	4.400054e+01	4.404942e+01
902	4.404942e+01	4.409831e+01
903	4.409831e+01	4.414719e+01
904	4.414719e+01	4.419607e+01
905	4.419607e+01	4.424496e+01
906	4.424496e+01	4.429384e+01
907	4.429384e+01	4.434272e+01
908	4.434272e+01	4.439161e+01
909	4.439161e+01	4.444049e+01
910	4.444049e+01	4.448938e+01
911	4.448938e+01	4.453826e+01
912	4.453826e+01	4.458714e+01
913	4.458714e+01	4.463603e+01
914	4.463603e+01	4.468491e+01
915	4.468491e+01	4.473379e+01
916	4.473379e+01	4.478268e+01
917	4.478268e+01	4.483156e+01
918	4.483156e+01	4.488044e+01
919	4.488044e+01	4.492933e+01
920	4.492933e+01	4.497821e+01
921	4.497821e+01	4.502709e+01
922	4.502709e+01	4.507598e+01
923	4.507598e+01	4.512486e+01
924	4.512486e+01	4.517374e+01
925	4.517374e+01	4.522263e+01
926	4.522263e+01	4.527151e+01
927	4.527151e+01	4.532039e+01
928	4.532039e+01	4.536928e+01
929	4.536928e+01	4.541816e+01
930	4.541816e+01	4.546704e+01
931	4.546704e+01	4.551593e+01
932	4.551593e+01	4.556481e+01
933	4.556481e+01	4.561369e+01
934	4.561369e+01	4.566258e+01
935	4.566258e+01	4.571146e+01
936	4.571146e+01	4.576034e+01
937	4.576034e+01	4.580923e+01
938	4.580923e+01	4.585811e+01
939	4.585811e+01	4.590699e+01
940	4.590699e+01	4.595588e+01
941	4.595588e+01	4.600476e+01
942	4.600476e+01	4.605364e+01
943	4.605364e+01	4.610253e+01
944	4.610253e+01	4.615141e+01
945	4.615141e+01	4.620030e+01
946	4.620030e+01	4.624918e+01
947	4.624918e+01	4.629806e+01
948	4.629806e+01	4.634695e+01
949	4.634695e+01	4.639583e+01
950	4.639583e+01	4.644471e+01
951	4.644471e+01	4.649360e+01
952	4.649360e+01	4.654248e+01
953	4.654248e+01	4.659136e+01
954	4.659136e+01	4.664025e+01
955	4.664025e+01	4.668913e+01
956	4.668913e+01	4.673801e+01
957	4.673801e+01	4.678690e+01
958	4.678690e+01	4.683578e+01
959	4.683578e+01	4.688466e+01
960	4.688466e+01	4.693355e+01
961	4.693355e+01	4.698243e+01
962	4.698243e+01	4.703131e+01
963	4.703131e+01	4.708020e+01
964	4.708020e+01	4.712908e+01
965	4.712908e+01	4.717796e+01
966	4.717796e+01	4.722685e+01
967	4.722685e+01	4.727573e+01
968	4.727573e+01	4.732461e+01
969	4.732461e+01	4.737350e+01
970	4.737350e+01	4.742238e+01
971	4.742238e+01	4.747126e+01
972	4.747126e+01	4.752015e+01
973	4.752015e+01	4.756903e+01
974	4.756903e+01	4.761791e+01
975	4.761791e+01	4.766680e+01
976	4.766680e+01	4.771568e+01
977	4.771568e+01	4.776456e+01
978	4.776456e+01	4.781345e+01
979	4.781345e+01	4.786233e+01
980	4.786233e+01	4.791121e+01
981	4.791121e+01	4.796010e+01
982	4.796010e+01	4.800898e+01
983	4.800898e+01	4.805787e+01
984	4.805787e+01	4.810675e+01
985	4.810675e+01	4.815563e+01
986	4.815563e+01	4.820452e+01
987	4.820452e+01	4.825340e+01
988	4.825340e+01	4.830228e+01
989	4.830228e+01	4.835117e+01
990	4.835117e+01	4.840005e+01
991	4.840005e+01	4.844893e+01
992	4.844893e+01	4.849782e+01
993	4.849782e+01	4.854670e+01
994	4.854670e+01	4.859558e+01
995	4.859558e+01	4.864447e+01
996	4.864447e+01	4.869335e+01
997	4.869335e+01	4.874223e+01
998	4.874223e+01	4.879112e+01
999	4.879112e+01	4.884000e+01
1000	4.884000e+01	4.888888e+01
1000
1	0.000000e+00	1.572369e-03
2	1.572369e-03	3.144737e-03
3	3.144737e-03	4.717106e-03
4	4.717106e-03	6.289475e-03
5	6.289475e-03	7.861843e-03
6	7.861843e-03	9.434212e-03
7	9.434212e-03	1.100658e-02
8	1.100658e-02	1.257895e-02
9	1.257895e-02	1.415132e-02
10	1.415132e-02	1.572369e-02
11	1.572369e-02	1.729606e-02
12	1.729606e-02	1.886842e-02
13	1.886842e-02	2.044079e-02
14	2.044079e-02	2.201316e-02
15	2.201316e-02	2.358553e-02
16	2.358553e-02	2.515790e-02
17	2.515790e-02	2.673027e-02
18	2.673027e-02	2.830264e-02
19	2.830264e-02	2.987501e-02
20	2.987501e-02	3.144737e-02
21	3.144737e-02	3.301974e-02
22	3.301974e-02	3.459211e-02
23	3.459211e-02	3.616448e-02
24	3.616448e-02	3.773685e-02
25	3.773685e-02	3.930922e-02
26	3.930922e-02	4.088159e-02
27	4.088159e-02	4.245395e-02
28	4.245395e-02	4.402632e-02
29	4.402632e-02	4.559869e-02
30	4.559869e-02	4.717106e-02
31	4.717106e-02	4.874343e-02
32	4.874343e-02	5.031580e-02
33	5.031580e-02	5.188817e-02
34	5.188817e-02	5.346054e-02
35	5.346054e-02	5.503290e-02
36	5.503290e-02	5.660527e-02
37	5.660527e-02	5.817764e-02
38	5.817764e-02	5.975001e-02
39	5.975001e-02	6.132238e-02
40	6.132238e-02	6.289475e-02
41	6.289475e-02	6.446712e-02
42	6.446712e-02	6.603949e-02
43	6.603949e-02	6.761185e-02
44	6.761185e-02	6.918422e-02
45	6.918422e-02	7.075659e-02
46	7.075659e-02	7.232896e-02
47	7.232896e-02	7.390133e-02
48	7.390133e-02	7.547370e-02
49	7.547370e-02	7.704607e-02
50	7.704607e-02	7.861843e-02
51	7.861843e-02	8.019080e-02
52	8.019080e-02	8.176317e-02
53	8.176317e-02	8.333554e-02
54	8.333554e-02	8.490791e-02
55	8.490791e-02	8.648028e-02
56	8.648028e-02	8.805265e-02
57	8.805265e-02	8.962502e-02
58	8.962502e-02	9.119738e-02
59	9.119738e-02	9.276975e-02
60	9.276975e-02	9.434212e-02
61	9.434212e-02	9.591449e-02
62	9.591449e-02	9.748686e-02
63	9.748686e-02	9.905923e-02
64	9.905923e-02	1.006316e-01
65	1.006316e-01	1.022040e-01
66	1.022040e-01	1.037763e-01
67	1.037763e-01	1.053487e-01
68	1.053487e-01	1.069211e-01
69	1.069211e-01	1.084934e-01
70	1.084934e-01	1.100658e-01
71	1.100658e-01	1.116382e-01
72	1.116382e-01	1.132105e-01
73	1.132105e-01	1.147829e-01
74	1.147829e-01	1.163553e-01
75	1.163553e-01	1.179277e-01
76	1.179277e-01	1.195000e-01
77	1.195000e-01	1.210724e-01
78	1.210724e-01	1.226448e-01
79	1.226448e-01	1.242171e-01
80	1.242171e-01	1.257895e-01
81	1.257895e-01	1.273619e-01
82	1.273619e-01	1.289342e-01
83	1.289342e-01	1.305066e-01
84	1.305066e-01	1.320790e-01
85	1.320790e-01	1.336513e-01
86	1.336513e-01	1.352237e-01
87	1.352237e-01	1.367961e-01
88	1.367961e-01	1.383684e-01
89	1.383684e-01	1.399408e-01
90	1.399408e-01	1.415132e-01
91	1.415132e-01	1.430856e-01
92	1.430856e-01	1.446579e-01
93	1.446579e-01	1.462303e-01
94	1.462303e-01	1.478027e-01
95	1.478027e-01	1.493750e-01
96	1.493750e-01	1.509474e-01
97	1.509474e-01	1.525198e-01
98	1.525198e-01	1.540921e-01
99	1.540921e-01	1.556645e-01
100	1.556645e-01	1.572369e-01
101	1.572369e-01	1.588092e-01
102	1.588092e-01	1.603816e-01
103	1.603816e-01	1.619540e-01
104	1.619540e-01	1.635263e-01
105	1.635263e-01	1.650987e-01
106	1.650987e-01	1.666711e-01
107	1.666711e-01	1.682435e-01
108	1.682435e-01	1.698158e-01
109	1.698158e-01	1.713882e-01
110	1.713882e-01	1.729606e-01
111	1.729606e-01	1.745329e-01
112	1.745329e-01	1.761053e-01
113	1.761053e-01	1.776777e-01
114	1.776777e-01	1.792500e-01
115	1.792500e-01	1.808224e-01
116	1.808224e-01	1.823948e-01
117	1.823948e-01	1.839671e-01
118	1.839671e-01	1.855395e-01
119	1.855395e-01	1.871119e-01
120	1.871119e-01	1.886842e-01
121	1.886842e-01	1.902566e-01
122	1.902566e-01	1.918290e-01
123	1.918290e-01	1.934013e-01
124	1.934013e-01	1.949737e-01
125	1.949737e-01	1.965461e-01
126	1.965461e-01	1.981185e-01
127	1.981185e-01	1.996908e-01
128	1.996908e-01	2.012632e-01
129	2.012632e-01	2.028356e-01
130	2.028356e-01	2.044079e-01
131	2.044079e-01	2.059803e-01
132	2.059803e-01	2.075527e-01
133	2.075527e-01	2.091250e-01
134	2.091250e-01	2.106974e-01
135	2.106974e-01	2.122698e-01
136	2.122698e-01	2.138421e-01
137	2.138421e-01	2.154145e-01
138	2.154145e-01	2.169869e-01
139	2.169869e-01	2.185592e-01
140	2.185592e-01	2.201316e-01
141	2.201316e-01	2.217040e-01
142	2.217040e-01	2.232764e-01
143	2.232764e-01	2.248487e-01
144	2.248487e-01	2.264211e-01
145	2.264211e-01	2.279935e-01
146	2.279935e-01	2.295658e-01
147	2.295658e-01	2.311382e-01
148	2.311382e-01	2.327106e-01
149	2.327106e-01	2.342829e-01
150	2.342829e-01	2.358553e-01
151	2.358553e-01	2.374277e-01
152	2.374277e-01	2.390000e-01
153	2.390000e-01	2.405724e-01
154	2.405724e-01	2.421448e-01
155	2.421448e-01	2.437171e-01
156	2.437171e-01	2.452895e-01
157	2.452895e-01	2.468619e-01
158	2.468619e-01	2.484343e-01
159	2.484343e-01	2.500066e-01
160	2.500066e-01	2.515790e-01
161	2.515790e-01	2.531514e-01
162	2.531514e-01	2.547237e-01
163	2.547237e-01	2.562961e-01
164	2.562961e-01	2.578685e-01
165	2.578685e-01	2.594408e-01
166	2.594408e-01	2.610132e-01
167	2.610132e-01	2.625856e-01
168	2.625856e-01	2.641579e-01
169	2.641579e-01	2.657303e-01
170	2.657303e-01	2.673027e-01
171	2.673027e-01	2.688750e-01
172	2.688750e-01	2.704474e-01
173	2.704474e-01	2.720198e-01
174	2.720198e-01	2.735922e-01
175	2.735922e-01	2.751645e-01
176	2.751645e-01	2.767369e-01
177	2.767369e-01	2.783093e-01
178	2.783093e-01	2.798816e-01
179	2.798816e-01	2.814540e-01
180	2.814540e-01	2.830264e-01
181	2.830264e-01	2.845987e-01
182	2.845987e-01	2.861711e-01
183	2.861711e-01	2.877435e-01
184	2.877435e-01	2.893158e-01
185	2.893158e-01	2.908882e-01
186	2.908882e-01	2.924606e-01
187	2.924606e-01	2.940329e-01
188	2.940329e-01	2.956053e-01
189	2.956053e-01	2.971777e-01
190	2.971777e-01	2.987501e-01
191	2.987501e-01	3.003224e-01
192	3.003224e-01	3.018948e-01
193	3.018948e-01	3.034672e-01
194	3.034672e-01	3.050395e-01
195	3.050395e-01	3.066119e-01
196	3.066119e-01	3.081843e-01
197	3.081843e-01	3.097566e-01
198	3.097566e-01	3.113290e-01
199	3.113290e-01	3.129014e-01
200	3.129014e-01	3.144737e-01
201	3.144737e-01	3.160461e-01
202	3.160461e-01	3.176185e-01
203	3.176185e-01	3.191908e-01
204	3.191908e-01	3.207632e-01
205	3.207632e-01	3.223356e-01
206	3.223356e-01	3.239080e-01
207	3.239080e-01	3.254803e-01
208	3.254803e-01	3.270527e-01
209	3.270527e-01	3.286251e-01
210	3.286251e-01	3.301974e-01
211	3.301974e-01	3.317698e-01
212	3.317698e-01	3.333422e-01
213	3.333422e-01	3.349145e-01
214	3.349145e-01	3.364869e-01
215	3.364869e-01	3.380593e-01
216	3.380593e-01	3.396316e-01
217	3.396316e-01	3.412040e-01
218	3.412040e-01	3.427764e-01
219	3.427764e-01	3.443487e-01
220	3.443487e-01	3.459211e-01
221	3.459211e-01	3.474935e-01
222	3.474935e-01	3.490659e-01
223	3.490659e-01	3.506382e-01
224	3.506382e-01	3.522106e-01
225	3.522106e-01	3.537830e-01
226	3.537830e-01	3.553553e-01
227	3.553553e-01	3.569277e-01
228	3.569277e-01	3.585001e-01
229	3.585001e-01	3.600724e-01
230	3.600724e-01	3.616448e-01
231	3.616448e-01	3.632172e-01
232	3.632172e-01	3.647895e-01
233	3.647895e-01	3.663619e-01
234	3.663619e-01	3.679343e-01
235	3.679343e-01	3.695066e-01
236	3.695066e-01	3.710790e-01
237	3.710790e-01	3.726514e-01
238	3.726514e-01	3.742237e-01
239	3.742237e-01	3.757961e-01
240	3.757961e-01	3.773685e-01
241	3.773685e-01	3.789409e-01
242	3.789409e-01	3.805132e-01
243	3.805132e-01	3.820856e-01
244	3.820856e-01	3.836580e-01
245	3.836580e-01	3.852303e-01
246	3.852303e-01	3.868027e-01
247	3.868027e-01	3.883751e-01
248	3.883751e-01	3.899474e-01
249	3.899474e-01	3.915198e-01
250	3.915198e-01	3.930922e-01
251	3.930922e-01	3.946645e-01
252	3.946645e-01	3.962369e-01
253	3.962369e-01	3.978093e-01
254	3.978093e-01	3.993816e-01
255	3.993816e-01	4.009540e-01
256	4.009540e-01	4.025264e-01
257	4.025264e-01	4.040988e-01
258	4.040988e-01	4.056711e-01
259	4.056711e-01	4.072435e-01
260	4.072435e-01	4.088159e-01
261	4.088159e-01	4.103882e-01
262	4.103882e-01	4.119606e-01
263	4.119606e-01	4.135330e-01
264	4.135330e-01	4.151053e-01
265	4.151053e-01	4.166777e-01
266	4.166777e-01	4.182501e-01
267	4.182501e-01	4.198224e-01
268	4.198224e-01	4.213948e-01
269	4.213948e-01	4.229672e-01
270	4.229672e-01	4.245395e-01
271	4.245395e-01	4.261119e-01
272	4.261119e-01	4.276843e-01
273	4.276843e-01	4.292567e-01
274	4.292567e-01	4.308290e-01
275	4.308290e-01	4.324014e-01
276	4.324014e-01	4.339738e-01
277	4.339738e-01	4.355461e-01
278	4.355461e-01	4.371185e-01
279	4.371185e-01	4.386909e-01
280	4.386909e-01	4.402632e-01
281	4.402632e-01	4.418356e-01
282	4.418356e-01	4.434080e-01
283	4.434080e-01	4.449803e-01
284	4.449803e-01	4.465527e-01
285	4.465527e-01	4.481251e-01
286	4.481251e-01	4.496974e-01
287	4.496974e-01	4.512698e-01
288	4.512698e-01	4.528422e-01
289	4.528422e-01	4.544146e-01
290	4.544146e-01	4.559869e-01
291	4.559869e-01	4.575593e-01
292	4.575593e-01	4.591317e-01
293	4.591317e-01	4.607040e-01
294	4.607040e-01	4.622764e-01
295	4.622764e-01	4.638488e-01
296	4.638488e-01	4.654211e-01
297	4.654211e-01	4.669935e-01
298	4.669935e-01	4.685659e-01
299	4.685659e-01	4.701382e-01
300	4.701382e-01	4.717106e-01
301	4.717106e-01	4.732830e-01
302	4.732830e-01	4.748553e-01
303	4.748553e-01	4.764277e-01
304	4.764277e-01	4.780001e-01
305	4.780001e-01	4.795725e-01
306	4.795725e-01	4.811448e-01
307	4.811448e-01	4.827172e-01
308	4.827172e-01	4.842896e-01
309	4.842896e-01	4.858619e-01
310	4.858619e-01	4.874343e-01
311	4.874343e-01	4.890067e-01
312	4.890067e-01	4.905790e-01
313	4.905790e-01	4.921514e-01
314	4.921514e-01	4.937238e-01
315	4.937238e-01	4.952961e-01
316	4.952961e-01	4.968685e-01
317	4.968685e-01	4.984409e-01
318	4.984409e-01	5.000132e-01
319	5.000132e-01	5.015856e-01
320	5.015856e-01	5.031580e-01
321	5.031580e-01	5.047304e-01
322	5.047304e-01	5.063027e-01
323	5.063027e-01	5.078751e-01
324	5.078751e-01	5.094475e-01
325	5.094475e-01	5.110198e-01
326	5.110198e-01	5.125922e-01
327	5.125922e-01	5.141646e-01
328	5.141646e-01	5.157369e-01
329	5.157369e-01	5.173093e-01
330	5.173093e-01	5.188817e-01
331	5.188817e-01	5.204540e-01
332	5.204540e-01	5.220264e-01
333	5.220264e-01	5.235988e-01
334	5.235988e-01	5.251711e-01
335	5.251711e-01	5.267435e-01
336	5.267435e-01	5.283159e-01
337	5.283159e-01	5.298883e-01
338	5.298883e-01	5.314606e-01
339	5.314606e-01	5.330330e-01
340	5.330330e-01	5.346054e-01
341	5.346054e-01	5.361777e-01
342	5.361777e-01	5.377501e-01
343	5.377501e-01	5.393225e-01
344	5.393225e-01	5.408948e-01
345	5.408948e-01	5.424672e-01
346	5.424672e-01	5.440396e-01
347	5.440396e-01	5.456119e-01
348	5.456119e-01	5.471843e-01
349	5.471843e-01	5.487567e-01
350	5.487567e-01	5.503290e-01
351	5.503290e-01	5.519014e-01
352	5.519014e-01	5.534738e-01
353	5.534738e-01	5.550461e-01
354	5.550461e-01	5.566185e-01
355	5.566185e-01	5.581909e-01
356	5.581909e-01	5.597633e-01
357	5.597633e-01	5.613356e-01
358	5.613356e-01	5.629080e-01
359	5.629080e-01	5.644804e-01
360	5.644804e-01	5.660527e-01
361	5.660527e-01	5.676251e-01
362	5.676251e-01	5.691975e-01
363	5.691975e-01	5.707698e-01
364	5.707698e-01	5.723422e-01
365	5.723422e-01	5.739146e-01
366	5.739146e-01	5.754869e-01
367	5.754869e-01	5.770593e-01
368	5.770593e-01	5.786317e-01
369	5.786317e-01	5.802040e-01
370	5.802040e-01	5.817764e-01
371	5.817764e-01	5.833488e-01
372	5.833488e-01	5.849212e-01
373	5.849212e-01	5.864935e-01
374	5.864935e-01	5.880659e-01
375	5.880659e-01	5.896383e-01
376	5.896383e-01	5.912106e-01
377	5.912106e-01	5.927830e-01
378	5.927830e-01	5.943554e-01
379	5.943554e-01	5.959277e-01
380	5.959277e-01	5.975001e-01
381	5.975001e-01	5.990725e-01
382	5.990725e-01	6.006448e-01
383	6.006448e-01	6.022172e-01
384	6.022172e-01	6.037896e-01
385	6.037896e-01	6.053619e-01
386	6.053619e-01	6.069343e-01
387	6.069343e-01	6.085067e-01
388	6.085067e-01	6.100791e-01
389	6.100791e-01	6.116514e-01
390	6.116514e-01	6.132238e-01
391	6.132238e-01	6.147962e-01
392	6.147962e-01	6.163685e-01
393	6.163685e-01	6.179409e-01
394	6.179409e-01	6.195133e-01
395	6.195133e-01	6.210856e-01
396	6.210856e-01	6.226580e-01
397	6.226580e-01	6.242304e-01
398	6.242304e-01	6.258027e-01
399	6.258027e-01	6.273751e-01
400	6.273751e-01	6.289475e-01
401	6.289475e-01	6.305198e-01
402	6.305198e-01	6.320922e-01
403	6.320922e-01	6.336646e-01
404	6.336646e-01	6.352370e-01
405	6.352370e-01	6.368093e-01
406	6.368093e-01	6.383817e-01
407	6.383817e-01	6.399541e-01
408	6.399541e-01	6.415264e-01
409	6.415264e-01	6.430988e-01
410	6.430988e-01	6.446712e-01
411	6.446712e-01	6.462435e-01
412	6.462435e-01	6.478159e-01
413	6.478159e-01	6.493883e-01
414	6.493883e-01	6.509606e-01
415	6.509606e-01	6.525330e-01
416	6.525330e-01	6.541054e-01
417	6.541054e-01	6.556777e-01
418	6.556777e-01	6.572501e-01
419	6.572501e-01	6.588225e-01
420	6.588225e-01	6.603949e-01
421	6.603949e-01	6.619672e-01
422	6.619672e-01	6.635396e-01
423	6.635396e-01	6.651120e-01
424	6.651120e-01	6.666843e-01
425	6.666843e-01	6.682567e-01
426	6.682567e-01	6.698291e-01
427	6.698291e-01	6.714014e-01
428	6.714014e-01	6.729738e-01
429	6.729738e-01	6.745462e-01
430	6.745462e-01	6.761185e-01
431	6.761185e-01	6.776909e-01
432	6.776909e-01	6.792633e-01
433	6.792633e-01	6.808356e-01
434	6.808356e-01	6.824080e-01
435	6.824080e-01	6.839804e-01
436	6.839804e-01	6.855528e-01
437	6.855528e-01	6.871251e-01
438	6.871251e-01	6.886975e-01
439	6.886975e-01	6.902699e-01
440	6.902699e-01	6.918422e-01
441	6.918422e-01	6.934146e-01
442	6.934146e-01	6.949870e-01
443	6.949870e-01	6.965593e-01
444	6.965593e-01	6.981317e-01
445	6.981317e-01	6.997041e-01
446	6.997041e-01	7.012764e-01
447	7.012764e-01	7.028488e-01
448	7.028488e-01	7.044212e-01
449	7.044212e-01	7.059935e-01
450	7.059935e-01	7.075659e-01
451	7.075659e-01	7.091383e-01
452	7.091383e-01	7.107107e-01
453	7.107107e-01	7.122830e-01
454	7.122830e-01	7.138554e-01
455	7.138554e-01	7.154278e-01
456	7.154278e-01	7.170001e-01
457	7.170001e-01	7.185725e-01
458	7.185725e-01	7.201449e-01
459	7.201449e-01	7.217172e-01
460	7.217172e-01	7.232896e-01
461	7.232896e-01	7.248620e-01
462	7.248620e-01	7.264343e-01
463	7.264343e-01	7.280067e-01
464	7.280067e-01	7.295791e-01
465	7.295791e-01	7.311514e-01
466	7.311514e-01	7.327238e-01
467	7.327238e-01	7.342962e-01
468	7.342962e-01	7.358685e-01
469	7.358685e-01	7.374409e-01
470	7.374409e-01	7.390133e-01
471	7.390133e-01	7.405857e-01
472	7.405857e-01	7.421580e-01
473	7.421580e-01	7.437304e-01
474	7.437304e-01	7.453028e-01
475	7.453028e-01	7.468751e-01
476	7.468751e-01	7.484475e-01
477	7.484475e-01	7.500199e-01
478	7.500199e-01	7.515922e-01
479	7.515922e-01	7.531646e-01
480	7.531646e-01	7.547370e-01
481	7.547370e-01	7.563093e-01
482	7.563093e-01	7.578817e-01
483	7.578817e-01	7.594541e-01
484	7.594541e-01	7.610264e-01
485	7.610264e-01	7.625988e-01
486	7.625988e-01	7.641712e-01
487	7.641712e-01	7.657436e-01
488	7.657436e-01	7.673159e-01
489	7.673159e-01	7.688883e-01
490	7.688883e-01	7.704607e-01
491	7.704607e-01	7.720330e-01
492	7.720330e-01	7.736054e-01
493	7.736054e-01	7.751778e-01
494	7.751778e-01	7.767501e-01
495	7.767501e-01	7.783225e-01
496	7.783225e-01	7.798949e-01
497	7.798949e-01	7.814672e-01
498	7.814672e-01	7.830396e-01
499	7.830396e-01	7.846120e-01
500	7.846120e-01	7.861843e-01
501	7.861843e-01	7.877567e-01
502	7.877567e-01	7.893291e-01
503	7.893291e-01	7.909015e-01
504	7.909015e-01	7.924738e-01
505	7.924738e-01	7.940462e-01
506	7.940462e-01	7.956186e-01
507	7.956186e-01	7.971909e-01
508	7.971909e-01	7.987633e-01
509	7.987633e-01	8.003357e-01
510	8.003357e-01	8.019080e-01
511	8.019080e-01	8.034804e-01
512	8.034804e-01	8.050528e-01
513	8.050528e-01	8.066251e-01
514	8.066251e-01	8.081975e-01
515	8.081975e-01	8.097699e-01
516	8.097699e-01	8.113422e-01
517	8.113422e-01	8.129146e-01
518	8.129146e-01	8.144870e-01
519	8.144870e-01	8.160594e-01
520	8.160594e-01	8.176317e-01
521	8.176317e-01	8.192041e-01
522	8.192041e-01	8.207765e-01
523	8.207765e-01	8.223488e-01
524	8.223488e-01	8.239212e-01
525	8.239212e-01	8.254936e-01
526	8.254936e-01	8.270659e-01
527	8.270659e-01	8.286383e-01
528	8.286383e-01	8.302107e-01
529	8.302107e-01	8.317830e-01
530	8.317830e-01	8.333554e-01
531	8.333554e-01	8.349278e-01
532	8.349278e-01	8.365001e-01
533	8.365001e-01	8.380725e-01
534	8.380725e-01	8.396449e-01
535	8.396449e-01	8.412173e-01
536	8.412173e-01	8.427896e-01
537	8.427896e-01	8.443620e-01
538	8.443620e-01	8.459344e-01
539	8.459344e-01	8.475067e-01
540	8.475067e-01	8.490791e-01
541	8.490791e-01	8.506515e-01
542	8.506515e-01	8.522238e-01
543	8.522238e-01	8.537962e-01
544	8.537962e-01	8.553686e-01
545	8.553686e-01	8.569409e-01
546	8.569409e-01	8.585133e-01
547	8.585133e-01	8.600857e-01
548	8.600857e-01	8.616580e-01
549	8.616580e-01	8.632304e-01
550	8.632304e-01	8.648028e-01
551	8.648028e-01	8.663752e-01
552	8.663752e-01	8.679475e-01
553	8.679475e-01	8.695199e-01
554	8.695199e-01	8.710923e-01
555	8.710923e-01	8.726646e-01
556	8.726646e-01	8.742370e-01
557	8.742370e-01	8.758094e-01
558	8.758094e-01	8.773817e-01
559	8.773817e-01	8.789541e-01
560	8.789541e-01	8.805265e-01
561	8.805265e-01	8.820988e-01
562	8.820988e-01	8.836712e-01
563	8.836712e-01	8.852436e-01
564	8.852436e-01	8.868159e-01
565	8.868159e-01	8.883883e-01
566	8.883883e-01	8.899607e-01
567	8.899607e-01	8.915331e-01
568	8.915331e-01	8.931054e-01
569	8.931054e-01	8.946778e-01
570	8.946778e-01	8.962502e-01
571	8.962502e-01	8.978225e-01
572	8.978225e-01	8.993949e-01
573	8.993949e-01	9.009673e-01
574	9.009673e-01	9.025396e-01
575	9.025396e-01	9.041120e-01
576	9.041120e-01	9.056844e-01
577	9.056844e-01	9.072567e-01
578	9.072567e-01	9.088291e-01
579	9.088291e-01	9.104015e-01
580	9.104015e-01	9.119738e-01
581	9.119738e-01	9.135462e-01
582	9.135462e-01	9.151186e-01
583	9.151186e-01	9.166909e-01
584	9.166909e-01	9.182633e-01
585	9.182633e-01	9.198357e-01
586	9.198357e-01	9.214081e-01
587	9.214081e-01	9.229804e-01
588	9.229804e-01	9.245528e-01
589	9.245528e-01	9.261252e-01
590	9.261252e-01	9.276975e-01
591	9.276975e-01	9.292699e-01
592	9.292699e-01	9.308423e-01
593	9.308423e-01	9.324146e-01
594	9.324146e-01	9.339870e-01
595	9.339870e-01	9.355594e-01
596	9.355594e-01	9.371317e-01
597	9.371317e-01	9.387041e-01
598	9.387041e-01	9.402765e-01
599	9.402765e-01	9.418488e-01
600	9.418488e-01	9.434212e-01
601	9.434212e-01	9.449936e-01
602	9.449936e-01	9.465660e-01
603	9.465660e-01	9.481383e-01
604	9.481383e-01	9.497107e-01
605	9.497107e-01	9.512831e-01
606	9.512831e-01	9.528554e-01
607	9.528554e-01	9.544278e-01
608	9.544278e-01	9.560002e-01
609	9.560002e-01	9.575725e-01
610	9.575725e-01	9.591449e-01
611	9.591449e-01	9.607173e-01
612	9.607173e-01	9.622896e-01
613	9.622896e-01	9.638620e-01
614	9.638620e-01	9.654344e-01
615	9.654344e-01	9.670067e-01
616	9.670067e-01	9.685791e-01
617	9.685791e-01	9.701515e-01
618	9.701515e-01	9.717239e-01
619	9.717239e-01	9.732962e-01
620	9.732962e-01	9.748686e-01
621	9.748686e-01	9.764410e-01
622	9.764410e-01	9.780133e-01
623	9.780133e-01	9.795857e-01
624	9.795857e-01	9.811581e-01
625	9.811581e-01	9.827304e-01
626	9.827304e-01	9.843028e-01
627	9.843028e-01	9.858752e-01
628	9.858752e-01	9.874475e-01
629	9.874475e-01	9.890199e-01
630	9.890199e-01	9.905923e-01
631	9.905923e-01	9.921646e-01
632	9.921646e-01	9.937370e-01
633	9.937370e-01	9.953094e-01
634	9.953094e-01	9.968818e-01
635	9.968818e-01	9.984541e-01
636	9.984541e-01	1.000026e+00
637	1.000026e+00	1.001599e+00
638	1.001599e+00	1.003171e+00
639	1.003171e+00	1.004744e+00
640	1.004744e+00	1.006316e+00
641	1.006316e+00	1.007888e+00
642	1.007888e+00	1.009461e+00
643	1.009461e+00	1.011033e+00
644	1.011033e+00	1.012605e+00
645	1.012605e+00	1.014178e+00
646	1.014178e+00	1.015750e+00
647	1.015750e+00	1.017323e+00
648	1.017323e+00	1.018895e+00
649	1.018895e+00	1.020467e+00
650	1.020467e+00	1.022040e+00
651	1.022040e+00	1.023612e+00
652	1.023612e+00	1.025184e+00
653	1.025184e+00	1.026757e+00
654	1.026757e+00	1.028329e+00
655	1.028329e+00	1.029901e+00
656	1.029901e+00	1.031474e+00
657	1.031474e+00	1.033046e+00
658	1.033046e+00	1.034619e+00
659	1.034619e+00	1.036191e+00
660	1.036191e+00	1.037763e+00
661	1.037763e+00	1.039336e+00
662	1.039336e+00	1.040908e+00
663	1.040908e+00	1.042480e+00
664	1.042480e+00	1.044053e+00
665	1.044053e+00	1.045625e+00
666	1.045625e+00	1.047198e+00
667	1.047198e+00	1.048770e+00
668	1.048770e+00	1.050342e+00
669	1.050342e+00	1.051915e+00
670	1.051915e+00	1.053487e+00
671	1.053487e+00	1.055059e+00
672	1.055059e+00	1.056632e+00
673	1.056632e+00	1.058204e+00
674	1.058204e+00	1.059777e+00
675	1.059777e+00	1.061349e+00
676	1.061349e+00	1.062921e+00
677	1.062921e+00	1.064494e+00
678	1.064494e+00	1.066066e+00
679	1.066066e+00	1.067638e+00
680	1.067638e+00	1.069211e+00
681	1.069211e+00	1.070783e+00
682	1.070783e+00	1.072355e+00
683	1.072355e+00	1.073928e+00
684	1.073928e+00	1.075500e+00
685	1.075500e+00	1.077073e+00
686	1.077073e+00	1.078645e+00
687	1.078645e+00	1.080217e+00
688	1.080217e+00	1.081790e+00
689	1.081790e+00	1.083362e+00
690	1.083362e+00	1.084934e+00
691	1.084934e+00	1.086507e+00
692	1.086507e+00	1.088079e+00
693	1.088079e+00	1.089652e+00
694	1.089652e+00	1.091224e+00
695	1.091224e+00	1.092796e+00
696	1.092796e+00	1.094369e+00
697	1.094369e+00	1.095941e+00
698	1.095941e+00	1.097513e+00
699	1.097513e+00	1.099086e+00
700	1.099086e+00	1.100658e+00
701	1.100658e+00	1.102230e+00
702	1.102230e+00	1.103803e+00
703	1.103803e+00	1.105375e+00
704	1.105375e+00	1.106948e+00
705	1.106948e+00	1.108520e+00
706	1.108520e+00	1.110092e+00
707	1.110092e+00	1.111665e+00
708	1.111665e+00	1.113237e+00
709	1.113237e+00	1.114809e+00
710	1.114809e+00	1.116382e+00
711	1.116382e+00	1.117954e+00
712	1.117954e+00	1.119527e+00
713	1.119527e+00	1.121099e+00
714	1.121099e+00	1.122671e+00
715	1.122671e+00	1.124244e+00
716	1.124244e+00	1.125816e+00
717	1.125816e+00	1.127388e+00
718	1.127388e+00	1.128961e+00
719	1.128961e+00	1.130533e+00
720	1.130533e+00	1.132105e+00
721	1.132105e+00	1.133678e+00
722	1.133678e+00	1.135250e+00
723	1.135250e+00	1.136823e+00
724	1.136823e+00	1.138395e+00
725	1.138395e+00	1.139967e+00
726	1.139967e+00	1.141540e+00
727	1.141540e+00	1.143112e+00
728	1.143112e+00	1.144684e+00
729	1.144684e+00	1.146257e+00
730	1.146257e+00	1.147829e+00
731	1.147829e+00	1.149402e+00
732	1.149402e+00	1.150974e+00
733	1.150974e+00	1.152546e+00
734	1.152546e+00	1.154119e+00
735	1.154119e+00	1.155691e+00
736	1.155691e+00	1.157263e+00
737	1.157263e+00	1.158836e+00
738	1.158836e+00	1.160408e+00
739	1.160408e+00	1.161980e+00
740	1.161980e+00	1.163553e+00
741	1.163553e+00	1.165125e+00
742	1.165125e+00	1.166698e+00
743	1.166698e+00	1.168270e+00
744	1.168270e+00	1.169842e+00
745	1.169842e+00	1.171415e+00
746	1.171415e+00	1.172987e+00
747	1.172987e+00	1.174559e+00
748	1.174559e+00	1.176132e+00
749	1.176132e+00	1.177704e+00
750	1.177704e+00	1.179277e+00
751	1.179277e+00	1.180849e+00
752	1.180849e+00	1.182421e+00
753	1.182421e+00	1.183994e+00
754	1.183994e+00	1.185566e+00
755	1.185566e+00	1.187138e+00
756	1.187138e+00	1.188711e+00
757	1.188711e+00	1.190283e+00
758	1.190283e+00	1.191855e+00
759	1.191855e+00	1.193428e+00
760	1.193428e+00	1.195000e+00
761	1.195000e+00	1.196573e+00
762	1.196573e+00	1.198145e+00
763	1.198145e+00	1.199717e+00
764	1.199717e+00	1.201290e+00
765	1.201290e+00	1.202862e+00
766	1.202862e+00	1.204434e+00
767	1.204434e+00	1.206007e+00
768	1.206007e+00	1.207579e+00
769	1.207579e+00	1.209152e+00
770	1.209152e+00	1.210724e+00
771	1.210724e+00	1.212296e+00
772	1.212296e+00	1.213869e+00
773	1.213869e+00	1.215441e+00
774	1.215441e+00	1.217013e+00
775	1.217013e+00	1.218586e+00
776	1.218586e+00	1.220158e+00
777	1.220158e+00	1.221730e+00
778	1.221730e+00	1.223303e+00
779	1.223303e+00	1.224875e+00
780	1.224875e+00	1.226448e+00
781	1.226448e+00	1.228020e+00
782	1.228020e+00	1.229592e+00
783	1.229592e+00	1.231165e+00
784	1.231165e+00	1.232737e+00
785	1.232737e+00	1.234309e+00
786	1.234309e+00	1.235882e+00
787	1.235882e+00	1.237454e+00
788	1.237454e+00	1.239027e+00
789	1.239027e+00	1.240599e+00
790	1.240599e+00	1.242171e+00
791	1.242171e+00	1.243744e+00
792	1.243744e+00	1.245316e+00
793	1.245316e+00	1.246888e+00
794	1.246888e+00	1.248461e+00
795	1.248461e+00	1.250033e+00
796	1.250033e+00	1.251605e+00
797	1.251605e+00	1.253178e+00
798	1.253178e+00	1.254750e+00
799	1.254750e+00	1.256323e+00
800	1.256323e+00	1.257895e+00
801	1.257895e+00	1.259467e+00
802	1.259467e+00	1.261040e+00
803	1.261040e+00	1.262612e+00
804	1.262612e+00	1.264184e+00
805	1.264184e+00	1.265757e+00
806	1.265757e+00	1.267329e+00
807	1.267329e+00	1.268902e+00
808	1.268902e+00	1.270474e+00
809	1.270474e+00	1.272046e+00
810	1.272046e+00	1.273619e+00
811	1.273619e+00	1.275191e+00
812	1.275191e+00	1.276763e+00
813	1.276763e+00	1.278336e+00
814	1.278336e+00	1.279908e+00
815	1.279908e+00	1.281480e+00
816	1.281480e+00	1.283053e+00
817	1.283053e+00	1.284625e+00
818	1.284625e+00	1.286198e+00
819	1.286198e+00	1.287770e+00
820	1.287770e+00	1.289342e+00
821	1.289342e+00	1.290915e+00
822	1.290915e+00	1.292487e+00
823	1.292487e+00	1.294059e+00
824	1.294059e+00	1.295632e+00
825	1.295632e+00	1.297204e+00
826	1.297204e+00	1.298777e+00
827	1.298777e+00	1.300349e+00
828	1.300349e+00	1.301921e+00
829	1.301921e+00	1.303494e+00
830	1.303494e+00	1.305066e+00
831	1.305066e+00	1.306638e+00
832	1.306638e+00	1.308211e+00
833	1.308211e+00	1.309783e+00
834	1.309783e+00	1.311355e+00
835	1.311355e+00	1.312928e+00
836	1.312928e+00	1.314500e+00
837	1.314500e+00	1.316073e+00
838	1.316073e+00	1.317645e+00
839	1.317645e+00	1.319217e+00
840	1.319217e+00	1.320790e+00
841	1.320790e+00	1.322362e+00
842	1.322362e+00	1.323934e+00
843	1.323934e+00	1.325507e+00
844	1.325507e+00	1.327079e+00
845	1.327079e+00	1.328652e+00
846	1.328652e+00	1.330224e+00
847	1.330224e+00	1.331796e+00
848	1.331796e+00	1.333369e+00
849	1.333369e+00	1.334941e+00
850	1.334941e+00	1.336513e+00
851	1.336513e+00	1.338086e+00
852	1.338086e+00	1.339658e+00
853	1.339658e+00	1.341230e+00
854	1.341230e+00	1.342803e+00
855	1.342803e+00	1.344375e+00
856	1.344375e+00	1.345948e+00
857	1.345948e+00	1.347520e+00
858	1.347520e+00	1.349092e+00
859	1.349092e+00	1.350665e+00
860	1.350665e+00	1.352237e+00
861	1.352237e+00	1.353809e+00
862	1.353809e+00	1.355382e+00
863	1.355382e+00	1.356954e+00
864	1.356954e+00	1.358527e+00
865	1.358527e+00	1.360099e+00
866	1.360099e+00	1.361671e+00
867	1.361671e+00	1.363244e+00
868	1.363244e+00	1.364816e+00
869	1.364816e+00	1.366388e+00
870	1.366388e+00	1.367961e+00
871	1.367961e+00	1.369533e+00
872	1.369533e+00	1.371106e+00
873	1.371106e+00	1.372678e+00
874	1.372678e+00	1.374250e+00
875	1.374250e+00	1.375823e+00
876	1.375823e+00	1.377395e+00
877	1.377395e+00	1.378967e+00
878	1.378967e+00	1.380540e+00
879	1.380540e+00	1.382112e+00
880	1.382112e+00	1.383684e+00
881	1.383684e+00	1.385257e+00
882	1.385257e+00	1.386829e+00
883	1.386829e+00	1.388402e+00
884	1.388402e+00	1.389974e+00
885	1.389974e+00	1.391546e+00
886	1.391546e+00	1.393119e+00
887	1.393119e+00	1.394691e+00
888	1.394691e+00	1.396263e+00
889	1.396263e+00	1.397836e+00
890	1.397836e+00	1.399408e+00
891	1.399408e+00	1.400981e+00
892	1.400981e+00	1.402553e+00
893	1.402553e+00	1.404125e+00
894	1.404125e+00	1.405698e+00
895	1.405698e+00	1.407270e+00
896	1.407270e+00	1.408842e+00
897	1.408842e+00	1.410415e+00
898	1.410415e+00	1.411987e+00
899	1.411987e+00	1.413559e+00
900	1.413559e+00	1.415132e+00
901	1.415132e+00	1.416704e+00
902	1.416704e+00	1.418277e+00
903	1.418277e+00	1.419849e+00
904	1.419849e+00	1.421421e+00
905	1.421421e+00	1.422994e+00
906	1.422994e+00	1.424566e+00
907	1.424566e+00	1.426138e+00
908	1.426138e+00	1.427711e+00
909	1.427711e+00	1.429283e+00
910	1.429283e+00	1.430856e+00
911	1.430856e+00	1.432428e+00
912	1.432428e+00	1.434000e+00
913	1.434000e+00	1.435573e+00
914	1.435573e+00	1.437145e+00
915	1.437145e+00	1.438717e+00
916	1.438717e+00	1.440290e+00
917	1.440290e+00	1.441862e+00
918	1.441862e+00	1.443434e+00
919	1.443434e+00	1.445007e+00
920	1.445007e+00	1.446579e+00
921	1.446579e+00	1.448152e+00
922	1.448152e+00	1.449724e+00
923	1.449724e+00	1.451296e+00
924	1.451296e+00	1.452869e+00
925	1.452869e+00	1.454441e+00
926	1.454441e+00	1.456013e+00
927	1.456013e+00	1.457586e+00
928	1.457586e+00	1.459158e+00
929	1.459158e+00	1.460731e+00
930	1.460731e+00	1.462303e+00
931	1.462303e+00	1.463875e+00
932	1.463875e+00	1.465448e+00
933	1.465448e+00	1.467020e+00
934	1.467020e+00	1.468592e+00
935	1.468592e+00	1.470165e+00
936	1.470165e+00	1.471737e+00
937	1.471737e+00	1.473309e+00
938	1.473309e+00	1.474882e+00
939	1.474882e+00	1.476454e+00
940	1.476454e+00	1.478027e+00
941	1.478027e+00	1.479599e+00
942	1.479599e+00	1.481171e+00
943	1.481171e+00	1.482744e+00
944	1.482744e+00	1.484316e+00
945	1.484316e+00	1.485888e+00
946	1.485888e+00	1.487461e+00
947	1.487461e+00	1.489033e+00
948	1.489033e+00	1.490606e+00
949	1.490606e+00	1.492178e+00
950	1.492178e+00	1.493750e+00
951	1.493750e+00	1.495323e+00
952	1.495323e+00	1.496895e+00
953	1.496895e+00	1.498467e+00
954	1.498467e+00	1.500040e+00
955	1.500040e+00	1.501612e+00
956	1.501612e+00	1.503184e+00
957	1.503184e+00	1.504757e+00
958	1.504757e+00	1.506329e+00
959	1.506329e+00	1.507902e+00
960	1.507902e+00	1.509474e+00
961	1.509474e+00	1.511046e+00
962	1.511046e+00	1.512619e+00
963	1.512619e+00	1.514191e+00
964	1.514191e+00	1.515763e+00
965	1.515763e+00	1.517336e+00
966	1.517336e+00	1.518908e+00
967	1.518908e+00	1.520481e+00
968	1.520481e+00	1.522053e+00
969	1.522053e+00	1.523625e+00
970	1.523625e+00	1.525198e+00
971	1.525198e+00	1.526770e+00
972	1.526770e+00	1.528342e+00
973	1.528342e+00	1.529915e+00
974	1.529915e+00	1.531487e+00
975	1.531487e+00	1.533059e+00
976	1.533059e+00	1.534632e+00
977	1.534632e+00	1.536204e+00
978	1.536204e+00	1.537777e+00
979	1.537777e+00	1.539349e+00
980	1.539349e+00	1.540921e+00
981	1.540921e+00	1.542494e+00
982	1.542494e+00	1.544066e+00
983	1.544066e+00	1.545638e+00
984	1.545638e+00	1.547211e+00
985	1.547211e+00	1.548783e+00
986	1.548783e+00	1.550356e+00
987	1.550356e+00	1.551928e+00
988	1.551928e+00	1.553500e+00
989	1.553500e+00	1.555073e+00
990	1.555073e+00	1.556645e+00
991	1.556645e+00	1.558217e+00
992	1.558217e+00	1.559790e+00
993	1.559790e+00	1.561362e+00
994	1.561362e+00	1.562934e+00
995	1.562934e+00	1.564507e+00
996	1.564507e+00	1.566079e+00
997	1.566079e+00	1.567652e+00
998	1.567652e+00	1.569224e+00
999	1.569224e+00	1.570796e+00
1000	1.570796e+00	1.572369e+00
1
1  0.0  1.0
