# ******************************************************
# PLUTO-Chombo 4.3 (Base) Grid File
# Generated on  Mon Sep  7 11:59:15 2020
# 
# DIMENSIONS: 2
# GEOMETRY:   SPHERICAL
# X1: [ 1.000000,  55600.000000], 1600 point(s), 4 ghosts
# X2: [ 0.000000,  1.570800], 160 point(s), 4 ghosts
# ******************************************************
1600 
 1   1.000000000000e+00    1.006852080364e+00
 2   1.006852080364e+00    1.013751111732e+00
 3   1.013751111732e+00    1.020697415819e+00
 4   1.020697415819e+00    1.027691316539e+00
 5   1.027691316539e+00    1.034733140029e+00
 6   1.034733140029e+00    1.041823214659e+00
 7   1.041823214659e+00    1.048961871050e+00
 8   1.048961871050e+00    1.056149442089e+00
 9   1.056149442089e+00    1.063386262942e+00
 10   1.063386262942e+00    1.070672671073e+00
 11   1.070672671073e+00    1.078009006259e+00
 12   1.078009006259e+00    1.085395610602e+00
 13   1.085395610602e+00    1.092832828552e+00
 14   1.092832828552e+00    1.100321006917e+00
 15   1.100321006917e+00    1.107860494882e+00
 16   1.107860494882e+00    1.115451644025e+00
 17   1.115451644025e+00    1.123094808331e+00
 18   1.123094808331e+00    1.130790344214e+00
 19   1.130790344214e+00    1.138538610527e+00
 20   1.138538610527e+00    1.146339968583e+00
 21   1.146339968583e+00    1.154194782172e+00
 22   1.154194782172e+00    1.162103417574e+00
 23   1.162103417574e+00    1.170066243582e+00
 24   1.170066243582e+00    1.178083631514e+00
 25   1.178083631514e+00    1.186155955232e+00
 26   1.186155955232e+00    1.194283591161e+00
 27   1.194283591161e+00    1.202466918305e+00
 28   1.202466918305e+00    1.210706318263e+00
 29   1.210706318263e+00    1.219002175253e+00
 30   1.219002175253e+00    1.227354876121e+00
 31   1.227354876121e+00    1.235764810367e+00
 32   1.235764810367e+00    1.244232370158e+00
 33   1.244232370158e+00    1.252757950349e+00
 34   1.252757950349e+00    1.261341948501e+00
 35   1.261341948501e+00    1.269984764898e+00
 36   1.269984764898e+00    1.278686802568e+00
 37   1.278686802568e+00    1.287448467299e+00
 38   1.287448467299e+00    1.296270167660e+00
 39   1.296270167660e+00    1.305152315022e+00
 40   1.305152315022e+00    1.314095323571e+00
 41   1.314095323571e+00    1.323099610334e+00
 42   1.323099610334e+00    1.332165595193e+00
 43   1.332165595193e+00    1.341293700909e+00
 44   1.341293700909e+00    1.350484353138e+00
 45   1.350484353138e+00    1.359737980456e+00
 46   1.359737980456e+00    1.369055014371e+00
 47   1.369055014371e+00    1.378435889352e+00
 48   1.378435889352e+00    1.387881042842e+00
 49   1.387881042842e+00    1.397390915282e+00
 50   1.397390915282e+00    1.406965950133e+00
 51   1.406965950133e+00    1.416606593892e+00
 52   1.416606593892e+00    1.426313296117e+00
 53   1.426313296117e+00    1.436086509445e+00
 54   1.436086509445e+00    1.445926689617e+00
 55   1.445926689617e+00    1.455834295494e+00
 56   1.455834295494e+00    1.465809789083e+00
 57   1.465809789083e+00    1.475853635555e+00
 58   1.475853635555e+00    1.485966303271e+00
 59   1.485966303271e+00    1.496148263799e+00
 60   1.496148263799e+00    1.506399991938e+00
 61   1.506399991938e+00    1.516721965742e+00
 62   1.516721965742e+00    1.527114666541e+00
 63   1.527114666541e+00    1.537578578960e+00
 64   1.537578578960e+00    1.548114190949e+00
 65   1.548114190949e+00    1.558721993797e+00
 66   1.558721993797e+00    1.569402482163e+00
 67   1.569402482163e+00    1.580156154093e+00
 68   1.580156154093e+00    1.590983511048e+00
 69   1.590983511048e+00    1.601885057923e+00
 70   1.601885057923e+00    1.612861303073e+00
 71   1.612861303073e+00    1.623912758337e+00
 72   1.623912758337e+00    1.635039939060e+00
 73   1.635039939060e+00    1.646243364120e+00
 74   1.646243364120e+00    1.657523555949e+00
 75   1.657523555949e+00    1.668881040559e+00
 76   1.668881040559e+00    1.680316347566e+00
 77   1.680316347566e+00    1.691830010216e+00
 78   1.691830010216e+00    1.703422565407e+00
 79   1.703422565407e+00    1.715094553719e+00
 80   1.715094553719e+00    1.726846519432e+00
 81   1.726846519432e+00    1.738679010559e+00
 82   1.738679010559e+00    1.750592578865e+00
 83   1.750592578865e+00    1.762587779899e+00
 84   1.762587779899e+00    1.774665173015e+00
 85   1.774665173015e+00    1.786825321399e+00
 86   1.786825321399e+00    1.799068792097e+00
 87   1.799068792097e+00    1.811396156040e+00
 88   1.811396156040e+00    1.823807988071e+00
 89   1.823807988071e+00    1.836304866973e+00
 90   1.836304866973e+00    1.848887375494e+00
 91   1.848887375494e+00    1.861556100374e+00
 92   1.861556100374e+00    1.874311632375e+00
 93   1.874311632375e+00    1.887154566306e+00
 94   1.887154566306e+00    1.900085501053e+00
 95   1.900085501053e+00    1.913105039604e+00
 96   1.913105039604e+00    1.926213789079e+00
 97   1.926213789079e+00    1.939412360759e+00
 98   1.939412360759e+00    1.952701370113e+00
 99   1.952701370113e+00    1.966081436827e+00
 100   1.966081436827e+00    1.979553184833e+00
 101   1.979553184833e+00    1.993117242340e+00
 102   1.993117242340e+00    2.006774241858e+00
 103   2.006774241858e+00    2.020524820235e+00
 104   2.020524820235e+00    2.034369618680e+00
 105   2.034369618680e+00    2.048309282796e+00
 106   2.048309282796e+00    2.062344462611e+00
 107   2.062344462611e+00    2.076475812606e+00
 108   2.076475812606e+00    2.090703991747e+00
 109   2.090703991747e+00    2.105029663515e+00
 110   2.105029663515e+00    2.119453495937e+00
 111   2.119453495937e+00    2.133976161618e+00
 112   2.133976161618e+00    2.148598337771e+00
 113   2.148598337771e+00    2.163320706251e+00
 114   2.163320706251e+00    2.178143953582e+00
 115   2.178143953582e+00    2.193068770996e+00
 116   2.193068770996e+00    2.208095854457e+00
 117   2.208095854457e+00    2.223225904702e+00
 118   2.223225904702e+00    2.238459627268e+00
 119   2.238459627268e+00    2.253797732524e+00
 120   2.253797732524e+00    2.269240935711e+00
 121   2.269240935711e+00    2.284789956966e+00
 122   2.284789956966e+00    2.300445521365e+00
 123   2.300445521365e+00    2.316208358950e+00
 124   2.316208358950e+00    2.332079204764e+00
 125   2.332079204764e+00    2.348058798889e+00
 126   2.348058798889e+00    2.364147886477e+00
 127   2.364147886477e+00    2.380347217787e+00
 128   2.380347217787e+00    2.396657548216e+00
 129   2.396657548216e+00    2.413079638341e+00
 130   2.413079638341e+00    2.429614253946e+00
 131   2.429614253946e+00    2.446262166067e+00
 132   2.446262166067e+00    2.463024151019e+00
 133   2.463024151019e+00    2.479900990439e+00
 134   2.479900990439e+00    2.496893471319e+00
 135   2.496893471319e+00    2.514002386044e+00
 136   2.514002386044e+00    2.531228532427e+00
 137   2.531228532427e+00    2.548572713750e+00
 138   2.548572713750e+00    2.566035738797e+00
 139   2.566035738797e+00    2.583618421895e+00
 140   2.583618421895e+00    2.601321582950e+00
 141   2.601321582950e+00    2.619146047488e+00
 142   2.619146047488e+00    2.637092646689e+00
 143   2.637092646689e+00    2.655162217431e+00
 144   2.655162217431e+00    2.673355602323e+00
 145   2.673355602323e+00    2.691673649750e+00
 146   2.691673649750e+00    2.710117213911e+00
 147   2.710117213911e+00    2.728687154855e+00
 148   2.728687154855e+00    2.747384338527e+00
 149   2.747384338527e+00    2.766209636804e+00
 150   2.766209636804e+00    2.785163927538e+00
 151   2.785163927538e+00    2.804248094595e+00
 152   2.804248094595e+00    2.823463027899e+00
 153   2.823463027899e+00    2.842809623469e+00
 154   2.842809623469e+00    2.862288783467e+00
 155   2.862288783467e+00    2.881901416235e+00
 156   2.881901416235e+00    2.901648436339e+00
 157   2.901648436339e+00    2.921530764612e+00
 158   2.921530764612e+00    2.941549328196e+00
 159   2.941549328196e+00    2.961705060586e+00
 160   2.961705060586e+00    2.981998901674e+00
 161   2.981998901674e+00    3.002431797792e+00
 162   3.002431797792e+00    3.023004701757e+00
 163   3.023004701757e+00    3.043718572913e+00
 164   3.043718572913e+00    3.064574377178e+00
 165   3.064574377178e+00    3.085573087091e+00
 166   3.085573087091e+00    3.106715681851e+00
 167   3.106715681851e+00    3.128003147370e+00
 168   3.128003147370e+00    3.149436476313e+00
 169   3.149436476313e+00    3.171016668148e+00
 170   3.171016668148e+00    3.192744729193e+00
 171   3.192744729193e+00    3.214621672657e+00
 172   3.214621672657e+00    3.236648518697e+00
 173   3.236648518697e+00    3.258826294456e+00
 174   3.258826294456e+00    3.281156034116e+00
 175   3.281156034116e+00    3.303638778947e+00
 176   3.303638778947e+00    3.326275577353e+00
 177   3.326275577353e+00    3.349067484920e+00
 178   3.349067484920e+00    3.372015564469e+00
 179   3.372015564469e+00    3.395120886104e+00
 180   3.395120886104e+00    3.418384527260e+00
 181   3.418384527260e+00    3.441807572754e+00
 182   3.441807572754e+00    3.465391114839e+00
 183   3.465391114839e+00    3.489136253249e+00
 184   3.489136253249e+00    3.513044095255e+00
 185   3.513044095255e+00    3.537115755717e+00
 186   3.537115755717e+00    3.561352357130e+00
 187   3.561352357130e+00    3.585755029684e+00
 188   3.585755029684e+00    3.610324911311e+00
 189   3.610324911311e+00    3.635063147742e+00
 190   3.635063147742e+00    3.659970892557e+00
 191   3.659970892557e+00    3.685049307241e+00
 192   3.685049307241e+00    3.710299561238e+00
 193   3.710299561238e+00    3.735722832004e+00
 194   3.735722832004e+00    3.761320305065e+00
 195   3.761320305065e+00    3.787093174068e+00
 196   3.787093174068e+00    3.813042640841e+00
 197   3.813042640841e+00    3.839169915446e+00
 198   3.839169915446e+00    3.865476216236e+00
 199   3.865476216236e+00    3.891962769913e+00
 200   3.891962769913e+00    3.918630811584e+00
 201   3.918630811584e+00    3.945481584820e+00
 202   3.945481584820e+00    3.972516341712e+00
 203   3.972516341712e+00    3.999736342931e+00
 204   3.999736342931e+00    4.027142857786e+00
 205   4.027142857786e+00    4.054737164283e+00
 206   4.054737164283e+00    4.082520549186e+00
 207   4.082520549186e+00    4.110494308075e+00
 208   4.110494308075e+00    4.138659745408e+00
 209   4.138659745408e+00    4.167018174580e+00
 210   4.167018174580e+00    4.195570917989e+00
 211   4.195570917989e+00    4.224319307090e+00
 212   4.224319307090e+00    4.253264682463e+00
 213   4.253264682463e+00    4.282408393875e+00
 214   4.282408393875e+00    4.311751800339e+00
 215   4.311751800339e+00    4.341296270183e+00
 216   4.341296270183e+00    4.371043181108e+00
 217   4.371043181108e+00    4.400993920258e+00
 218   4.400993920258e+00    4.431149884279e+00
 219   4.431149884279e+00    4.461512479389e+00
 220   4.461512479389e+00    4.492083121441e+00
 221   4.492083121441e+00    4.522863235988e+00
 222   4.522863235988e+00    4.553854258355e+00
 223   4.553854258355e+00    4.585057633697e+00
 224   4.585057633697e+00    4.616474817074e+00
 225   4.616474817074e+00    4.648107273517e+00
 226   4.648107273517e+00    4.679956478094e+00
 227   4.679956478094e+00    4.712023915980e+00
 228   4.712023915980e+00    4.744311082527e+00
 229   4.744311082527e+00    4.776819483334e+00
 230   4.776819483334e+00    4.809550634316e+00
 231   4.809550634316e+00    4.842506061775e+00
 232   4.842506061775e+00    4.875687302471e+00
 233   4.875687302471e+00    4.909095903695e+00
 234   4.909095903695e+00    4.942733423340e+00
 235   4.942733423340e+00    4.976601429972e+00
 236   4.976601429972e+00    5.010701502907e+00
 237   5.010701502907e+00    5.045035232283e+00
 238   5.045035232283e+00    5.079604219132e+00
 239   5.079604219132e+00    5.114410075456e+00
 240   5.114410075456e+00    5.149454424305e+00
 241   5.149454424305e+00    5.184738899849e+00
 242   5.184738899849e+00    5.220265147455e+00
 243   5.220265147455e+00    5.256034823764e+00
 244   5.256034823764e+00    5.292049596770e+00
 245   5.292049596770e+00    5.328311145895e+00
 246   5.328311145895e+00    5.364821162069e+00
 247   5.364821162069e+00    5.401581347807e+00
 248   5.401581347807e+00    5.438593417293e+00
 249   5.438593417293e+00    5.475859096453e+00
 250   5.475859096453e+00    5.513380123041e+00
 251   5.513380123041e+00    5.551158246719e+00
 252   5.551158246719e+00    5.589195229136e+00
 253   5.589195229136e+00    5.627492844014e+00
 254   5.627492844014e+00    5.666052877226e+00
 255   5.666052877226e+00    5.704877126885e+00
 256   5.704877126885e+00    5.743967403422e+00
 257   5.743967403422e+00    5.783325529676e+00
 258   5.783325529676e+00    5.822953340974e+00
 259   5.822953340974e+00    5.862852685220e+00
 260   5.862852685220e+00    5.903025422978e+00
 261   5.903025422978e+00    5.943473427565e+00
 262   5.943473427565e+00    5.984198585129e+00
 263   5.984198585129e+00    6.025202794746e+00
 264   6.025202794746e+00    6.066487968502e+00
 265   6.066487968502e+00    6.108056031587e+00
 266   6.108056031587e+00    6.149908922380e+00
 267   6.149908922380e+00    6.192048592545e+00
 268   6.192048592545e+00    6.234477007116e+00
 269   6.234477007116e+00    6.277196144593e+00
 270   6.277196144593e+00    6.320207997034e+00
 271   6.320207997034e+00    6.363514570144e+00
 272   6.363514570144e+00    6.407117883373e+00
 273   6.407117883373e+00    6.451019970009e+00
 274   6.451019970009e+00    6.495222877270e+00
 275   6.495222877270e+00    6.539728666404e+00
 276   6.539728666404e+00    6.584539412782e+00
 277   6.584539412782e+00    6.629657205995e+00
 278   6.629657205995e+00    6.675084149954e+00
 279   6.675084149954e+00    6.720822362983e+00
 280   6.720822362983e+00    6.766873977923e+00
 281   6.766873977923e+00    6.813241142229e+00
 282   6.813241142229e+00    6.859926018072e+00
 283   6.859926018072e+00    6.906930782436e+00
 284   6.906930782436e+00    6.954257627223e+00
 285   6.954257627223e+00    7.001908759353e+00
 286   7.001908759353e+00    7.049886400871e+00
 287   7.049886400871e+00    7.098192789043e+00
 288   7.098192789043e+00    7.146830176470e+00
 289   7.146830176470e+00    7.195800831183e+00
 290   7.195800831183e+00    7.245107036759e+00
 291   7.245107036759e+00    7.294751092417e+00
 292   7.294751092417e+00    7.344735313134e+00
 293   7.344735313134e+00    7.395062029749e+00
 294   7.395062029749e+00    7.445733589070e+00
 295   7.445733589070e+00    7.496752353988e+00
 296   7.496752353988e+00    7.548120703583e+00
 297   7.548120703583e+00    7.599841033238e+00
 298   7.599841033238e+00    7.651915754748e+00
 299   7.651915754748e+00    7.704347296434e+00
 300   7.704347296434e+00    7.757138103258e+00
 301   7.757138103258e+00    7.810290636933e+00
 302   7.810290636933e+00    7.863807376040e+00
 303   7.863807376040e+00    7.917690816144e+00
 304   7.917690816144e+00    7.971943469910e+00
 305   7.971943469910e+00    8.026567867219e+00
 306   8.026567867219e+00    8.081566555289e+00
 307   8.081566555289e+00    8.136942098789e+00
 308   8.136942098789e+00    8.192697079963e+00
 309   8.192697079963e+00    8.248834098750e+00
 310   8.248834098750e+00    8.305355772900e+00
 311   8.305355772900e+00    8.362264738103e+00
 312   8.362264738103e+00    8.419563648110e+00
 313   8.419563648110e+00    8.477255174853e+00
 314   8.477255174853e+00    8.535342008573e+00
 315   8.535342008573e+00    8.593826857947e+00
 316   8.593826857947e+00    8.652712450208e+00
 317   8.652712450208e+00    8.712001531279e+00
 318   8.712001531279e+00    8.771696865899e+00
 319   8.771696865899e+00    8.831801237748e+00
 320   8.831801237748e+00    8.892317449584e+00
 321   8.892317449584e+00    8.953248323367e+00
 322   8.953248323367e+00    9.014596700394e+00
 323   9.014596700394e+00    9.076365441430e+00
 324   9.076365441430e+00    9.138557426843e+00
 325   9.138557426843e+00    9.201175556739e+00
 326   9.201175556739e+00    9.264222751093e+00
 327   9.264222751093e+00    9.327701949889e+00
 328   9.327701949889e+00    9.391616113257e+00
 329   9.391616113257e+00    9.455968221608e+00
 330   9.455968221608e+00    9.520761275778e+00
 331   9.520761275778e+00    9.585998297162e+00
 332   9.585998297162e+00    9.651682327859e+00
 333   9.651682327859e+00    9.717816430813e+00
 334   9.717816430813e+00    9.784403689955e+00
 335   9.784403689955e+00    9.851447210348e+00
 336   9.851447210348e+00    9.918950118330e+00
 337   9.918950118330e+00    9.986915561663e+00
 338   9.986915561663e+00    1.005534670968e+01
 339   1.005534670968e+01    1.012424675341e+01
 340   1.012424675341e+01    1.019361890579e+01
 341   1.019361890579e+01    1.026346640173e+01
 342   1.026346640173e+01    1.033379249832e+01
 343   1.033379249832e+01    1.040460047498e+01
 344   1.040460047498e+01    1.047589363358e+01
 345   1.047589363358e+01    1.054767529864e+01
 346   1.054767529864e+01    1.061994881744e+01
 347   1.061994881744e+01    1.069271756019e+01
 348   1.069271756019e+01    1.076598492022e+01
 349   1.076598492022e+01    1.083975431408e+01
 350   1.083975431408e+01    1.091402918176e+01
 351   1.091402918176e+01    1.098881298681e+01
 352   1.098881298681e+01    1.106410921649e+01
 353   1.106410921649e+01    1.113992138199e+01
 354   1.113992138199e+01    1.121625301855e+01
 355   1.121625301855e+01    1.129310768561e+01
 356   1.129310768561e+01    1.137048896702e+01
 357   1.137048896702e+01    1.144840047120e+01
 358   1.144840047120e+01    1.152684583126e+01
 359   1.152684583126e+01    1.160582870524e+01
 360   1.160582870524e+01    1.168535277621e+01
 361   1.168535277621e+01    1.176542175251e+01
 362   1.176542175251e+01    1.184603936787e+01
 363   1.184603936787e+01    1.192720938161e+01
 364   1.192720938161e+01    1.200893557880e+01
 365   1.200893557880e+01    1.209122177047e+01
 366   1.209122177047e+01    1.217407179373e+01
 367   1.217407179373e+01    1.225748951202e+01
 368   1.225748951202e+01    1.234147881521e+01
 369   1.234147881521e+01    1.242604361985e+01
 370   1.242604361985e+01    1.251118786934e+01
 371   1.251118786934e+01    1.259691553406e+01
 372   1.259691553406e+01    1.268323061163e+01
 373   1.268323061163e+01    1.277013712705e+01
 374   1.277013712705e+01    1.285763913290e+01
 375   1.285763913290e+01    1.294574070953e+01
 376   1.294574070953e+01    1.303444596523e+01
 377   1.303444596523e+01    1.312375903648e+01
 378   1.312375903648e+01    1.321368408807e+01
 379   1.321368408807e+01    1.330422531334e+01
 380   1.330422531334e+01    1.339538693436e+01
 381   1.339538693436e+01    1.348717320214e+01
 382   1.348717320214e+01    1.357958839680e+01
 383   1.357958839680e+01    1.367263682780e+01
 384   1.367263682780e+01    1.376632283412e+01
 385   1.376632283412e+01    1.386065078449e+01
 386   1.386065078449e+01    1.395562507756e+01
 387   1.395562507756e+01    1.405125014211e+01
 388   1.405125014211e+01    1.414753043729e+01
 389   1.414753043729e+01    1.424447045280e+01
 390   1.424447045280e+01    1.434207470908e+01
 391   1.434207470908e+01    1.444034775756e+01
 392   1.444034775756e+01    1.453929418087e+01
 393   1.453929418087e+01    1.463891859303e+01
 394   1.463891859303e+01    1.473922563967e+01
 395   1.473922563967e+01    1.484021999824e+01
 396   1.484021999824e+01    1.494190637829e+01
 397   1.494190637829e+01    1.504428952157e+01
 398   1.504428952157e+01    1.514737420239e+01
 399   1.514737420239e+01    1.525116522772e+01
 400   1.525116522772e+01    1.535566743750e+01
 401   1.535566743750e+01    1.546088570482e+01
 402   1.546088570482e+01    1.556682493616e+01
 403   1.556682493616e+01    1.567349007162e+01
 404   1.567349007162e+01    1.578088608517e+01
 405   1.578088608517e+01    1.588901798484e+01
 406   1.588901798484e+01    1.599789081297e+01
 407   1.599789081297e+01    1.610750964646e+01
 408   1.610750964646e+01    1.621787959702e+01
 409   1.621787959702e+01    1.632900581134e+01
 410   1.632900581134e+01    1.644089347142e+01
 411   1.644089347142e+01    1.655354779473e+01
 412   1.655354779473e+01    1.666697403452e+01
 413   1.666697403452e+01    1.678117748003e+01
 414   1.678117748003e+01    1.689616345671e+01
 415   1.689616345671e+01    1.701193732656e+01
 416   1.701193732656e+01    1.712850448826e+01
 417   1.712850448826e+01    1.724587037752e+01
 418   1.724587037752e+01    1.736404046728e+01
 419   1.736404046728e+01    1.748302026800e+01
 420   1.748302026800e+01    1.760281532787e+01
 421   1.760281532787e+01    1.772343123313e+01
 422   1.772343123313e+01    1.784487360825e+01
 423   1.784487360825e+01    1.796714811629e+01
 424   1.796714811629e+01    1.809026045909e+01
 425   1.809026045909e+01    1.821421637755e+01
 426   1.821421637755e+01    1.833902165193e+01
 427   1.833902165193e+01    1.846468210208e+01
 428   1.846468210208e+01    1.859120358773e+01
 429   1.859120358773e+01    1.871859200877e+01
 430   1.871859200877e+01    1.884685330551e+01
 431   1.884685330551e+01    1.897599345895e+01
 432   1.897599345895e+01    1.910601849111e+01
 433   1.910601849111e+01    1.923693446524e+01
 434   1.923693446524e+01    1.936874748615e+01
 435   1.936874748615e+01    1.950146370046e+01
 436   1.950146370046e+01    1.963508929694e+01
 437   1.963508929694e+01    1.976963050675e+01
 438   1.976963050675e+01    1.990509360374e+01
 439   1.990509360374e+01    2.004148490476e+01
 440   2.004148490476e+01    2.017881076993e+01
 441   2.017881076993e+01    2.031707760297e+01
 442   2.031707760297e+01    2.045629185146e+01
 443   2.045629185146e+01    2.059646000716e+01
 444   2.059646000716e+01    2.073758860634e+01
 445   2.073758860634e+01    2.087968423001e+01
 446   2.087968423001e+01    2.102275350432e+01
 447   2.102275350432e+01    2.116680310080e+01
 448   2.116680310080e+01    2.131183973668e+01
 449   2.131183973668e+01    2.145787017525e+01
 450   2.145787017525e+01    2.160490122612e+01
 451   2.160490122612e+01    2.175293974557e+01
 452   2.175293974557e+01    2.190199263685e+01
 453   2.190199263685e+01    2.205206685052e+01
 454   2.205206685052e+01    2.220316938476e+01
 455   2.220316938476e+01    2.235530728571e+01
 456   2.235530728571e+01    2.250848764779e+01
 457   2.250848764779e+01    2.266271761401e+01
 458   2.266271761401e+01    2.281800437636e+01
 459   2.281800437636e+01    2.297435517608e+01
 460   2.297435517608e+01    2.313177730405e+01
 461   2.313177730405e+01    2.329027810109e+01
 462   2.329027810109e+01    2.344986495833e+01
 463   2.344986495833e+01    2.361054531753e+01
 464   2.361054531753e+01    2.377232667148e+01
 465   2.377232667148e+01    2.393521656426e+01
 466   2.393521656426e+01    2.409922259168e+01
 467   2.409922259168e+01    2.426435240157e+01
 468   2.426435240157e+01    2.443061369420e+01
 469   2.443061369420e+01    2.459801422256e+01
 470   2.459801422256e+01    2.476656179280e+01
 471   2.476656179280e+01    2.493626426453e+01
 472   2.493626426453e+01    2.510712955124e+01
 473   2.510712955124e+01    2.527916562062e+01
 474   2.527916562062e+01    2.545238049498e+01
 475   2.545238049498e+01    2.562678225157e+01
 476   2.562678225157e+01    2.580237902302e+01
 477   2.580237902302e+01    2.597917899766e+01
 478   2.597917899766e+01    2.615719041993e+01
 479   2.615719041993e+01    2.633642159077e+01
 480   2.633642159077e+01    2.651688086800e+01
 481   2.651688086800e+01    2.669857666669e+01
 482   2.669857666669e+01    2.688151745961e+01
 483   2.688151745961e+01    2.706571177753e+01
 484   2.706571177753e+01    2.725116820973e+01
 485   2.725116820973e+01    2.743789540430e+01
 486   2.743789540430e+01    2.762590206862e+01
 487   2.762590206862e+01    2.781519696971e+01
 488   2.781519696971e+01    2.800578893467e+01
 489   2.800578893467e+01    2.819768685110e+01
 490   2.819768685110e+01    2.839089966747e+01
 491   2.839089966747e+01    2.858543639358e+01
 492   2.858543639358e+01    2.878130610098e+01
 493   2.878130610098e+01    2.897851792335e+01
 494   2.897851792335e+01    2.917708105698e+01
 495   2.917708105698e+01    2.937700476115e+01
 496   2.937700476115e+01    2.957829835862e+01
 497   2.957829835862e+01    2.978097123599e+01
 498   2.978097123599e+01    2.998503284420e+01
 499   2.998503284420e+01    3.019049269895e+01
 500   3.019049269895e+01    3.039736038114e+01
 501   3.039736038114e+01    3.060564553731e+01
 502   3.060564553731e+01    3.081535788011e+01
 503   3.081535788011e+01    3.102650718874e+01
 504   3.102650718874e+01    3.123910330940e+01
 505   3.123910330940e+01    3.145315615576e+01
 506   3.145315615576e+01    3.166867570942e+01
 507   3.166867570942e+01    3.188567202039e+01
 508   3.188567202039e+01    3.210415520752e+01
 509   3.210415520752e+01    3.232413545901e+01
 510   3.232413545901e+01    3.254562303285e+01
 511   3.254562303285e+01    3.276862825736e+01
 512   3.276862825736e+01    3.299316153158e+01
 513   3.299316153158e+01    3.321923332584e+01
 514   3.321923332584e+01    3.344685418221e+01
 515   3.344685418221e+01    3.367603471497e+01
 516   3.367603471497e+01    3.390678561116e+01
 517   3.390678561116e+01    3.413911763104e+01
 518   3.413911763104e+01    3.437304160859e+01
 519   3.437304160859e+01    3.460856845203e+01
 520   3.460856845203e+01    3.484570914433e+01
 521   3.484570914433e+01    3.508447474371e+01
 522   3.508447474371e+01    3.532487638417e+01
 523   3.532487638417e+01    3.556692527599e+01
 524   3.556692527599e+01    3.581063270626e+01
 525   3.581063270626e+01    3.605601003943e+01
 526   3.605601003943e+01    3.630306871781e+01
 527   3.630306871781e+01    3.655182026211e+01
 528   3.655182026211e+01    3.680227627198e+01
 529   3.680227627198e+01    3.705444842656e+01
 530   3.705444842656e+01    3.730834848500e+01
 531   3.730834848500e+01    3.756398828705e+01
 532   3.756398828705e+01    3.782137975357e+01
 533   3.782137975357e+01    3.808053488710e+01
 534   3.808053488710e+01    3.834146577244e+01
 535   3.834146577244e+01    3.860418457716e+01
 536   3.860418457716e+01    3.886870355226e+01
 537   3.886870355226e+01    3.913503503262e+01
 538   3.913503503262e+01    3.940319143770e+01
 539   3.940319143770e+01    3.967318527201e+01
 540   3.967318527201e+01    3.994502912577e+01
 541   3.994502912577e+01    4.021873567546e+01
 542   4.021873567546e+01    4.049431768443e+01
 543   4.049431768443e+01    4.077178800347e+01
 544   4.077178800347e+01    4.105115957144e+01
 545   4.105115957144e+01    4.133244541584e+01
 546   4.133244541584e+01    4.161565865345e+01
 547   4.161565865345e+01    4.190081249092e+01
 548   4.190081249092e+01    4.218792022541e+01
 549   4.218792022541e+01    4.247699524517e+01
 550   4.247699524517e+01    4.276805103019e+01
 551   4.276805103019e+01    4.306110115284e+01
 552   4.306110115284e+01    4.335615927848e+01
 553   4.335615927848e+01    4.365323916611e+01
 554   4.365323916611e+01    4.395235466901e+01
 555   4.395235466901e+01    4.425351973537e+01
 556   4.425351973537e+01    4.455674840896e+01
 557   4.455674840896e+01    4.486205482980e+01
 558   4.486205482980e+01    4.516945323477e+01
 559   4.516945323477e+01    4.547895795831e+01
 560   4.547895795831e+01    4.579058343309e+01
 561   4.579058343309e+01    4.610434419067e+01
 562   4.610434419067e+01    4.642025486217e+01
 563   4.642025486217e+01    4.673833017898e+01
 564   4.673833017898e+01    4.705858497342e+01
 565   4.705858497342e+01    4.738103417946e+01
 566   4.738103417946e+01    4.770569283336e+01
 567   4.770569283336e+01    4.803257607446e+01
 568   4.803257607446e+01    4.836169914579e+01
 569   4.836169914579e+01    4.869307739485e+01
 570   4.869307739485e+01    4.902672627431e+01
 571   4.902672627431e+01    4.936266134270e+01
 572   4.936266134270e+01    4.970089826518e+01
 573   4.970089826518e+01    5.004145281423e+01
 574   5.004145281423e+01    5.038434087043e+01
 575   5.038434087043e+01    5.072957842313e+01
 576   5.072957842313e+01    5.107718157130e+01
 577   5.107718157130e+01    5.142716652417e+01
 578   5.142716652417e+01    5.177954960206e+01
 579   5.177954960206e+01    5.213434723712e+01
 580   5.213434723712e+01    5.249157597409e+01
 581   5.249157597409e+01    5.285125247108e+01
 582   5.285125247108e+01    5.321339350032e+01
 583   5.321339350032e+01    5.357801594900e+01
 584   5.357801594900e+01    5.394513682000e+01
 585   5.394513682000e+01    5.431477323272e+01
 586   5.431477323272e+01    5.468694242384e+01
 587   5.468694242384e+01    5.506166174816e+01
 588   5.506166174816e+01    5.543894867941e+01
 589   5.543894867941e+01    5.581882081103e+01
 590   5.581882081103e+01    5.620129585703e+01
 591   5.620129585703e+01    5.658639165277e+01
 592   5.658639165277e+01    5.697412615586e+01
 593   5.697412615586e+01    5.736451744692e+01
 594   5.736451744692e+01    5.775758373049e+01
 595   5.775758373049e+01    5.815334333581e+01
 596   5.815334333581e+01    5.855181471776e+01
 597   5.855181471776e+01    5.895301645764e+01
 598   5.895301645764e+01    5.935696726408e+01
 599   5.935696726408e+01    5.976368597391e+01
 600   5.976368597391e+01    6.017319155302e+01
 601   6.017319155302e+01    6.058550309727e+01
 602   6.058550309727e+01    6.100063983336e+01
 603   6.100063983336e+01    6.141862111973e+01
 604   6.141862111973e+01    6.183946644746e+01
 605   6.183946644746e+01    6.226319544119e+01
 606   6.226319544119e+01    6.268982786005e+01
 607   6.268982786005e+01    6.311938359852e+01
 608   6.311938359852e+01    6.355188268744e+01
 609   6.355188268744e+01    6.398734529487e+01
 610   6.398734529487e+01    6.442579172708e+01
 611   6.442579172708e+01    6.486724242948e+01
 612   6.486724242948e+01    6.531171798756e+01
 613   6.531171798756e+01    6.575923912790e+01
 614   6.575923912790e+01    6.620982671905e+01
 615   6.620982671905e+01    6.666350177258e+01
 616   6.666350177258e+01    6.712028544404e+01
 617   6.712028544404e+01    6.758019903393e+01
 618   6.758019903393e+01    6.804326398869e+01
 619   6.804326398869e+01    6.850950190174e+01
 620   6.850950190174e+01    6.897893451444e+01
 621   6.897893451444e+01    6.945158371712e+01
 622   6.945158371712e+01    6.992747155013e+01
 623   6.992747155013e+01    7.040662020481e+01
 624   7.040662020481e+01    7.088905202458e+01
 625   7.088905202458e+01    7.137478950595e+01
 626   7.137478950595e+01    7.186385529957e+01
 627   7.186385529957e+01    7.235627221132e+01
 628   7.235627221132e+01    7.285206320332e+01
 629   7.285206320332e+01    7.335125139504e+01
 630   7.335125139504e+01    7.385386006436e+01
 631   7.385386006436e+01    7.435991264868e+01
 632   7.435991264868e+01    7.486943274598e+01
 633   7.486943274598e+01    7.538244411593e+01
 634   7.538244411593e+01    7.589897068101e+01
 635   7.589897068101e+01    7.641903652762e+01
 636   7.641903652762e+01    7.694266590722e+01
 637   7.694266590722e+01    7.746988323740e+01
 638   7.746988323740e+01    7.800071310310e+01
 639   7.800071310310e+01    7.853518025769e+01
 640   7.853518025769e+01    7.907330962418e+01
 641   7.907330962418e+01    7.961512629634e+01
 642   7.961512629634e+01    8.016065553988e+01
 643   8.016065553988e+01    8.070992279363e+01
 644   8.070992279363e+01    8.126295367075e+01
 645   8.126295367075e+01    8.181977395988e+01
 646   8.181977395988e+01    8.238040962638e+01
 647   8.238040962638e+01    8.294488681352e+01
 648   8.294488681352e+01    8.351323184371e+01
 649   8.351323184371e+01    8.408547121972e+01
 650   8.408547121972e+01    8.466163162593e+01
 651   8.466163162593e+01    8.524173992954e+01
 652   8.524173992954e+01    8.582582318186e+01
 653   8.582582318186e+01    8.641390861957e+01
 654   8.641390861957e+01    8.700602366596e+01
 655   8.700602366596e+01    8.760219593223e+01
 656   8.760219593223e+01    8.820245321878e+01
 657   8.820245321878e+01    8.880682351650e+01
 658   8.880682351650e+01    8.941533500807e+01
 659   8.941533500807e+01    9.002801606928e+01
 660   9.002801606928e+01    9.064489527035e+01
 661   9.064489527035e+01    9.126600137729e+01
 662   9.126600137729e+01    9.189136335319e+01
 663   9.189136335319e+01    9.252101035960e+01
 664   9.252101035960e+01    9.315497175790e+01
 665   9.315497175790e+01    9.379327711065e+01
 666   9.379327711065e+01    9.443595618297e+01
 667   9.443595618297e+01    9.508303894394e+01
 668   9.508303894394e+01    9.573455556800e+01
 669   9.573455556800e+01    9.639053643632e+01
 670   9.639053643632e+01    9.705101213827e+01
 671   9.705101213827e+01    9.771601347280e+01
 672   9.771601347280e+01    9.838557144992e+01
 673   9.838557144992e+01    9.905971729211e+01
 674   9.905971729211e+01    9.973848243578e+01
 675   9.973848243578e+01    1.004218985328e+02
 676   1.004218985328e+02    1.011099974518e+02
 677   1.011099974518e+02    1.018028112799e+02
 678   1.018028112799e+02    1.025003723240e+02
 679   1.025003723240e+02    1.032027131125e+02
 680   1.032027131125e+02    1.039098663964e+02
 681   1.039098663964e+02    1.046218651516e+02
 682   1.046218651516e+02    1.053387425794e+02
 683   1.053387425794e+02    1.060605321089e+02
 684   1.060605321089e+02    1.067872673983e+02
 685   1.067872673983e+02    1.075189823363e+02
 686   1.075189823363e+02    1.082557110439e+02
 687   1.082557110439e+02    1.089974878758e+02
 688   1.089974878758e+02    1.097443474221e+02
 689   1.097443474221e+02    1.104963245101e+02
 690   1.104963245101e+02    1.112534542055e+02
 691   1.112534542055e+02    1.120157718145e+02
 692   1.120157718145e+02    1.127833128849e+02
 693   1.127833128849e+02    1.135561132085e+02
 694   1.135561132085e+02    1.143342088220e+02
 695   1.143342088220e+02    1.151176360091e+02
 696   1.151176360091e+02    1.159064313023e+02
 697   1.159064313023e+02    1.167006314843e+02
 698   1.167006314843e+02    1.175002735897e+02
 699   1.175002735897e+02    1.183053949070e+02
 700   1.183053949070e+02    1.191160329804e+02
 701   1.191160329804e+02    1.199322256109e+02
 702   1.199322256109e+02    1.207540108590e+02
 703   1.207540108590e+02    1.215814270456e+02
 704   1.215814270456e+02    1.224145127545e+02
 705   1.224145127545e+02    1.232533068335e+02
 706   1.232533068335e+02    1.240978483970e+02
 707   1.240978483970e+02    1.249481768272e+02
 708   1.249481768272e+02    1.258043317761e+02
 709   1.258043317761e+02    1.266663531675e+02
 710   1.266663531675e+02    1.275342811988e+02
 711   1.275342811988e+02    1.284081563426e+02
 712   1.284081563426e+02    1.292880193492e+02
 713   1.292880193492e+02    1.301739112479e+02
 714   1.301739112479e+02    1.310658733490e+02
 715   1.310658733490e+02    1.319639472461e+02
 716   1.319639472461e+02    1.328681748177e+02
 717   1.328681748177e+02    1.337785982293e+02
 718   1.337785982293e+02    1.346952599353e+02
 719   1.346952599353e+02    1.356182026809e+02
 720   1.356182026809e+02    1.365474695045e+02
 721   1.365474695045e+02    1.374831037390e+02
 722   1.374831037390e+02    1.384251490144e+02
 723   1.384251490144e+02    1.393736492598e+02
 724   1.393736492598e+02    1.403286487051e+02
 725   1.403286487051e+02    1.412901918833e+02
 726   1.412901918833e+02    1.422583236327e+02
 727   1.422583236327e+02    1.432330890986e+02
 728   1.432330890986e+02    1.442145337358e+02
 729   1.442145337358e+02    1.452027033106e+02
 730   1.452027033106e+02    1.461976439027e+02
 731   1.461976439027e+02    1.471994019076e+02
 732   1.471994019076e+02    1.482080240390e+02
 733   1.482080240390e+02    1.492235573302e+02
 734   1.492235573302e+02    1.502460491372e+02
 735   1.502460491372e+02    1.512755471402e+02
 736   1.512755471402e+02    1.523120993462e+02
 737   1.523120993462e+02    1.533557540913e+02
 738   1.533557540913e+02    1.544065600425e+02
 739   1.544065600425e+02    1.554645662006e+02
 740   1.554645662006e+02    1.565298219019e+02
 741   1.565298219019e+02    1.576023768208e+02
 742   1.576023768208e+02    1.586822809723e+02
 743   1.586822809723e+02    1.597695847138e+02
 744   1.597695847138e+02    1.608643387479e+02
 745   1.608643387479e+02    1.619665941246e+02
 746   1.619665941246e+02    1.630764022438e+02
 747   1.630764022438e+02    1.641938148574e+02
 748   1.641938148574e+02    1.653188840720e+02
 749   1.653188840720e+02    1.664516623512e+02
 750   1.664516623512e+02    1.675922025183e+02
 751   1.675922025183e+02    1.687405577583e+02
 752   1.687405577583e+02    1.698967816206e+02
 753   1.698967816206e+02    1.710609280218e+02
 754   1.710609280218e+02    1.722330512476e+02
 755   1.722330512476e+02    1.734132059561e+02
 756   1.734132059561e+02    1.746014471794e+02
 757   1.746014471794e+02    1.757978303270e+02
 758   1.757978303270e+02    1.770024111882e+02
 759   1.770024111882e+02    1.782152459342e+02
 760   1.782152459342e+02    1.794363911213e+02
 761   1.794363911213e+02    1.806659036934e+02
 762   1.806659036934e+02    1.819038409845e+02
 763   1.819038409845e+02    1.831502607214e+02
 764   1.831502607214e+02    1.844052210264e+02
 765   1.844052210264e+02    1.856687804204e+02
 766   1.856687804204e+02    1.869409978248e+02
 767   1.869409978248e+02    1.882219325651e+02
 768   1.882219325651e+02    1.895116443732e+02
 769   1.895116443732e+02    1.908101933903e+02
 770   1.908101933903e+02    1.921176401696e+02
 771   1.921176401696e+02    1.934340456793e+02
 772   1.934340456793e+02    1.947594713054e+02
 773   1.947594713054e+02    1.960939788543e+02
 774   1.960939788543e+02    1.974376305562e+02
 775   1.974376305562e+02    1.987904890676e+02
 776   1.987904890676e+02    2.001526174742e+02
 777   2.001526174742e+02    2.015240792941e+02
 778   2.015240792941e+02    2.029049384806e+02
 779   2.029049384806e+02    2.042952594252e+02
 780   2.042952594252e+02    2.056951069607e+02
 781   2.056951069607e+02    2.071045463640e+02
 782   2.071045463640e+02    2.085236433593e+02
 783   2.085236433593e+02    2.099524641213e+02
 784   2.099524641213e+02    2.113910752780e+02
 785   2.113910752780e+02    2.128395439139e+02
 786   2.128395439139e+02    2.142979375734e+02
 787   2.142979375734e+02    2.157663242634e+02
 788   2.157663242634e+02    2.172447724570e+02
 789   2.172447724570e+02    2.187333510964e+02
 790   2.187333510964e+02    2.202321295963e+02
 791   2.202321295963e+02    2.217411778469e+02
 792   2.217411778469e+02    2.232605662175e+02
 793   2.232605662175e+02    2.247903655592e+02
 794   2.247903655592e+02    2.263306472089e+02
 795   2.263306472089e+02    2.278814829924e+02
 796   2.278814829924e+02    2.294429452272e+02
 797   2.294429452272e+02    2.310151067267e+02
 798   2.310151067267e+02    2.325980408032e+02
 799   2.325980408032e+02    2.341918212712e+02
 800   2.341918212712e+02    2.357965224510e+02
 801   2.357965224510e+02    2.374122191723e+02
 802   2.374122191723e+02    2.390389867774e+02
 803   2.390389867774e+02    2.406769011248e+02
 804   2.406769011248e+02    2.423260385929e+02
 805   2.423260385929e+02    2.439864760836e+02
 806   2.439864760836e+02    2.456582910253e+02
 807   2.456582910253e+02    2.473415613774e+02
 808   2.473415613774e+02    2.490363656332e+02
 809   2.490363656332e+02    2.507427828239e+02
 810   2.507427828239e+02    2.524608925224e+02
 811   2.524608925224e+02    2.541907748467e+02
 812   2.541907748467e+02    2.559325104636e+02
 813   2.559325104636e+02    2.576861805929e+02
 814   2.576861805929e+02    2.594518670109e+02
 815   2.594518670109e+02    2.612296520541e+02
 816   2.612296520541e+02    2.630196186234e+02
 817   2.630196186234e+02    2.648218501874e+02
 818   2.648218501874e+02    2.666364307869e+02
 819   2.666364307869e+02    2.684634450385e+02
 820   2.684634450385e+02    2.703029781385e+02
 821   2.703029781385e+02    2.721551158672e+02
 822   2.721551158672e+02    2.740199445925e+02
 823   2.740199445925e+02    2.758975512741e+02
 824   2.758975512741e+02    2.777880234675e+02
 825   2.777880234675e+02    2.796914493283e+02
 826   2.796914493283e+02    2.816079176161e+02
 827   2.816079176161e+02    2.835375176987e+02
 828   2.835375176987e+02    2.854803395560e+02
 829   2.854803395560e+02    2.874364737849e+02
 830   2.874364737849e+02    2.894060116026e+02
 831   2.894060116026e+02    2.913890448518e+02
 832   2.913890448518e+02    2.933856660042e+02
 833   2.933856660042e+02    2.953959681652e+02
 834   2.953959681652e+02    2.974200450781e+02
 835   2.974200450781e+02    2.994579911287e+02
 836   2.994579911287e+02    3.015099013495e+02
 837   3.015099013495e+02    3.035758714239e+02
 838   3.035758714239e+02    3.056559976913e+02
 839   3.056559976913e+02    3.077503771511e+02
 840   3.077503771511e+02    3.098591074673e+02
 841   3.098591074673e+02    3.119822869730e+02
 842   3.119822869730e+02    3.141200146754e+02
 843   3.141200146754e+02    3.162723902597e+02
 844   3.162723902597e+02    3.184395140945e+02
 845   3.184395140945e+02    3.206214872360e+02
 846   3.206214872360e+02    3.228184114329e+02
 847   3.228184114329e+02    3.250303891308e+02
 848   3.250303891308e+02    3.272575234777e+02
 849   3.272575234777e+02    3.294999183282e+02
 850   3.294999183282e+02    3.317576782484e+02
 851   3.317576782484e+02    3.340309085209e+02
 852   3.340309085209e+02    3.363197151500e+02
 853   3.363197151500e+02    3.386242048661e+02
 854   3.386242048661e+02    3.409444851309e+02
 855   3.409444851309e+02    3.432806641425e+02
 856   3.432806641425e+02    3.456328508404e+02
 857   3.456328508404e+02    3.480011549107e+02
 858   3.480011549107e+02    3.503856867907e+02
 859   3.503856867907e+02    3.527865576749e+02
 860   3.527865576749e+02    3.552038795192e+02
 861   3.552038795192e+02    3.576377650471e+02
 862   3.576377650471e+02    3.600883277543e+02
 863   3.600883277543e+02    3.625556819140e+02
 864   3.625556819140e+02    3.650399425828e+02
 865   3.650399425828e+02    3.675412256053e+02
 866   3.675412256053e+02    3.700596476200e+02
 867   3.700596476200e+02    3.725953260648e+02
 868   3.725953260648e+02    3.751483791821e+02
 869   3.751483791821e+02    3.777189260245e+02
 870   3.777189260245e+02    3.803070864604e+02
 871   3.803070864604e+02    3.829129811797e+02
 872   3.829129811797e+02    3.855367316990e+02
 873   3.855367316990e+02    3.881784603677e+02
 874   3.881784603677e+02    3.908382903735e+02
 875   3.908382903735e+02    3.935163457483e+02
 876   3.935163457483e+02    3.962127513738e+02
 877   3.962127513738e+02    3.989276329872e+02
 878   3.989276329872e+02    4.016611171877e+02
 879   4.016611171877e+02    4.044133314416e+02
 880   4.044133314416e+02    4.071844040887e+02
 881   4.071844040887e+02    4.099744643483e+02
 882   4.099744643483e+02    4.127836423250e+02
 883   4.127836423250e+02    4.156120690150e+02
 884   4.156120690150e+02    4.184598763119e+02
 885   4.184598763119e+02    4.213271970133e+02
 886   4.213271970133e+02    4.242141648266e+02
 887   4.242141648266e+02    4.271209143754e+02
 888   4.271209143754e+02    4.300475812056e+02
 889   4.300475812056e+02    4.329943017922e+02
 890   4.329943017922e+02    4.359612135450e+02
 891   4.359612135450e+02    4.389484548156e+02
 892   4.389484548156e+02    4.419561649035e+02
 893   4.419561649035e+02    4.449844840626e+02
 894   4.449844840626e+02    4.480335535079e+02
 895   4.480335535079e+02    4.511035154221e+02
 896   4.511035154221e+02    4.541945129620e+02
 897   4.541945129620e+02    4.573066902655e+02
 898   4.573066902655e+02    4.604401924580e+02
 899   4.604401924580e+02    4.635951656593e+02
 900   4.635951656593e+02    4.667717569906e+02
 901   4.667717569906e+02    4.699701145809e+02
 902   4.699701145809e+02    4.731903875745e+02
 903   4.731903875745e+02    4.764327261374e+02
 904   4.764327261374e+02    4.796972814647e+02
 905   4.796972814647e+02    4.829842057875e+02
 906   4.829842057875e+02    4.862936523799e+02
 907   4.862936523799e+02    4.896257755663e+02
 908   4.896257755663e+02    4.929807307285e+02
 909   4.929807307285e+02    4.963586743132e+02
 910   4.963586743132e+02    4.997597638387e+02
 911   4.997597638387e+02    5.031841579030e+02
 912   5.031841579030e+02    5.066320161906e+02
 913   5.066320161906e+02    5.101034994803e+02
 914   5.101034994803e+02    5.135987696524e+02
 915   5.135987696524e+02    5.171179896967e+02
 916   5.171179896967e+02    5.206613237195e+02
 917   5.206613237195e+02    5.242289369519e+02
 918   5.242289369519e+02    5.278209957568e+02
 919   5.278209957568e+02    5.314376676372e+02
 920   5.314376676372e+02    5.350791212441e+02
 921   5.350791212441e+02    5.387455263837e+02
 922   5.387455263837e+02    5.424370540260e+02
 923   5.424370540260e+02    5.461538763124e+02
 924   5.461538763124e+02    5.498961665637e+02
 925   5.498961665637e+02    5.536640992886e+02
 926   5.536640992886e+02    5.574578501914e+02
 927   5.574578501914e+02    5.612775961802e+02
 928   5.612775961802e+02    5.651235153754e+02
 929   5.651235153754e+02    5.689957871181e+02
 930   5.689957871181e+02    5.728945919780e+02
 931   5.728945919780e+02    5.768201117620e+02
 932   5.768201117620e+02    5.807725295231e+02
 933   5.807725295231e+02    5.847520295684e+02
 934   5.847520295684e+02    5.887587974677e+02
 935   5.887587974677e+02    5.927930200627e+02
 936   5.927930200627e+02    5.968548854751e+02
 937   5.968548854751e+02    6.009445831158e+02
 938   6.009445831158e+02    6.050623036933e+02
 939   6.050623036933e+02    6.092082392232e+02
 940   6.092082392232e+02    6.133825830365e+02
 941   6.133825830365e+02    6.175855297891e+02
 942   6.175855297891e+02    6.218172754705e+02
 943   6.218172754705e+02    6.260780174135e+02
 944   6.260780174135e+02    6.303679543027e+02
 945   6.303679543027e+02    6.346872861841e+02
 946   6.346872861841e+02    6.390362144748e+02
 947   6.390362144748e+02    6.434149419716e+02
 948   6.434149419716e+02    6.478236728611e+02
 949   6.478236728611e+02    6.522626127289e+02
 950   6.522626127289e+02    6.567319685695e+02
 951   6.567319685695e+02    6.612319487954e+02
 952   6.612319487954e+02    6.657627632475e+02
 953   6.657627632475e+02    6.703246232044e+02
 954   6.703246232044e+02    6.749177413922e+02
 955   6.749177413922e+02    6.795423319950e+02
 956   6.795423319950e+02    6.841986106643e+02
 957   6.841986106643e+02    6.888867945292e+02
 958   6.888867945292e+02    6.936071022067e+02
 959   6.936071022067e+02    6.983597538117e+02
 960   6.983597538117e+02    7.031449709675e+02
 961   7.031449709675e+02    7.079629768158e+02
 962   7.079629768158e+02    7.128139960274e+02
 963   7.128139960274e+02    7.176982548124e+02
 964   7.176982548124e+02    7.226159809311e+02
 965   7.226159809311e+02    7.275674037045e+02
 966   7.275674037045e+02    7.325527540245e+02
 967   7.325527540245e+02    7.375722643657e+02
 968   7.375722643657e+02    7.426261687950e+02
 969   7.426261687950e+02    7.477147029837e+02
 970   7.477147029837e+02    7.528381042175e+02
 971   7.528381042175e+02    7.579966114084e+02
 972   7.579966114084e+02    7.631904651050e+02
 973   7.631904651050e+02    7.684199075046e+02
 974   7.684199075046e+02    7.736851824638e+02
 975   7.736851824638e+02    7.789865355101e+02
 976   7.789865355101e+02    7.843242138535e+02
 977   7.843242138535e+02    7.896984663979e+02
 978   7.896984663979e+02    7.951095437527e+02
 979   7.951095437527e+02    8.005576982443e+02
 980   8.005576982443e+02    8.060431839283e+02
 981   8.060431839283e+02    8.115662566011e+02
 982   8.115662566011e+02    8.171271738116e+02
 983   8.171271738116e+02    8.227261948738e+02
 984   8.227261948738e+02    8.283635808783e+02
 985   8.283635808783e+02    8.340395947047e+02
 986   8.340395947047e+02    8.397545010340e+02
 987   8.397545010340e+02    8.455085663607e+02
 988   8.455085663607e+02    8.513020590055e+02
 989   8.513020590055e+02    8.571352491275e+02
 990   8.571352491275e+02    8.630084087369e+02
 991   8.630084087369e+02    8.689218117080e+02
 992   8.689218117080e+02    8.748757337915e+02
 993   8.748757337915e+02    8.808704526275e+02
 994   8.808704526275e+02    8.869062477588e+02
 995   8.869062477588e+02    8.929834006434e+02
 996   8.929834006434e+02    8.991021946679e+02
 997   8.991021946679e+02    9.052629151608e+02
 998   9.052629151608e+02    9.114658494056e+02
 999   9.114658494056e+02    9.177112866544e+02
 1000   9.177112866544e+02    9.239995181411e+02
 1001   9.239995181411e+02    9.303308370952e+02
 1002   9.303308370952e+02    9.367055387557e+02
 1003   9.367055387557e+02    9.431239203842e+02
 1004   9.431239203842e+02    9.495862812795e+02
 1005   9.495862812795e+02    9.560929227909e+02
 1006   9.560929227909e+02    9.626441483329e+02
 1007   9.626441483329e+02    9.692402633988e+02
 1008   9.692402633988e+02    9.758815755752e+02
 1009   9.758815755752e+02    9.825683945563e+02
 1010   9.825683945563e+02    9.893010321585e+02
 1011   9.893010321585e+02    9.960798023346e+02
 1012   9.960798023346e+02    1.002905021189e+03
 1013   1.002905021189e+03    1.009777006991e+03
 1014   1.009777006991e+03    1.016696080192e+03
 1015   1.016696080192e+03    1.023662563439e+03
 1016   1.023662563439e+03    1.030676781589e+03
 1017   1.030676781589e+03    1.037739061725e+03
 1018   1.037739061725e+03    1.044849733172e+03
 1019   1.044849733172e+03    1.052009127512e+03
 1020   1.052009127512e+03    1.059217578597e+03
 1021   1.059217578597e+03    1.066475422568e+03
 1022   1.066475422568e+03    1.073782997869e+03
 1023   1.073782997869e+03    1.081140645263e+03
 1024   1.081140645263e+03    1.088548707849e+03
 1025   1.088548707849e+03    1.096007531075e+03
 1026   1.096007531075e+03    1.103517462757e+03
 1027   1.103517462757e+03    1.111078853094e+03
 1028   1.111078853094e+03    1.118692054686e+03
 1029   1.118692054686e+03    1.126357422546e+03
 1030   1.126357422546e+03    1.134075314124e+03
 1031   1.134075314124e+03    1.141846089315e+03
 1032   1.141846089315e+03    1.149670110481e+03
 1033   1.149670110481e+03    1.157547742470e+03
 1034   1.157547742470e+03    1.165479352626e+03
 1035   1.165479352626e+03    1.173465310812e+03
 1036   1.173465310812e+03    1.181505989426e+03
 1037   1.181505989426e+03    1.189601763415e+03
 1038   1.189601763415e+03    1.197753010299e+03
 1039   1.197753010299e+03    1.205960110181e+03
 1040   1.205960110181e+03    1.214223445771e+03
 1041   1.214223445771e+03    1.222543402401e+03
 1042   1.222543402401e+03    1.230920368042e+03
 1043   1.230920368042e+03    1.239354733325e+03
 1044   1.239354733325e+03    1.247846891557e+03
 1045   1.247846891557e+03    1.256397238739e+03
 1046   1.256397238739e+03    1.265006173588e+03
 1047   1.265006173588e+03    1.273674097549e+03
 1048   1.273674097549e+03    1.282401414823e+03
 1049   1.282401414823e+03    1.291188532375e+03
 1050   1.291188532375e+03    1.300035859964e+03
 1051   1.300035859964e+03    1.308943810152e+03
 1052   1.308943810152e+03    1.317912798330e+03
 1053   1.317912798330e+03    1.326943242736e+03
 1054   1.326943242736e+03    1.336035564474e+03
 1055   1.336035564474e+03    1.345190187530e+03
 1056   1.345190187530e+03    1.354407538799e+03
 1057   1.354407538799e+03    1.363688048100e+03
 1058   1.363688048100e+03    1.373032148196e+03
 1059   1.373032148196e+03    1.382440274818e+03
 1060   1.382440274818e+03    1.391912866678e+03
 1061   1.391912866678e+03    1.401450365500e+03
 1062   1.401450365500e+03    1.411053216030e+03
 1063   1.411053216030e+03    1.420721866063e+03
 1064   1.420721866063e+03    1.430456766464e+03
 1065   1.430456766464e+03    1.440258371184e+03
 1066   1.440258371184e+03    1.450127137288e+03
 1067   1.450127137288e+03    1.460063524970e+03
 1068   1.460063524970e+03    1.470067997579e+03
 1069   1.470067997579e+03    1.480141021638e+03
 1070   1.480141021638e+03    1.490283066868e+03
 1071   1.490283066868e+03    1.500494606206e+03
 1072   1.500494606206e+03    1.510776115833e+03
 1073   1.510776115833e+03    1.521128075190e+03
 1074   1.521128075190e+03    1.531550967005e+03
 1075   1.531550967005e+03    1.542045277311e+03
 1076   1.542045277311e+03    1.552611495476e+03
 1077   1.552611495476e+03    1.563250114216e+03
 1078   1.563250114216e+03    1.573961629627e+03
 1079   1.573961629627e+03    1.584746541202e+03
 1080   1.584746541202e+03    1.595605351859e+03
 1081   1.595605351859e+03    1.606538567958e+03
 1082   1.606538567958e+03    1.617546699333e+03
 1083   1.617546699333e+03    1.628630259308e+03
 1084   1.628630259308e+03    1.639789764728e+03
 1085   1.639789764728e+03    1.651025735975e+03
 1086   1.651025735975e+03    1.662338697000e+03
 1087   1.662338697000e+03    1.673729175343e+03
 1088   1.673729175343e+03    1.685197702160e+03
 1089   1.685197702160e+03    1.696744812243e+03
 1090   1.696744812243e+03    1.708371044053e+03
 1091   1.708371044053e+03    1.720076939738e+03
 1092   1.720076939738e+03    1.731863045160e+03
 1093   1.731863045160e+03    1.743729909924e+03
 1094   1.743729909924e+03    1.755678087400e+03
 1095   1.755678087400e+03    1.767708134747e+03
 1096   1.767708134747e+03    1.779820612946e+03
 1097   1.779820612946e+03    1.792016086818e+03
 1098   1.792016086818e+03    1.804295125058e+03
 1099   1.804295125058e+03    1.816658300254e+03
 1100   1.816658300254e+03    1.829106188921e+03
 1101   1.829106188921e+03    1.841639371521e+03
 1102   1.841639371521e+03    1.854258432495e+03
 1103   1.854258432495e+03    1.866963960289e+03
 1104   1.866963960289e+03    1.879756547381e+03
 1105   1.879756547381e+03    1.892636790308e+03
 1106   1.892636790308e+03    1.905605289694e+03
 1107   1.905605289694e+03    1.918662650280e+03
 1108   1.918662650280e+03    1.931809480950e+03
 1109   1.931809480950e+03    1.945046394761e+03
 1110   1.945046394761e+03    1.958374008968e+03
 1111   1.958374008968e+03    1.971792945060e+03
 1112   1.971792945060e+03    1.985303828780e+03
 1113   1.985303828780e+03    1.998907290160e+03
 1114   1.998907290160e+03    2.012603963552e+03
 1115   2.012603963552e+03    2.026394487650e+03
 1116   2.026394487650e+03    2.040279505528e+03
 1117   2.040279505528e+03    2.054259664664e+03
 1118   2.054259664664e+03    2.068335616974e+03
 1119   2.068335616974e+03    2.082508018840e+03
 1120   2.082508018840e+03    2.096777531143e+03
 1121   2.096777531143e+03    2.111144819290e+03
 1122   2.111144819290e+03    2.125610553251e+03
 1123   2.125610553251e+03    2.140175407584e+03
 1124   2.140175407584e+03    2.154840061469e+03
 1125   2.154840061469e+03    2.169605198740e+03
 1126   2.169605198740e+03    2.184471507919e+03
 1127   2.184471507919e+03    2.199439682244e+03
 1128   2.199439682244e+03    2.214510419701e+03
 1129   2.214510419701e+03    2.229684423063e+03
 1130   2.229684423063e+03    2.244962399915e+03
 1131   2.244962399915e+03    2.260345062692e+03
 1132   2.260345062692e+03    2.275833128711e+03
 1133   2.275833128711e+03    2.291427320203e+03
 1134   2.291427320203e+03    2.307128364348e+03
 1135   2.307128364348e+03    2.322936993310e+03
 1136   2.322936993310e+03    2.338853944268e+03
 1137   2.338853944268e+03    2.354879959452e+03
 1138   2.354879959452e+03    2.371015786181e+03
 1139   2.371015786181e+03    2.387262176891e+03
 1140   2.387262176891e+03    2.403619889176e+03
 1141   2.403619889176e+03    2.420089685820e+03
 1142   2.420089685820e+03    2.436672334834e+03
 1143   2.436672334834e+03    2.453368609492e+03
 1144   2.453368609492e+03    2.470179288366e+03
 1145   2.470179288366e+03    2.487105155362e+03
 1146   2.487105155362e+03    2.504146999759e+03
 1147   2.504146999759e+03    2.521305616244e+03
 1148   2.521305616244e+03    2.538581804947e+03
 1149   2.538581804947e+03    2.555976371484e+03
 1150   2.555976371484e+03    2.573490126989e+03
 1151   2.573490126989e+03    2.591123888154e+03
 1152   2.591123888154e+03    2.608878477267e+03
 1153   2.608878477267e+03    2.626754722252e+03
 1154   2.626754722252e+03    2.644753456704e+03
 1155   2.644753456704e+03    2.662875519932e+03
 1156   2.662875519932e+03    2.681121756992e+03
 1157   2.681121756992e+03    2.699493018736e+03
 1158   2.699493018736e+03    2.717990161841e+03
 1159   2.717990161841e+03    2.736614048857e+03
 1160   2.736614048857e+03    2.755365548244e+03
 1161   2.755365548244e+03    2.774245534411e+03
 1162   2.774245534411e+03    2.793254887761e+03
 1163   2.793254887761e+03    2.812394494728e+03
 1164   2.812394494728e+03    2.831665247820e+03
 1165   2.831665247820e+03    2.851068045661e+03
 1166   2.851068045661e+03    2.870603793032e+03
 1167   2.870603793032e+03    2.890273400913e+03
 1168   2.890273400913e+03    2.910077786529e+03
 1169   2.910077786529e+03    2.930017873386e+03
 1170   2.930017873386e+03    2.950094591321e+03
 1171   2.950094591321e+03    2.970308876541e+03
 1172   2.970308876541e+03    2.990661671668e+03
 1173   2.990661671668e+03    3.011153925782e+03
 1174   3.011153925782e+03    3.031786594469e+03
 1175   3.031786594469e+03    3.052560639859e+03
 1176   3.052560639859e+03    3.073477030678e+03
 1177   3.073477030678e+03    3.094536742288e+03
 1178   3.094536742288e+03    3.115740756734e+03
 1179   3.115740756734e+03    3.137090062791e+03
 1180   3.137090062791e+03    3.158585656009e+03
 1181   3.158585656009e+03    3.180228538759e+03
 1182   3.180228538759e+03    3.202019720281e+03
 1183   3.202019720281e+03    3.223960216730e+03
 1184   3.223960216730e+03    3.246051051224e+03
 1185   3.246051051224e+03    3.268293253891e+03
 1186   3.268293253891e+03    3.290687861918e+03
 1187   3.290687861918e+03    3.313235919600e+03
 1188   3.313235919600e+03    3.335938478384e+03
 1189   3.335938478384e+03    3.358796596926e+03
 1190   3.358796596926e+03    3.381811341133e+03
 1191   3.381811341133e+03    3.404983784217e+03
 1192   3.404983784217e+03    3.428315006743e+03
 1193   3.428315006743e+03    3.451806096680e+03
 1194   3.451806096680e+03    3.475458149454e+03
 1195   3.475458149454e+03    3.499272267994e+03
 1196   3.499272267994e+03    3.523249562789e+03
 1197   3.523249562789e+03    3.547391151934e+03
 1198   3.547391151934e+03    3.571698161188e+03
 1199   3.571698161188e+03    3.596171724022e+03
 1200   3.596171724022e+03    3.620812981677e+03
 1201   3.620812981677e+03    3.645623083208e+03
 1202   3.645623083208e+03    3.670603185550e+03
 1203   3.670603185550e+03    3.695754453560e+03
 1204   3.695754453560e+03    3.721078060080e+03
 1205   3.721078060080e+03    3.746575185986e+03
 1206   3.746575185986e+03    3.772247020249e+03
 1207   3.772247020249e+03    3.798094759983e+03
 1208   3.798094759983e+03    3.824119610506e+03
 1209   3.824119610506e+03    3.850322785397e+03
 1210   3.850322785397e+03    3.876705506548e+03
 1211   3.876705506548e+03    3.903269004225e+03
 1212   3.903269004225e+03    3.930014517123e+03
 1213   3.930014517123e+03    3.956943292424e+03
 1214   3.956943292424e+03    3.984056585857e+03
 1215   3.984056585857e+03    4.011355661757e+03
 1216   4.011355661757e+03    4.038841793118e+03
 1217   4.038841793118e+03    4.066516261660e+03
 1218   4.066516261660e+03    4.094380357884e+03
 1219   4.094380357884e+03    4.122435381136e+03
 1220   4.122435381136e+03    4.150682639661e+03
 1221   4.150682639661e+03    4.179123450671e+03
 1222   4.179123450671e+03    4.207759140404e+03
 1223   4.207759140404e+03    4.236591044185e+03
 1224   4.236591044185e+03    4.265620506487e+03
 1225   4.265620506487e+03    4.294848880998e+03
 1226   4.294848880998e+03    4.324277530680e+03
 1227   4.324277530680e+03    4.353907827834e+03
 1228   4.353907827834e+03    4.383741154166e+03
 1229   4.383741154166e+03    4.413778900847e+03
 1230   4.413778900847e+03    4.444022468583e+03
 1231   4.444022468583e+03    4.474473267675e+03
 1232   4.474473267675e+03    4.505132718090e+03
 1233   4.505132718090e+03    4.536002249522e+03
 1234   4.536002249522e+03    4.567083301465e+03
 1235   4.567083301465e+03    4.598377323274e+03
 1236   4.598377323274e+03    4.629885774235e+03
 1237   4.629885774235e+03    4.661610123634e+03
 1238   4.661610123634e+03    4.693551850825e+03
 1239   4.693551850825e+03    4.725712445297e+03
 1240   4.725712445297e+03    4.758093406747e+03
 1241   4.758093406747e+03    4.790696245148e+03
 1242   4.790696245148e+03    4.823522480817e+03
 1243   4.823522480817e+03    4.856573644491e+03
 1244   4.856573644491e+03    4.889851277394e+03
 1245   4.889851277394e+03    4.923356931313e+03
 1246   4.923356931313e+03    4.957092168664e+03
 1247   4.957092168664e+03    4.991058562574e+03
 1248   4.991058562574e+03    5.025257696943e+03
 1249   5.025257696943e+03    5.059691166530e+03
 1250   5.059691166530e+03    5.094360577018e+03
 1251   5.094360577018e+03    5.129267545093e+03
 1252   5.129267545093e+03    5.164413698518e+03
 1253   5.164413698518e+03    5.199800676211e+03
 1254   5.199800676211e+03    5.235430128319e+03
 1255   5.235430128319e+03    5.271303716296e+03
 1256   5.271303716296e+03    5.307423112980e+03
 1257   5.307423112980e+03    5.343790002674e+03
 1258   5.343790002674e+03    5.380406081218e+03
 1259   5.380406081218e+03    5.417273056075e+03
 1260   5.417273056075e+03    5.454392646406e+03
 1261   5.454392646406e+03    5.491766583154e+03
 1262   5.491766583154e+03    5.529396609120e+03
 1263   5.529396609120e+03    5.567284479047e+03
 1264   5.567284479047e+03    5.605431959704e+03
 1265   5.605431959704e+03    5.643840829965e+03
 1266   5.643840829965e+03    5.682512880891e+03
 1267   5.682512880891e+03    5.721449915817e+03
 1268   5.721449915817e+03    5.760653750436e+03
 1269   5.760653750436e+03    5.800126212881e+03
 1270   5.800126212881e+03    5.839869143810e+03
 1271   5.839869143810e+03    5.879884396496e+03
 1272   5.879884396496e+03    5.920173836910e+03
 1273   5.920173836910e+03    5.960739343806e+03
 1274   5.960739343806e+03    6.001582808816e+03
 1275   6.001582808816e+03    6.042706136531e+03
 1276   6.042706136531e+03    6.084111244591e+03
 1277   6.084111244591e+03    6.125800063780e+03
 1278   6.125800063780e+03    6.167774538108e+03
 1279   6.167774538108e+03    6.210036624907e+03
 1280   6.210036624907e+03    6.252588294922e+03
 1281   6.252588294922e+03    6.295431532399e+03
 1282   6.295431532399e+03    6.338568335182e+03
 1283   6.338568335182e+03    6.382000714804e+03
 1284   6.382000714804e+03    6.425730696583e+03
 1285   6.425730696583e+03    6.469760319710e+03
 1286   6.469760319710e+03    6.514091637354e+03
 1287   6.514091637354e+03    6.558726716748e+03
 1288   6.558726716748e+03    6.603667639294e+03
 1289   6.603667639294e+03    6.648916500652e+03
 1290   6.648916500652e+03    6.694475410845e+03
 1291   6.694475410845e+03    6.740346494352e+03
 1292   6.740346494352e+03    6.786531890210e+03
 1293   6.786531890210e+03    6.833033752111e+03
 1294   6.833033752111e+03    6.879854248508e+03
 1295   6.879854248508e+03    6.926995562708e+03
 1296   6.926995562708e+03    6.974459892981e+03
 1297   6.974459892981e+03    7.022249452660e+03
 1298   7.022249452660e+03    7.070366470243e+03
 1299   7.070366470243e+03    7.118813189497e+03
 1300   7.118813189497e+03    7.167591869564e+03
 1301   7.167591869564e+03    7.216704785068e+03
 1302   7.216704785068e+03    7.266154226215e+03
 1303   7.266154226215e+03    7.315942498907e+03
 1304   7.315942498907e+03    7.366071924844e+03
 1305   7.366071924844e+03    7.416544841637e+03
 1306   7.416544841637e+03    7.467363602912e+03
 1307   7.467363602912e+03    7.518530578423e+03
 1308   7.518530578423e+03    7.570048154162e+03
 1309   7.570048154162e+03    7.621918732470e+03
 1310   7.621918732470e+03    7.674144732149e+03
 1311   7.674144732149e+03    7.726728588576e+03
 1312   7.726728588576e+03    7.779672753812e+03
 1313   7.779672753812e+03    7.832979696723e+03
 1314   7.832979696723e+03    7.886651903091e+03
 1315   7.886651903091e+03    7.940691875730e+03
 1316   7.940691875730e+03    7.995102134605e+03
 1317   7.995102134605e+03    8.049885216946e+03
 1318   8.049885216946e+03    8.105043677370e+03
 1319   8.105043677370e+03    8.160580087997e+03
 1320   8.160580087997e+03    8.216497038573e+03
 1321   8.216497038573e+03    8.272797136588e+03
 1322   8.272797136588e+03    8.329483007400e+03
 1323   8.329483007400e+03    8.386557294353e+03
 1324   8.386557294353e+03    8.444022658907e+03
 1325   8.444022658907e+03    8.501881780758e+03
 1326   8.501881780758e+03    8.560137357961e+03
 1327   8.560137357961e+03    8.618792107061e+03
 1328   8.618792107061e+03    8.677848763215e+03
 1329   8.677848763215e+03    8.737310080323e+03
 1330   8.737310080323e+03    8.797178831155e+03
 1331   8.797178831155e+03    8.857457807478e+03
 1332   8.857457807478e+03    8.918149820192e+03
 1333   8.918149820192e+03    8.979257699454e+03
 1334   8.979257699454e+03    9.040784294816e+03
 1335   9.040784294816e+03    9.102732475353e+03
 1336   9.102732475353e+03    9.165105129802e+03
 1337   9.165105129802e+03    9.227905166692e+03
 1338   9.227905166692e+03    9.291135514481e+03
 1339   9.291135514481e+03    9.354799121695e+03
 1340   9.354799121695e+03    9.418898957062e+03
 1341   9.418898957062e+03    9.483438009652e+03
 1342   9.483438009652e+03    9.548419289016e+03
 1343   9.548419289016e+03    9.613845825330e+03
 1344   9.613845825330e+03    9.679720669527e+03
 1345   9.679720669527e+03    9.746046893452e+03
 1346   9.746046893452e+03    9.812827589993e+03
 1347   9.812827589993e+03    9.880065873233e+03
 1348   9.880065873233e+03    9.947764878593e+03
 1349   9.947764878593e+03    1.001592776298e+04
 1350   1.001592776298e+04    1.008455770493e+04
 1351   1.008455770493e+04    1.015365790475e+04
 1352   1.015365790475e+04    1.022323158470e+04
 1353   1.022323158470e+04    1.029328198909e+04
 1354   1.029328198909e+04    1.036381238449e+04
 1355   1.036381238449e+04    1.043482605982e+04
 1356   1.043482605982e+04    1.050632632656e+04
 1357   1.050632632656e+04    1.057831651887e+04
 1358   1.057831651887e+04    1.065079999377e+04
 1359   1.065079999377e+04    1.072378013127e+04
 1360   1.072378013127e+04    1.079726033453e+04
 1361   1.079726033453e+04    1.087124403004e+04
 1362   1.087124403004e+04    1.094573466779e+04
 1363   1.094573466779e+04    1.102073572137e+04
 1364   1.102073572137e+04    1.109625068820e+04
 1365   1.109625068820e+04    1.117228308965e+04
 1366   1.117228308965e+04    1.124883647122e+04
 1367   1.124883647122e+04    1.132591440272e+04
 1368   1.132591440272e+04    1.140352047840e+04
 1369   1.140352047840e+04    1.148165831714e+04
 1370   1.148165831714e+04    1.156033156264e+04
 1371   1.156033156264e+04    1.163954388354e+04
 1372   1.163954388354e+04    1.171929897362e+04
 1373   1.171929897362e+04    1.179960055199e+04
 1374   1.179960055199e+04    1.188045236323e+04
 1375   1.188045236323e+04    1.196185817758e+04
 1376   1.196185817758e+04    1.204382179111e+04
 1377   1.204382179111e+04    1.212634702591e+04
 1378   1.212634702591e+04    1.220943773025e+04
 1379   1.220943773025e+04    1.229309777877e+04
 1380   1.229309777877e+04    1.237733107266e+04
 1381   1.237733107266e+04    1.246214153986e+04
 1382   1.246214153986e+04    1.254753313519e+04
 1383   1.254753313519e+04    1.263350984060e+04
 1384   1.263350984060e+04    1.272007566530e+04
 1385   1.272007566530e+04    1.280723464599e+04
 1386   1.280723464599e+04    1.289499084702e+04
 1387   1.289499084702e+04    1.298334836059e+04
 1388   1.298334836059e+04    1.307231130695e+04
 1389   1.307231130695e+04    1.316188383456e+04
 1390   1.316188383456e+04    1.325207012033e+04
 1391   1.325207012033e+04    1.334287436978e+04
 1392   1.334287436978e+04    1.343430081724e+04
 1393   1.343430081724e+04    1.352635372607e+04
 1394   1.352635372607e+04    1.361903738882e+04
 1395   1.361903738882e+04    1.371235612749e+04
 1396   1.371235612749e+04    1.380631429364e+04
 1397   1.380631429364e+04    1.390091626871e+04
 1398   1.390091626871e+04    1.399616646411e+04
 1399   1.399616646411e+04    1.409206932150e+04
 1400   1.409206932150e+04    1.418862931298e+04
 1401   1.418862931298e+04    1.428585094128e+04
 1402   1.428585094128e+04    1.438373873999e+04
 1403   1.438373873999e+04    1.448229727377e+04
 1404   1.448229727377e+04    1.458153113854e+04
 1405   1.458153113854e+04    1.468144496172e+04
 1406   1.468144496172e+04    1.478204340245e+04
 1407   1.478204340245e+04    1.488333115178e+04
 1408   1.488333115178e+04    1.498531293291e+04
 1409   1.498531293291e+04    1.508799350140e+04
 1410   1.508799350140e+04    1.519137764540e+04
 1411   1.519137764540e+04    1.529547018586e+04
 1412   1.529547018586e+04    1.540027597677e+04
 1413   1.540027597677e+04    1.550579990538e+04
 1414   1.550579990538e+04    1.561204689244e+04
 1415   1.561204689244e+04    1.571902189238e+04
 1416   1.571902189238e+04    1.582672989363e+04
 1417   1.582672989363e+04    1.593517591875e+04
 1418   1.593517591875e+04    1.604436502475e+04
 1419   1.604436502475e+04    1.615430230328e+04
 1420   1.615430230328e+04    1.626499288088e+04
 1421   1.626499288088e+04    1.637644191921e+04
 1422   1.637644191921e+04    1.648865461531e+04
 1423   1.648865461531e+04    1.660163620182e+04
 1424   1.660163620182e+04    1.671539194725e+04
 1425   1.671539194725e+04    1.682992715618e+04
 1426   1.682992715618e+04    1.694524716956e+04
 1427   1.694524716956e+04    1.706135736495e+04
 1428   1.706135736495e+04    1.717826315673e+04
 1429   1.717826315673e+04    1.729596999638e+04
 1430   1.729596999638e+04    1.741448337276e+04
 1431   1.741448337276e+04    1.753380881232e+04
 1432   1.753380881232e+04    1.765395187938e+04
 1433   1.765395187938e+04    1.777491817639e+04
 1434   1.777491817639e+04    1.789671334419e+04
 1435   1.789671334419e+04    1.801934306227e+04
 1436   1.801934306227e+04    1.814281304903e+04
 1437   1.814281304903e+04    1.826712906207e+04
 1438   1.826712906207e+04    1.839229689841e+04
 1439   1.839229689841e+04    1.851832239483e+04
 1440   1.851832239483e+04    1.864521142808e+04
 1441   1.864521142808e+04    1.877296991518e+04
 1442   1.877296991518e+04    1.890160381370e+04
 1443   1.890160381370e+04    1.903111912203e+04
 1444   1.903111912203e+04    1.916152187966e+04
 1445   1.916152187966e+04    1.929281816747e+04
 1446   1.929281816747e+04    1.942501410799e+04
 1447   1.942501410799e+04    1.955811586572e+04
 1448   1.955811586572e+04    1.969212964739e+04
 1449   1.969212964739e+04    1.982706170227e+04
 1450   1.982706170227e+04    1.996291832242e+04
 1451   1.996291832242e+04    2.009970584306e+04
 1452   2.009970584306e+04    2.023743064278e+04
 1453   2.023743064278e+04    2.037609914390e+04
 1454   2.037609914390e+04    2.051571781273e+04
 1455   2.051571781273e+04    2.065629315989e+04
 1456   2.065629315989e+04    2.079783174064e+04
 1457   2.079783174064e+04    2.094034015511e+04
 1458   2.094034015511e+04    2.108382504870e+04
 1459   2.108382504870e+04    2.122829311230e+04
 1460   2.122829311230e+04    2.137375108269e+04
 1461   2.137375108269e+04    2.152020574278e+04
 1462   2.152020574278e+04    2.166766392197e+04
 1463   2.166766392197e+04    2.181613249645e+04
 1464   2.181613249645e+04    2.196561838954e+04
 1465   2.196561838954e+04    2.211612857198e+04
 1466   2.211612857198e+04    2.226767006228e+04
 1467   2.226767006228e+04    2.242024992706e+04
 1468   2.242024992706e+04    2.257387528133e+04
 1469   2.257387528133e+04    2.272855328887e+04
 1470   2.272855328887e+04    2.288429116256e+04
 1471   2.288429116256e+04    2.304109616466e+04
 1472   2.304109616466e+04    2.319897560725e+04
 1473   2.319897560725e+04    2.335793685246e+04
 1474   2.335793685246e+04    2.351798731290e+04
 1475   2.351798731290e+04    2.367913445196e+04
 1476   2.367913445196e+04    2.384138578416e+04
 1477   2.384138578416e+04    2.400474887553e+04
 1478   2.400474887553e+04    2.416923134394e+04
 1479   2.416923134394e+04    2.433484085943e+04
 1480   2.433484085943e+04    2.450158514463e+04
 1481   2.450158514463e+04    2.466947197508e+04
 1482   2.466947197508e+04    2.483850917958e+04
 1483   2.483850917958e+04    2.500870464059e+04
 1484   2.500870464059e+04    2.518006629457e+04
 1485   2.518006629457e+04    2.535260213238e+04
 1486   2.535260213238e+04    2.552632019962e+04
 1487   2.552632019962e+04    2.570122859701e+04
 1488   2.570122859701e+04    2.587733548080e+04
 1489   2.587733548080e+04    2.605464906311e+04
 1490   2.605464906311e+04    2.623317761233e+04
 1491   2.623317761233e+04    2.641292945352e+04
 1492   2.641292945352e+04    2.659391296878e+04
 1493   2.659391296878e+04    2.677613659762e+04
 1494   2.677613659762e+04    2.695960883741e+04
 1495   2.695960883741e+04    2.714433824373e+04
 1496   2.714433824373e+04    2.733033343080e+04
 1497   2.733033343080e+04    2.751760307183e+04
 1498   2.751760307183e+04    2.770615589949e+04
 1499   2.770615589949e+04    2.789600070627e+04
 1500   2.789600070627e+04    2.808714634494e+04
 1501   2.808714634494e+04    2.827960172887e+04
 1502   2.827960172887e+04    2.847337583257e+04
 1503   2.847337583257e+04    2.866847769200e+04
 1504   2.866847769200e+04    2.886491640504e+04
 1505   2.886491640504e+04    2.906270113194e+04
 1506   2.906270113194e+04    2.926184109567e+04
 1507   2.926184109567e+04    2.946234558245e+04
 1508   2.946234558245e+04    2.966422394208e+04
 1509   2.966422394208e+04    2.986748558845e+04
 1510   2.986748558845e+04    3.007213999996e+04
 1511   3.007213999996e+04    3.027819671994e+04
 1512   3.027819671994e+04    3.048566535713e+04
 1513   3.048566535713e+04    3.069455558609e+04
 1514   3.069455558609e+04    3.090487714769e+04
 1515   3.090487714769e+04    3.111663984953e+04
 1516   3.111663984953e+04    3.132985356643e+04
 1517   3.132985356643e+04    3.154452824084e+04
 1518   3.154452824084e+04    3.176067388338e+04
 1519   3.176067388338e+04    3.197830057323e+04
 1520   3.197830057323e+04    3.219741845864e+04
 1521   3.219741845864e+04    3.241803775742e+04
 1522   3.241803775742e+04    3.264016875736e+04
 1523   3.264016875736e+04    3.286382181677e+04
 1524   3.286382181677e+04    3.308900736491e+04
 1525   3.308900736491e+04    3.331573590252e+04
 1526   3.331573590252e+04    3.354401800230e+04
 1527   3.354401800230e+04    3.377386430937e+04
 1528   3.377386430937e+04    3.400528554180e+04
 1529   3.400528554180e+04    3.423829249112e+04
 1530   3.423829249112e+04    3.447289602278e+04
 1531   3.447289602278e+04    3.470910707669e+04
 1532   3.470910707669e+04    3.494693666773e+04
 1533   3.494693666773e+04    3.518639588624e+04
 1534   3.518639588624e+04    3.542749589855e+04
 1535   3.542749589855e+04    3.567024794753e+04
 1536   3.567024794753e+04    3.591466335305e+04
 1537   3.591466335305e+04    3.616075351258e+04
 1538   3.616075351258e+04    3.640852990165e+04
 1539   3.640852990165e+04    3.665800407446e+04
 1540   3.665800407446e+04    3.690918766434e+04
 1541   3.690918766434e+04    3.716209238437e+04
 1542   3.716209238437e+04    3.741673002787e+04
 1543   3.741673002787e+04    3.767311246896e+04
 1544   3.767311246896e+04    3.793125166314e+04
 1545   3.793125166314e+04    3.819115964783e+04
 1546   3.819115964783e+04    3.845284854291e+04
 1547   3.845284854291e+04    3.871633055133e+04
 1548   3.871633055133e+04    3.898161795965e+04
 1549   3.898161795965e+04    3.924872313861e+04
 1550   3.924872313861e+04    3.951765854372e+04
 1551   3.951765854372e+04    3.978843671585e+04
 1552   3.978843671585e+04    4.006107028176e+04
 1553   4.006107028176e+04    4.033557195478e+04
 1554   4.033557195478e+04    4.061195453533e+04
 1555   4.061195453533e+04    4.089023091152e+04
 1556   4.089023091152e+04    4.117041405981e+04
 1557   4.117041405981e+04    4.145251704555e+04
 1558   4.145251704555e+04    4.173655302362e+04
 1559   4.173655302362e+04    4.202253523903e+04
 1560   4.202253523903e+04    4.231047702757e+04
 1561   4.231047702757e+04    4.260039181638e+04
 1562   4.260039181638e+04    4.289229312463e+04
 1563   4.289229312463e+04    4.318619456410e+04
 1564   4.318619456410e+04    4.348210983984e+04
 1565   4.348210983984e+04    4.378005275084e+04
 1566   4.378005275084e+04    4.408003719061e+04
 1567   4.408003719061e+04    4.438207714787e+04
 1568   4.438207714787e+04    4.468618670719e+04
 1569   4.468618670719e+04    4.499238004965e+04
 1570   4.499238004965e+04    4.530067145349e+04
 1571   4.530067145349e+04    4.561107529482e+04
 1572   4.561107529482e+04    4.592360604820e+04
 1573   4.592360604820e+04    4.623827828743e+04
 1574   4.623827828743e+04    4.655510668613e+04
 1575   4.655510668613e+04    4.687410601847e+04
 1576   4.687410601847e+04    4.719529115988e+04
 1577   4.719529115988e+04    4.751867708769e+04
 1578   4.751867708769e+04    4.784427888186e+04
 1579   4.784427888186e+04    4.817211172570e+04
 1580   4.817211172570e+04    4.850219090652e+04
 1581   4.850219090652e+04    4.883453181642e+04
 1582   4.883453181642e+04    4.916914995295e+04
 1583   4.916914995295e+04    4.950606091983e+04
 1584   4.950606091983e+04    4.984528042774e+04
 1585   4.984528042774e+04    5.018682429497e+04
 1586   5.018682429497e+04    5.053070844823e+04
 1587   5.053070844823e+04    5.087694892335e+04
 1588   5.087694892335e+04    5.122556186602e+04
 1589   5.122556186602e+04    5.157656353259e+04
 1590   5.157656353259e+04    5.192997029079e+04
 1591   5.192997029079e+04    5.228579862050e+04
 1592   5.228579862050e+04    5.264406511452e+04
 1593   5.264406511452e+04    5.300478647935e+04
 1594   5.300478647935e+04    5.336797953596e+04
 1595   5.336797953596e+04    5.373366122058e+04
 1596   5.373366122058e+04    5.410184858549e+04
 1597   5.410184858549e+04    5.447255879982e+04
 1598   5.447255879982e+04    5.484580915032e+04
 1599   5.484580915032e+04    5.522161704222e+04
 1600   5.522161704222e+04    5.560000000000e+04
160 
 1   0.000000000000e+00    9.817500000000e-03
 2   9.817500000000e-03    1.963500000000e-02
 3   1.963500000000e-02    2.945250000000e-02
 4   2.945250000000e-02    3.927000000000e-02
 5   3.927000000000e-02    4.908750000000e-02
 6   4.908750000000e-02    5.890500000000e-02
 7   5.890500000000e-02    6.872250000000e-02
 8   6.872250000000e-02    7.854000000000e-02
 9   7.854000000000e-02    8.835750000000e-02
 10   8.835750000000e-02    9.817500000000e-02
 11   9.817500000000e-02    1.079925000000e-01
 12   1.079925000000e-01    1.178100000000e-01
 13   1.178100000000e-01    1.276275000000e-01
 14   1.276275000000e-01    1.374450000000e-01
 15   1.374450000000e-01    1.472625000000e-01
 16   1.472625000000e-01    1.570800000000e-01
 17   1.570800000000e-01    1.668975000000e-01
 18   1.668975000000e-01    1.767150000000e-01
 19   1.767150000000e-01    1.865325000000e-01
 20   1.865325000000e-01    1.963500000000e-01
 21   1.963500000000e-01    2.061675000000e-01
 22   2.061675000000e-01    2.159850000000e-01
 23   2.159850000000e-01    2.258025000000e-01
 24   2.258025000000e-01    2.356200000000e-01
 25   2.356200000000e-01    2.454375000000e-01
 26   2.454375000000e-01    2.552550000000e-01
 27   2.552550000000e-01    2.650725000000e-01
 28   2.650725000000e-01    2.748900000000e-01
 29   2.748900000000e-01    2.847075000000e-01
 30   2.847075000000e-01    2.945250000000e-01
 31   2.945250000000e-01    3.043425000000e-01
 32   3.043425000000e-01    3.141600000000e-01
 33   3.141600000000e-01    3.239775000000e-01
 34   3.239775000000e-01    3.337950000000e-01
 35   3.337950000000e-01    3.436125000000e-01
 36   3.436125000000e-01    3.534300000000e-01
 37   3.534300000000e-01    3.632475000000e-01
 38   3.632475000000e-01    3.730650000000e-01
 39   3.730650000000e-01    3.828825000000e-01
 40   3.828825000000e-01    3.927000000000e-01
 41   3.927000000000e-01    4.025175000000e-01
 42   4.025175000000e-01    4.123350000000e-01
 43   4.123350000000e-01    4.221525000000e-01
 44   4.221525000000e-01    4.319700000000e-01
 45   4.319700000000e-01    4.417875000000e-01
 46   4.417875000000e-01    4.516050000000e-01
 47   4.516050000000e-01    4.614225000000e-01
 48   4.614225000000e-01    4.712400000000e-01
 49   4.712400000000e-01    4.810575000000e-01
 50   4.810575000000e-01    4.908750000000e-01
 51   4.908750000000e-01    5.006925000000e-01
 52   5.006925000000e-01    5.105100000000e-01
 53   5.105100000000e-01    5.203275000000e-01
 54   5.203275000000e-01    5.301450000000e-01
 55   5.301450000000e-01    5.399625000000e-01
 56   5.399625000000e-01    5.497800000000e-01
 57   5.497800000000e-01    5.595975000000e-01
 58   5.595975000000e-01    5.694150000000e-01
 59   5.694150000000e-01    5.792325000000e-01
 60   5.792325000000e-01    5.890500000000e-01
 61   5.890500000000e-01    5.988675000000e-01
 62   5.988675000000e-01    6.086850000000e-01
 63   6.086850000000e-01    6.185025000000e-01
 64   6.185025000000e-01    6.283200000000e-01
 65   6.283200000000e-01    6.381375000000e-01
 66   6.381375000000e-01    6.479550000000e-01
 67   6.479550000000e-01    6.577725000000e-01
 68   6.577725000000e-01    6.675900000000e-01
 69   6.675900000000e-01    6.774075000000e-01
 70   6.774075000000e-01    6.872250000000e-01
 71   6.872250000000e-01    6.970425000000e-01
 72   6.970425000000e-01    7.068600000000e-01
 73   7.068600000000e-01    7.166775000000e-01
 74   7.166775000000e-01    7.264950000000e-01
 75   7.264950000000e-01    7.363125000000e-01
 76   7.363125000000e-01    7.461300000000e-01
 77   7.461300000000e-01    7.559475000000e-01
 78   7.559475000000e-01    7.657650000000e-01
 79   7.657650000000e-01    7.755825000000e-01
 80   7.755825000000e-01    7.854000000000e-01
 81   7.854000000000e-01    7.952175000000e-01
 82   7.952175000000e-01    8.050350000000e-01
 83   8.050350000000e-01    8.148525000000e-01
 84   8.148525000000e-01    8.246700000000e-01
 85   8.246700000000e-01    8.344875000000e-01
 86   8.344875000000e-01    8.443050000000e-01
 87   8.443050000000e-01    8.541225000000e-01
 88   8.541225000000e-01    8.639400000000e-01
 89   8.639400000000e-01    8.737575000000e-01
 90   8.737575000000e-01    8.835750000000e-01
 91   8.835750000000e-01    8.933925000000e-01
 92   8.933925000000e-01    9.032100000000e-01
 93   9.032100000000e-01    9.130275000000e-01
 94   9.130275000000e-01    9.228450000000e-01
 95   9.228450000000e-01    9.326625000000e-01
 96   9.326625000000e-01    9.424800000000e-01
 97   9.424800000000e-01    9.522975000000e-01
 98   9.522975000000e-01    9.621150000000e-01
 99   9.621150000000e-01    9.719325000000e-01
 100   9.719325000000e-01    9.817500000000e-01
 101   9.817500000000e-01    9.915675000000e-01
 102   9.915675000000e-01    1.001385000000e+00
 103   1.001385000000e+00    1.011202500000e+00
 104   1.011202500000e+00    1.021020000000e+00
 105   1.021020000000e+00    1.030837500000e+00
 106   1.030837500000e+00    1.040655000000e+00
 107   1.040655000000e+00    1.050472500000e+00
 108   1.050472500000e+00    1.060290000000e+00
 109   1.060290000000e+00    1.070107500000e+00
 110   1.070107500000e+00    1.079925000000e+00
 111   1.079925000000e+00    1.089742500000e+00
 112   1.089742500000e+00    1.099560000000e+00
 113   1.099560000000e+00    1.109377500000e+00
 114   1.109377500000e+00    1.119195000000e+00
 115   1.119195000000e+00    1.129012500000e+00
 116   1.129012500000e+00    1.138830000000e+00
 117   1.138830000000e+00    1.148647500000e+00
 118   1.148647500000e+00    1.158465000000e+00
 119   1.158465000000e+00    1.168282500000e+00
 120   1.168282500000e+00    1.178100000000e+00
 121   1.178100000000e+00    1.187917500000e+00
 122   1.187917500000e+00    1.197735000000e+00
 123   1.197735000000e+00    1.207552500000e+00
 124   1.207552500000e+00    1.217370000000e+00
 125   1.217370000000e+00    1.227187500000e+00
 126   1.227187500000e+00    1.237005000000e+00
 127   1.237005000000e+00    1.246822500000e+00
 128   1.246822500000e+00    1.256640000000e+00
 129   1.256640000000e+00    1.266457500000e+00
 130   1.266457500000e+00    1.276275000000e+00
 131   1.276275000000e+00    1.286092500000e+00
 132   1.286092500000e+00    1.295910000000e+00
 133   1.295910000000e+00    1.305727500000e+00
 134   1.305727500000e+00    1.315545000000e+00
 135   1.315545000000e+00    1.325362500000e+00
 136   1.325362500000e+00    1.335180000000e+00
 137   1.335180000000e+00    1.344997500000e+00
 138   1.344997500000e+00    1.354815000000e+00
 139   1.354815000000e+00    1.364632500000e+00
 140   1.364632500000e+00    1.374450000000e+00
 141   1.374450000000e+00    1.384267500000e+00
 142   1.384267500000e+00    1.394085000000e+00
 143   1.394085000000e+00    1.403902500000e+00
 144   1.403902500000e+00    1.413720000000e+00
 145   1.413720000000e+00    1.423537500000e+00
 146   1.423537500000e+00    1.433355000000e+00
 147   1.433355000000e+00    1.443172500000e+00
 148   1.443172500000e+00    1.452990000000e+00
 149   1.452990000000e+00    1.462807500000e+00
 150   1.462807500000e+00    1.472625000000e+00
 151   1.472625000000e+00    1.482442500000e+00
 152   1.482442500000e+00    1.492260000000e+00
 153   1.492260000000e+00    1.502077500000e+00
 154   1.502077500000e+00    1.511895000000e+00
 155   1.511895000000e+00    1.521712500000e+00
 156   1.521712500000e+00    1.531530000000e+00
 157   1.531530000000e+00    1.541347500000e+00
 158   1.541347500000e+00    1.551165000000e+00
 159   1.551165000000e+00    1.560982500000e+00
 160   1.560982500000e+00    1.570800000000e+00
1 
 1   0.000000000000e+00    1.000000000000e+00
